running egg_info
writing ../build/turtle_controller/turtle_controller.egg-info/PKG-INFO
writing dependency_links to ../build/turtle_controller/turtle_controller.egg-info/dependency_links.txt
writing entry points to ../build/turtle_controller/turtle_controller.egg-info/entry_points.txt
writing requirements to ../build/turtle_controller/turtle_controller.egg-info/requires.txt
writing top-level names to ../build/turtle_controller/turtle_controller.egg-info/top_level.txt
reading manifest file '../build/turtle_controller/turtle_controller.egg-info/SOURCES.txt'
writing manifest file '../build/turtle_controller/turtle_controller.egg-info/SOURCES.txt'
running build
running build_py
copying turtle_controller/lap_action_srv.py -> /home/rony/Documents/inmind/Session07/Rony-TurtleBot-Session7/ros2_ws/src/build/turtle_controller/build/lib/turtle_controller
running install
running install_lib
copying /home/rony/Documents/inmind/Session07/Rony-TurtleBot-Session7/ros2_ws/src/build/turtle_controller/build/lib/turtle_controller/lap_action_srv.py -> /home/rony/Documents/inmind/Session07/Rony-TurtleBot-Session7/ros2_ws/src/install/turtle_controller/lib/python3.10/site-packages/turtle_controller
byte-compiling /home/rony/Documents/inmind/Session07/Rony-TurtleBot-Session7/ros2_ws/src/install/turtle_controller/lib/python3.10/site-packages/turtle_controller/lap_action_srv.py to lap_action_srv.cpython-310.pyc
running install_data
running install_egg_info
removing '/home/rony/Documents/inmind/Session07/Rony-TurtleBot-Session7/ros2_ws/src/install/turtle_controller/lib/python3.10/site-packages/turtle_controller-0.0.0-py3.10.egg-info' (and everything under it)
Copying ../build/turtle_controller/turtle_controller.egg-info to /home/rony/Documents/inmind/Session07/Rony-TurtleBot-Session7/ros2_ws/src/install/turtle_controller/lib/python3.10/site-packages/turtle_controller-0.0.0-py3.10.egg-info
running install_scripts
Installing driver_node script to /home/rony/Documents/inmind/Session07/Rony-TurtleBot-Session7/ros2_ws/src/install/turtle_controller/lib/turtle_controller
Installing lap_action_srv script to /home/rony/Documents/inmind/Session07/Rony-TurtleBot-Session7/ros2_ws/src/install/turtle_controller/lib/turtle_controller
Installing tester_node script to /home/rony/Documents/inmind/Session07/Rony-TurtleBot-Session7/ros2_ws/src/install/turtle_controller/lib/turtle_controller
Installing wall_finder_server script to /home/rony/Documents/inmind/Session07/Rony-TurtleBot-Session7/ros2_ws/src/install/turtle_controller/lib/turtle_controller
writing list of installed files to '/home/rony/Documents/inmind/Session07/Rony-TurtleBot-Session7/ros2_ws/src/build/turtle_controller/install.log'
