[0.011s] Invoking command in '/home/rony/Documents/inmind/Session07/Rony-TurtleBot-Session7/ros2_ws/src/build/turtle_controller_interfaces': CMAKE_PREFIX_PATH=${CMAKE_PREFIX_PATH}:/home/rony/Documents/inmind/Session07/Rony-TurtleBot-Session7/ros2_ws/src/install/turtle_controller:/opt/ros/humble /usr/bin/cmake --build /home/rony/Documents/inmind/Session07/Rony-TurtleBot-Session7/ros2_ws/src/build/turtle_controller_interfaces -- -j8 -l8
[0.054s] -- Found ament_cmake: 1.3.9 (/opt/ros/humble/share/ament_cmake/cmake)
[0.202s] -- Found rclpy: 3.3.13 (/opt/ros/humble/share/rclpy/cmake)
[0.202s] -- Found std_msgs: 4.2.4 (/opt/ros/humble/share/std_msgs/cmake)
[0.241s] -- Found rosidl_generator_c: 3.1.5 (/opt/ros/humble/share/rosidl_generator_c/cmake)
[0.245s] -- Found rosidl_adapter: 3.1.5 (/opt/ros/humble/share/rosidl_adapter/cmake)
[0.257s] -- Found rosidl_generator_cpp: 3.1.5 (/opt/ros/humble/share/rosidl_generator_cpp/cmake)
[0.272s] -- Using all available rosidl_typesupport_c: rosidl_typesupport_fastrtps_c;rosidl_typesupport_introspection_c
[0.294s] -- Using all available rosidl_typesupport_cpp: rosidl_typesupport_fastrtps_cpp;rosidl_typesupport_introspection_cpp
[0.352s] -- Found rosidl_default_generators: 1.2.0 (/opt/ros/humble/share/rosidl_default_generators/cmake)
[0.685s] -- Found ament_cmake_ros: 0.10.0 (/opt/ros/humble/share/ament_cmake_ros/cmake)
[1.020s] -- Using all available rosidl_typesupport_c: rosidl_typesupport_fastrtps_c;rosidl_typesupport_introspection_c
[1.144s] -- Using all available rosidl_typesupport_cpp: rosidl_typesupport_fastrtps_cpp;rosidl_typesupport_introspection_cpp
[1.167s] -- Found python_cmake_module: 0.10.0 (/opt/ros/humble/share/python_cmake_module/cmake)
[1.189s] -- Using PYTHON_EXECUTABLE: /usr/bin/python3
[1.189s] -- Using PYTHON_INCLUDE_DIRS: /usr/include/python3.10
[1.189s] -- Using PYTHON_LIBRARIES: /usr/lib/x86_64-linux-gnu/libpython3.10.so
[1.237s] -- Configuring done
[1.281s] -- Generating done
[1.284s] -- Build files have been written to: /home/rony/Documents/inmind/Session07/Rony-TurtleBot-Session7/ros2_ws/src/build/turtle_controller_interfaces
[1.308s] [  2%] [34m[1mGenerating C code for ROS interfaces[0m
[1.318s] [  5%] [34m[1mGenerating C++ code for ROS interfaces[0m
[1.326s] [  5%] Built target ament_cmake_python_copy_turtle_controller_interfaces
[1.497s] running egg_info
[1.510s] writing turtle_controller_interfaces.egg-info/PKG-INFO
[1.510s] writing dependency_links to turtle_controller_interfaces.egg-info/dependency_links.txt
[1.511s] writing top-level names to turtle_controller_interfaces.egg-info/top_level.txt
[1.546s] reading manifest file 'turtle_controller_interfaces.egg-info/SOURCES.txt'
[1.546s] writing manifest file 'turtle_controller_interfaces.egg-info/SOURCES.txt'
[1.576s] [  5%] Built target ament_cmake_python_build_turtle_controller_interfaces_egg
[1.777s] [  5%] Built target turtle_controller_interfaces__cpp
[1.788s] [  7%] [34m[1mGenerating C++ type support dispatch for ROS interfaces[0m
[1.789s] [ 10%] [34m[1mGenerating C++ introspection for ROS interfaces[0m
[1.789s] [ 12%] [34m[1mGenerating C++ type support for eProsima Fast-RTPS[0m
[1.859s] [35m[1mConsolidate compiler generated dependencies of target turtle_controller_interfaces__rosidl_generator_c[0m
[1.879s] [ 15%] [32mBuilding C object CMakeFiles/turtle_controller_interfaces__rosidl_generator_c.dir/rosidl_generator_c/turtle_controller_interfaces/action/detail/measure_lap_time__functions.c.o[0m
[1.893s] [ 17%] [32mBuilding C object CMakeFiles/turtle_controller_interfaces__rosidl_generator_c.dir/rosidl_generator_c/turtle_controller_interfaces/srv/detail/find_closest_wall__functions.c.o[0m
[2.081s] [ 20%] [32m[1mLinking C shared library libturtle_controller_interfaces__rosidl_generator_c.so[0m
[2.147s] [ 20%] Built target turtle_controller_interfaces__rosidl_generator_c
[2.159s] [ 23%] [34m[1mGenerating C type support for eProsima Fast-RTPS[0m
[2.159s] [ 25%] [34m[1mGenerating C introspection for ROS interfaces[0m
[2.162s] [ 28%] [34m[1mGenerating C type support dispatch for ROS interfaces[0m
[2.307s] [35m[1mConsolidate compiler generated dependencies of target turtle_controller_interfaces__rosidl_typesupport_cpp[0m
[2.338s] [ 30%] [32mBuilding CXX object CMakeFiles/turtle_controller_interfaces__rosidl_typesupport_cpp.dir/rosidl_typesupport_cpp/turtle_controller_interfaces/srv/find_closest_wall__type_support.cpp.o[0m
[2.346s] [ 33%] [32mBuilding CXX object CMakeFiles/turtle_controller_interfaces__rosidl_typesupport_cpp.dir/rosidl_typesupport_cpp/turtle_controller_interfaces/action/measure_lap_time__type_support.cpp.o[0m
[2.349s] [35m[1mConsolidate compiler generated dependencies of target turtle_controller_interfaces__rosidl_typesupport_introspection_cpp[0m
[2.373s] [ 35%] [32mBuilding CXX object CMakeFiles/turtle_controller_interfaces__rosidl_typesupport_introspection_cpp.dir/rosidl_typesupport_introspection_cpp/turtle_controller_interfaces/action/detail/measure_lap_time__type_support.cpp.o[0m
[2.392s] [ 38%] [32mBuilding CXX object CMakeFiles/turtle_controller_interfaces__rosidl_typesupport_introspection_cpp.dir/rosidl_typesupport_introspection_cpp/turtle_controller_interfaces/srv/detail/find_closest_wall__type_support.cpp.o[0m
[2.505s] [35m[1mConsolidate compiler generated dependencies of target turtle_controller_interfaces__rosidl_typesupport_fastrtps_cpp[0m
[2.534s] [ 41%] [32mBuilding CXX object CMakeFiles/turtle_controller_interfaces__rosidl_typesupport_fastrtps_cpp.dir/rosidl_typesupport_fastrtps_cpp/turtle_controller_interfaces/action/detail/dds_fastrtps/measure_lap_time__type_support.cpp.o[0m
[2.716s] [35m[1mConsolidate compiler generated dependencies of target turtle_controller_interfaces__rosidl_typesupport_c[0m
[2.791s] [ 43%] [32mBuilding CXX object CMakeFiles/turtle_controller_interfaces__rosidl_typesupport_c.dir/rosidl_typesupport_c/turtle_controller_interfaces/action/measure_lap_time__type_support.cpp.o[0m
[2.892s] [35m[1mConsolidate compiler generated dependencies of target turtle_controller_interfaces__rosidl_typesupport_introspection_c[0m
[2.915s] [ 46%] [32mBuilding CXX object CMakeFiles/turtle_controller_interfaces__rosidl_typesupport_fastrtps_cpp.dir/rosidl_typesupport_fastrtps_cpp/turtle_controller_interfaces/srv/detail/dds_fastrtps/find_closest_wall__type_support.cpp.o[0m
[2.927s] [ 48%] [32mBuilding C object CMakeFiles/turtle_controller_interfaces__rosidl_typesupport_introspection_c.dir/rosidl_typesupport_introspection_c/turtle_controller_interfaces/action/detail/measure_lap_time__type_support.c.o[0m
[2.950s] [ 51%] [32mBuilding CXX object CMakeFiles/turtle_controller_interfaces__rosidl_typesupport_c.dir/rosidl_typesupport_c/turtle_controller_interfaces/srv/find_closest_wall__type_support.cpp.o[0m
[2.989s] [35m[1mConsolidate compiler generated dependencies of target turtle_controller_interfaces__rosidl_typesupport_fastrtps_c[0m
[3.021s] [ 53%] [32mBuilding CXX object CMakeFiles/turtle_controller_interfaces__rosidl_typesupport_fastrtps_c.dir/rosidl_typesupport_fastrtps_c/turtle_controller_interfaces/action/detail/measure_lap_time__type_support_c.cpp.o[0m
[3.036s] [ 56%] [32m[1mLinking CXX shared library libturtle_controller_interfaces__rosidl_typesupport_c.so[0m
[3.081s] [ 58%] [32mBuilding CXX object CMakeFiles/turtle_controller_interfaces__rosidl_typesupport_fastrtps_c.dir/rosidl_typesupport_fastrtps_c/turtle_controller_interfaces/srv/detail/find_closest_wall__type_support_c.cpp.o[0m
[3.106s] [ 61%] [32mBuilding C object CMakeFiles/turtle_controller_interfaces__rosidl_typesupport_introspection_c.dir/rosidl_typesupport_introspection_c/turtle_controller_interfaces/srv/detail/find_closest_wall__type_support.c.o[0m
[3.132s] [ 61%] Built target turtle_controller_interfaces__rosidl_typesupport_c
[3.237s] [ 64%] [32m[1mLinking C shared library libturtle_controller_interfaces__rosidl_typesupport_introspection_c.so[0m
[3.238s] [ 66%] [32m[1mLinking CXX shared library libturtle_controller_interfaces__rosidl_typesupport_cpp.so[0m
[3.333s] [ 66%] Built target turtle_controller_interfaces__rosidl_typesupport_introspection_c
[3.346s] [ 66%] Built target turtle_controller_interfaces__rosidl_typesupport_cpp
[3.465s] [ 69%] [32m[1mLinking CXX shared library libturtle_controller_interfaces__rosidl_typesupport_introspection_cpp.so[0m
[3.589s] [ 71%] [32m[1mLinking CXX shared library libturtle_controller_interfaces__rosidl_typesupport_fastrtps_cpp.so[0m
[3.602s] [ 74%] [32m[1mLinking CXX shared library libturtle_controller_interfaces__rosidl_typesupport_fastrtps_c.so[0m
[3.605s] [ 74%] Built target turtle_controller_interfaces__rosidl_typesupport_introspection_cpp
[3.690s] [ 74%] Built target turtle_controller_interfaces__rosidl_typesupport_fastrtps_cpp
[3.713s] [ 74%] Built target turtle_controller_interfaces__rosidl_typesupport_fastrtps_c
[3.734s] [ 74%] Built target turtle_controller_interfaces
[3.756s] [ 76%] [34m[1mGenerating Python code for ROS interfaces[0m
[4.500s] [ 76%] Built target turtle_controller_interfaces__py
[4.511s] [35m[1mConsolidate compiler generated dependencies of target turtle_controller_interfaces__rosidl_generator_py[0m
[4.527s] [ 79%] [32mBuilding C object CMakeFiles/turtle_controller_interfaces__rosidl_generator_py.dir/rosidl_generator_py/turtle_controller_interfaces/srv/_find_closest_wall_s.c.o[0m
[4.529s] [ 82%] [32mBuilding C object CMakeFiles/turtle_controller_interfaces__rosidl_generator_py.dir/rosidl_generator_py/turtle_controller_interfaces/action/_measure_lap_time_s.c.o[0m
[4.722s] [ 84%] [32m[1mLinking C shared library rosidl_generator_py/turtle_controller_interfaces/libturtle_controller_interfaces__rosidl_generator_py.so[0m
[4.760s] [ 84%] Built target turtle_controller_interfaces__rosidl_generator_py
[4.772s] [35m[1mConsolidate compiler generated dependencies of target turtle_controller_interfaces__rosidl_typesupport_introspection_c__pyext[0m
[4.772s] [35m[1mConsolidate compiler generated dependencies of target turtle_controller_interfaces__rosidl_typesupport_fastrtps_c__pyext[0m
[4.773s] [35m[1mConsolidate compiler generated dependencies of target turtle_controller_interfaces__rosidl_typesupport_c__pyext[0m
[4.788s] [ 87%] [32mBuilding C object CMakeFiles/turtle_controller_interfaces__rosidl_typesupport_introspection_c__pyext.dir/rosidl_generator_py/turtle_controller_interfaces/_turtle_controller_interfaces_s.ep.rosidl_typesupport_introspection_c.c.o[0m
[4.788s] [ 89%] [32mBuilding C object CMakeFiles/turtle_controller_interfaces__rosidl_typesupport_fastrtps_c__pyext.dir/rosidl_generator_py/turtle_controller_interfaces/_turtle_controller_interfaces_s.ep.rosidl_typesupport_fastrtps_c.c.o[0m
[4.788s] [ 92%] [32mBuilding C object CMakeFiles/turtle_controller_interfaces__rosidl_typesupport_c__pyext.dir/rosidl_generator_py/turtle_controller_interfaces/_turtle_controller_interfaces_s.ep.rosidl_typesupport_c.c.o[0m
[4.920s] [ 94%] [32m[1mLinking C shared library rosidl_generator_py/turtle_controller_interfaces/turtle_controller_interfaces_s__rosidl_typesupport_c.cpython-310-x86_64-linux-gnu.so[0m
[4.961s] [ 94%] Built target turtle_controller_interfaces__rosidl_typesupport_c__pyext
[4.962s] [ 97%] [32m[1mLinking C shared library rosidl_generator_py/turtle_controller_interfaces/turtle_controller_interfaces_s__rosidl_typesupport_fastrtps_c.cpython-310-x86_64-linux-gnu.so[0m
[4.972s] [100%] [32m[1mLinking C shared library rosidl_generator_py/turtle_controller_interfaces/turtle_controller_interfaces_s__rosidl_typesupport_introspection_c.cpython-310-x86_64-linux-gnu.so[0m
[4.997s] [100%] Built target turtle_controller_interfaces__rosidl_typesupport_fastrtps_c__pyext
[5.012s] [100%] Built target turtle_controller_interfaces__rosidl_typesupport_introspection_c__pyext
[5.024s] Invoked command in '/home/rony/Documents/inmind/Session07/Rony-TurtleBot-Session7/ros2_ws/src/build/turtle_controller_interfaces' returned '0': CMAKE_PREFIX_PATH=${CMAKE_PREFIX_PATH}:/home/rony/Documents/inmind/Session07/Rony-TurtleBot-Session7/ros2_ws/src/install/turtle_controller:/opt/ros/humble /usr/bin/cmake --build /home/rony/Documents/inmind/Session07/Rony-TurtleBot-Session7/ros2_ws/src/build/turtle_controller_interfaces -- -j8 -l8
[5.102s] Invoking command in '/home/rony/Documents/inmind/Session07/Rony-TurtleBot-Session7/ros2_ws/src/build/turtle_controller_interfaces': CMAKE_PREFIX_PATH=${CMAKE_PREFIX_PATH}:/home/rony/Documents/inmind/Session07/Rony-TurtleBot-Session7/ros2_ws/src/install/turtle_controller:/opt/ros/humble /usr/bin/cmake --install /home/rony/Documents/inmind/Session07/Rony-TurtleBot-Session7/ros2_ws/src/build/turtle_controller_interfaces
[5.109s] -- Install configuration: ""
[5.109s] -- Up-to-date: /home/rony/Documents/inmind/Session07/Rony-TurtleBot-Session7/ros2_ws/src/install/turtle_controller_interfaces/share/ament_index/resource_index/rosidl_interfaces/turtle_controller_interfaces
[5.109s] -- Up-to-date: /home/rony/Documents/inmind/Session07/Rony-TurtleBot-Session7/ros2_ws/src/install/turtle_controller_interfaces/include/turtle_controller_interfaces/turtle_controller_interfaces
[5.109s] -- Up-to-date: /home/rony/Documents/inmind/Session07/Rony-TurtleBot-Session7/ros2_ws/src/install/turtle_controller_interfaces/include/turtle_controller_interfaces/turtle_controller_interfaces/msg
[5.109s] -- Up-to-date: /home/rony/Documents/inmind/Session07/Rony-TurtleBot-Session7/ros2_ws/src/install/turtle_controller_interfaces/include/turtle_controller_interfaces/turtle_controller_interfaces/msg/rosidl_generator_c__visibility_control.h
[5.109s] -- Up-to-date: /home/rony/Documents/inmind/Session07/Rony-TurtleBot-Session7/ros2_ws/src/install/turtle_controller_interfaces/include/turtle_controller_interfaces/turtle_controller_interfaces/action
[5.109s] -- Installing: /home/rony/Documents/inmind/Session07/Rony-TurtleBot-Session7/ros2_ws/src/install/turtle_controller_interfaces/include/turtle_controller_interfaces/turtle_controller_interfaces/action/measure_lap_time.h
[5.109s] -- Up-to-date: /home/rony/Documents/inmind/Session07/Rony-TurtleBot-Session7/ros2_ws/src/install/turtle_controller_interfaces/include/turtle_controller_interfaces/turtle_controller_interfaces/action/detail
[5.109s] -- Installing: /home/rony/Documents/inmind/Session07/Rony-TurtleBot-Session7/ros2_ws/src/install/turtle_controller_interfaces/include/turtle_controller_interfaces/turtle_controller_interfaces/action/detail/measure_lap_time__functions.c
[5.109s] -- Installing: /home/rony/Documents/inmind/Session07/Rony-TurtleBot-Session7/ros2_ws/src/install/turtle_controller_interfaces/include/turtle_controller_interfaces/turtle_controller_interfaces/action/detail/measure_lap_time__functions.h
[5.110s] -- Installing: /home/rony/Documents/inmind/Session07/Rony-TurtleBot-Session7/ros2_ws/src/install/turtle_controller_interfaces/include/turtle_controller_interfaces/turtle_controller_interfaces/action/detail/measure_lap_time__type_support.h
[5.110s] -- Installing: /home/rony/Documents/inmind/Session07/Rony-TurtleBot-Session7/ros2_ws/src/install/turtle_controller_interfaces/include/turtle_controller_interfaces/turtle_controller_interfaces/action/detail/measure_lap_time__struct.h
[5.110s] -- Up-to-date: /home/rony/Documents/inmind/Session07/Rony-TurtleBot-Session7/ros2_ws/src/install/turtle_controller_interfaces/include/turtle_controller_interfaces/turtle_controller_interfaces/srv
[5.110s] -- Up-to-date: /home/rony/Documents/inmind/Session07/Rony-TurtleBot-Session7/ros2_ws/src/install/turtle_controller_interfaces/include/turtle_controller_interfaces/turtle_controller_interfaces/srv/detail
[5.110s] -- Installing: /home/rony/Documents/inmind/Session07/Rony-TurtleBot-Session7/ros2_ws/src/install/turtle_controller_interfaces/include/turtle_controller_interfaces/turtle_controller_interfaces/srv/detail/find_closest_wall__type_support.h
[5.110s] -- Installing: /home/rony/Documents/inmind/Session07/Rony-TurtleBot-Session7/ros2_ws/src/install/turtle_controller_interfaces/include/turtle_controller_interfaces/turtle_controller_interfaces/srv/detail/find_closest_wall__struct.h
[5.110s] -- Installing: /home/rony/Documents/inmind/Session07/Rony-TurtleBot-Session7/ros2_ws/src/install/turtle_controller_interfaces/include/turtle_controller_interfaces/turtle_controller_interfaces/srv/detail/find_closest_wall__functions.c
[5.110s] -- Installing: /home/rony/Documents/inmind/Session07/Rony-TurtleBot-Session7/ros2_ws/src/install/turtle_controller_interfaces/include/turtle_controller_interfaces/turtle_controller_interfaces/srv/detail/find_closest_wall__functions.h
[5.110s] -- Installing: /home/rony/Documents/inmind/Session07/Rony-TurtleBot-Session7/ros2_ws/src/install/turtle_controller_interfaces/include/turtle_controller_interfaces/turtle_controller_interfaces/srv/find_closest_wall.h
[5.110s] -- Up-to-date: /home/rony/Documents/inmind/Session07/Rony-TurtleBot-Session7/ros2_ws/src/install/turtle_controller_interfaces/share/turtle_controller_interfaces/environment/library_path.sh
[5.111s] -- Installing: /home/rony/Documents/inmind/Session07/Rony-TurtleBot-Session7/ros2_ws/src/install/turtle_controller_interfaces/share/turtle_controller_interfaces/environment/library_path.dsv
[5.111s] -- Installing: /home/rony/Documents/inmind/Session07/Rony-TurtleBot-Session7/ros2_ws/src/install/turtle_controller_interfaces/lib/libturtle_controller_interfaces__rosidl_generator_c.so
[5.111s] -- Set runtime path of "/home/rony/Documents/inmind/Session07/Rony-TurtleBot-Session7/ros2_ws/src/install/turtle_controller_interfaces/lib/libturtle_controller_interfaces__rosidl_generator_c.so" to ""
[5.111s] -- Up-to-date: /home/rony/Documents/inmind/Session07/Rony-TurtleBot-Session7/ros2_ws/src/install/turtle_controller_interfaces/include/turtle_controller_interfaces/turtle_controller_interfaces
[5.112s] -- Up-to-date: /home/rony/Documents/inmind/Session07/Rony-TurtleBot-Session7/ros2_ws/src/install/turtle_controller_interfaces/include/turtle_controller_interfaces/turtle_controller_interfaces/msg
[5.112s] -- Up-to-date: /home/rony/Documents/inmind/Session07/Rony-TurtleBot-Session7/ros2_ws/src/install/turtle_controller_interfaces/include/turtle_controller_interfaces/turtle_controller_interfaces/msg/rosidl_typesupport_fastrtps_c__visibility_control.h
[5.112s] -- Up-to-date: /home/rony/Documents/inmind/Session07/Rony-TurtleBot-Session7/ros2_ws/src/install/turtle_controller_interfaces/include/turtle_controller_interfaces/turtle_controller_interfaces/action
[5.112s] -- Up-to-date: /home/rony/Documents/inmind/Session07/Rony-TurtleBot-Session7/ros2_ws/src/install/turtle_controller_interfaces/include/turtle_controller_interfaces/turtle_controller_interfaces/action/detail
[5.112s] -- Installing: /home/rony/Documents/inmind/Session07/Rony-TurtleBot-Session7/ros2_ws/src/install/turtle_controller_interfaces/include/turtle_controller_interfaces/turtle_controller_interfaces/action/detail/measure_lap_time__rosidl_typesupport_fastrtps_c.h
[5.112s] -- Up-to-date: /home/rony/Documents/inmind/Session07/Rony-TurtleBot-Session7/ros2_ws/src/install/turtle_controller_interfaces/include/turtle_controller_interfaces/turtle_controller_interfaces/srv
[5.112s] -- Up-to-date: /home/rony/Documents/inmind/Session07/Rony-TurtleBot-Session7/ros2_ws/src/install/turtle_controller_interfaces/include/turtle_controller_interfaces/turtle_controller_interfaces/srv/detail
[5.112s] -- Installing: /home/rony/Documents/inmind/Session07/Rony-TurtleBot-Session7/ros2_ws/src/install/turtle_controller_interfaces/include/turtle_controller_interfaces/turtle_controller_interfaces/srv/detail/find_closest_wall__rosidl_typesupport_fastrtps_c.h
[5.112s] -- Installing: /home/rony/Documents/inmind/Session07/Rony-TurtleBot-Session7/ros2_ws/src/install/turtle_controller_interfaces/lib/libturtle_controller_interfaces__rosidl_typesupport_fastrtps_c.so
[5.112s] -- Set runtime path of "/home/rony/Documents/inmind/Session07/Rony-TurtleBot-Session7/ros2_ws/src/install/turtle_controller_interfaces/lib/libturtle_controller_interfaces__rosidl_typesupport_fastrtps_c.so" to ""
[5.113s] -- Up-to-date: /home/rony/Documents/inmind/Session07/Rony-TurtleBot-Session7/ros2_ws/src/install/turtle_controller_interfaces/include/turtle_controller_interfaces/turtle_controller_interfaces
[5.113s] -- Up-to-date: /home/rony/Documents/inmind/Session07/Rony-TurtleBot-Session7/ros2_ws/src/install/turtle_controller_interfaces/include/turtle_controller_interfaces/turtle_controller_interfaces/action
[5.113s] -- Up-to-date: /home/rony/Documents/inmind/Session07/Rony-TurtleBot-Session7/ros2_ws/src/install/turtle_controller_interfaces/include/turtle_controller_interfaces/turtle_controller_interfaces/action/detail
[5.113s] -- Installing: /home/rony/Documents/inmind/Session07/Rony-TurtleBot-Session7/ros2_ws/src/install/turtle_controller_interfaces/include/turtle_controller_interfaces/turtle_controller_interfaces/action/detail/measure_lap_time__traits.hpp
[5.113s] -- Installing: /home/rony/Documents/inmind/Session07/Rony-TurtleBot-Session7/ros2_ws/src/install/turtle_controller_interfaces/include/turtle_controller_interfaces/turtle_controller_interfaces/action/detail/measure_lap_time__builder.hpp
[5.113s] -- Installing: /home/rony/Documents/inmind/Session07/Rony-TurtleBot-Session7/ros2_ws/src/install/turtle_controller_interfaces/include/turtle_controller_interfaces/turtle_controller_interfaces/action/detail/measure_lap_time__struct.hpp
[5.113s] -- Installing: /home/rony/Documents/inmind/Session07/Rony-TurtleBot-Session7/ros2_ws/src/install/turtle_controller_interfaces/include/turtle_controller_interfaces/turtle_controller_interfaces/action/measure_lap_time.hpp
[5.113s] -- Up-to-date: /home/rony/Documents/inmind/Session07/Rony-TurtleBot-Session7/ros2_ws/src/install/turtle_controller_interfaces/include/turtle_controller_interfaces/turtle_controller_interfaces/srv
[5.113s] -- Up-to-date: /home/rony/Documents/inmind/Session07/Rony-TurtleBot-Session7/ros2_ws/src/install/turtle_controller_interfaces/include/turtle_controller_interfaces/turtle_controller_interfaces/srv/detail
[5.113s] -- Installing: /home/rony/Documents/inmind/Session07/Rony-TurtleBot-Session7/ros2_ws/src/install/turtle_controller_interfaces/include/turtle_controller_interfaces/turtle_controller_interfaces/srv/detail/find_closest_wall__builder.hpp
[5.113s] -- Installing: /home/rony/Documents/inmind/Session07/Rony-TurtleBot-Session7/ros2_ws/src/install/turtle_controller_interfaces/include/turtle_controller_interfaces/turtle_controller_interfaces/srv/detail/find_closest_wall__struct.hpp
[5.113s] -- Installing: /home/rony/Documents/inmind/Session07/Rony-TurtleBot-Session7/ros2_ws/src/install/turtle_controller_interfaces/include/turtle_controller_interfaces/turtle_controller_interfaces/srv/detail/find_closest_wall__traits.hpp
[5.114s] -- Installing: /home/rony/Documents/inmind/Session07/Rony-TurtleBot-Session7/ros2_ws/src/install/turtle_controller_interfaces/include/turtle_controller_interfaces/turtle_controller_interfaces/srv/find_closest_wall.hpp
[5.114s] -- Up-to-date: /home/rony/Documents/inmind/Session07/Rony-TurtleBot-Session7/ros2_ws/src/install/turtle_controller_interfaces/include/turtle_controller_interfaces/turtle_controller_interfaces
[5.114s] -- Up-to-date: /home/rony/Documents/inmind/Session07/Rony-TurtleBot-Session7/ros2_ws/src/install/turtle_controller_interfaces/include/turtle_controller_interfaces/turtle_controller_interfaces/msg
[5.114s] -- Up-to-date: /home/rony/Documents/inmind/Session07/Rony-TurtleBot-Session7/ros2_ws/src/install/turtle_controller_interfaces/include/turtle_controller_interfaces/turtle_controller_interfaces/msg/rosidl_typesupport_fastrtps_cpp__visibility_control.h
[5.114s] -- Up-to-date: /home/rony/Documents/inmind/Session07/Rony-TurtleBot-Session7/ros2_ws/src/install/turtle_controller_interfaces/include/turtle_controller_interfaces/turtle_controller_interfaces/action
[5.114s] -- Up-to-date: /home/rony/Documents/inmind/Session07/Rony-TurtleBot-Session7/ros2_ws/src/install/turtle_controller_interfaces/include/turtle_controller_interfaces/turtle_controller_interfaces/action/detail
[5.114s] -- Up-to-date: /home/rony/Documents/inmind/Session07/Rony-TurtleBot-Session7/ros2_ws/src/install/turtle_controller_interfaces/include/turtle_controller_interfaces/turtle_controller_interfaces/action/detail/dds_fastrtps
[5.114s] -- Installing: /home/rony/Documents/inmind/Session07/Rony-TurtleBot-Session7/ros2_ws/src/install/turtle_controller_interfaces/include/turtle_controller_interfaces/turtle_controller_interfaces/action/detail/measure_lap_time__rosidl_typesupport_fastrtps_cpp.hpp
[5.114s] -- Up-to-date: /home/rony/Documents/inmind/Session07/Rony-TurtleBot-Session7/ros2_ws/src/install/turtle_controller_interfaces/include/turtle_controller_interfaces/turtle_controller_interfaces/srv
[5.114s] -- Up-to-date: /home/rony/Documents/inmind/Session07/Rony-TurtleBot-Session7/ros2_ws/src/install/turtle_controller_interfaces/include/turtle_controller_interfaces/turtle_controller_interfaces/srv/detail
[5.114s] -- Up-to-date: /home/rony/Documents/inmind/Session07/Rony-TurtleBot-Session7/ros2_ws/src/install/turtle_controller_interfaces/include/turtle_controller_interfaces/turtle_controller_interfaces/srv/detail/dds_fastrtps
[5.114s] -- Installing: /home/rony/Documents/inmind/Session07/Rony-TurtleBot-Session7/ros2_ws/src/install/turtle_controller_interfaces/include/turtle_controller_interfaces/turtle_controller_interfaces/srv/detail/find_closest_wall__rosidl_typesupport_fastrtps_cpp.hpp
[5.115s] -- Installing: /home/rony/Documents/inmind/Session07/Rony-TurtleBot-Session7/ros2_ws/src/install/turtle_controller_interfaces/lib/libturtle_controller_interfaces__rosidl_typesupport_fastrtps_cpp.so
[5.115s] -- Set runtime path of "/home/rony/Documents/inmind/Session07/Rony-TurtleBot-Session7/ros2_ws/src/install/turtle_controller_interfaces/lib/libturtle_controller_interfaces__rosidl_typesupport_fastrtps_cpp.so" to ""
[5.115s] -- Up-to-date: /home/rony/Documents/inmind/Session07/Rony-TurtleBot-Session7/ros2_ws/src/install/turtle_controller_interfaces/include/turtle_controller_interfaces/turtle_controller_interfaces
[5.115s] -- Up-to-date: /home/rony/Documents/inmind/Session07/Rony-TurtleBot-Session7/ros2_ws/src/install/turtle_controller_interfaces/include/turtle_controller_interfaces/turtle_controller_interfaces/msg
[5.115s] -- Up-to-date: /home/rony/Documents/inmind/Session07/Rony-TurtleBot-Session7/ros2_ws/src/install/turtle_controller_interfaces/include/turtle_controller_interfaces/turtle_controller_interfaces/msg/rosidl_typesupport_introspection_c__visibility_control.h
[5.115s] -- Up-to-date: /home/rony/Documents/inmind/Session07/Rony-TurtleBot-Session7/ros2_ws/src/install/turtle_controller_interfaces/include/turtle_controller_interfaces/turtle_controller_interfaces/action
[5.115s] -- Up-to-date: /home/rony/Documents/inmind/Session07/Rony-TurtleBot-Session7/ros2_ws/src/install/turtle_controller_interfaces/include/turtle_controller_interfaces/turtle_controller_interfaces/action/detail
[5.115s] -- Installing: /home/rony/Documents/inmind/Session07/Rony-TurtleBot-Session7/ros2_ws/src/install/turtle_controller_interfaces/include/turtle_controller_interfaces/turtle_controller_interfaces/action/detail/measure_lap_time__type_support.c
[5.115s] -- Installing: /home/rony/Documents/inmind/Session07/Rony-TurtleBot-Session7/ros2_ws/src/install/turtle_controller_interfaces/include/turtle_controller_interfaces/turtle_controller_interfaces/action/detail/measure_lap_time__rosidl_typesupport_introspection_c.h
[5.115s] -- Up-to-date: /home/rony/Documents/inmind/Session07/Rony-TurtleBot-Session7/ros2_ws/src/install/turtle_controller_interfaces/include/turtle_controller_interfaces/turtle_controller_interfaces/srv
[5.115s] -- Up-to-date: /home/rony/Documents/inmind/Session07/Rony-TurtleBot-Session7/ros2_ws/src/install/turtle_controller_interfaces/include/turtle_controller_interfaces/turtle_controller_interfaces/srv/detail
[5.116s] -- Installing: /home/rony/Documents/inmind/Session07/Rony-TurtleBot-Session7/ros2_ws/src/install/turtle_controller_interfaces/include/turtle_controller_interfaces/turtle_controller_interfaces/srv/detail/find_closest_wall__rosidl_typesupport_introspection_c.h
[5.116s] -- Installing: /home/rony/Documents/inmind/Session07/Rony-TurtleBot-Session7/ros2_ws/src/install/turtle_controller_interfaces/include/turtle_controller_interfaces/turtle_controller_interfaces/srv/detail/find_closest_wall__type_support.c
[5.116s] -- Installing: /home/rony/Documents/inmind/Session07/Rony-TurtleBot-Session7/ros2_ws/src/install/turtle_controller_interfaces/lib/libturtle_controller_interfaces__rosidl_typesupport_introspection_c.so
[5.116s] -- Set runtime path of "/home/rony/Documents/inmind/Session07/Rony-TurtleBot-Session7/ros2_ws/src/install/turtle_controller_interfaces/lib/libturtle_controller_interfaces__rosidl_typesupport_introspection_c.so" to ""
[5.116s] -- Installing: /home/rony/Documents/inmind/Session07/Rony-TurtleBot-Session7/ros2_ws/src/install/turtle_controller_interfaces/lib/libturtle_controller_interfaces__rosidl_typesupport_c.so
[5.116s] -- Set runtime path of "/home/rony/Documents/inmind/Session07/Rony-TurtleBot-Session7/ros2_ws/src/install/turtle_controller_interfaces/lib/libturtle_controller_interfaces__rosidl_typesupport_c.so" to ""
[5.116s] -- Up-to-date: /home/rony/Documents/inmind/Session07/Rony-TurtleBot-Session7/ros2_ws/src/install/turtle_controller_interfaces/include/turtle_controller_interfaces/turtle_controller_interfaces
[5.117s] -- Up-to-date: /home/rony/Documents/inmind/Session07/Rony-TurtleBot-Session7/ros2_ws/src/install/turtle_controller_interfaces/include/turtle_controller_interfaces/turtle_controller_interfaces/action
[5.117s] -- Up-to-date: /home/rony/Documents/inmind/Session07/Rony-TurtleBot-Session7/ros2_ws/src/install/turtle_controller_interfaces/include/turtle_controller_interfaces/turtle_controller_interfaces/action/detail
[5.117s] -- Installing: /home/rony/Documents/inmind/Session07/Rony-TurtleBot-Session7/ros2_ws/src/install/turtle_controller_interfaces/include/turtle_controller_interfaces/turtle_controller_interfaces/action/detail/measure_lap_time__type_support.cpp
[5.117s] -- Installing: /home/rony/Documents/inmind/Session07/Rony-TurtleBot-Session7/ros2_ws/src/install/turtle_controller_interfaces/include/turtle_controller_interfaces/turtle_controller_interfaces/action/detail/measure_lap_time__rosidl_typesupport_introspection_cpp.hpp
[5.117s] -- Up-to-date: /home/rony/Documents/inmind/Session07/Rony-TurtleBot-Session7/ros2_ws/src/install/turtle_controller_interfaces/include/turtle_controller_interfaces/turtle_controller_interfaces/srv
[5.117s] -- Up-to-date: /home/rony/Documents/inmind/Session07/Rony-TurtleBot-Session7/ros2_ws/src/install/turtle_controller_interfaces/include/turtle_controller_interfaces/turtle_controller_interfaces/srv/detail
[5.117s] -- Installing: /home/rony/Documents/inmind/Session07/Rony-TurtleBot-Session7/ros2_ws/src/install/turtle_controller_interfaces/include/turtle_controller_interfaces/turtle_controller_interfaces/srv/detail/find_closest_wall__rosidl_typesupport_introspection_cpp.hpp
[5.117s] -- Installing: /home/rony/Documents/inmind/Session07/Rony-TurtleBot-Session7/ros2_ws/src/install/turtle_controller_interfaces/include/turtle_controller_interfaces/turtle_controller_interfaces/srv/detail/find_closest_wall__type_support.cpp
[5.117s] -- Installing: /home/rony/Documents/inmind/Session07/Rony-TurtleBot-Session7/ros2_ws/src/install/turtle_controller_interfaces/lib/libturtle_controller_interfaces__rosidl_typesupport_introspection_cpp.so
[5.117s] -- Set runtime path of "/home/rony/Documents/inmind/Session07/Rony-TurtleBot-Session7/ros2_ws/src/install/turtle_controller_interfaces/lib/libturtle_controller_interfaces__rosidl_typesupport_introspection_cpp.so" to ""
[5.117s] -- Installing: /home/rony/Documents/inmind/Session07/Rony-TurtleBot-Session7/ros2_ws/src/install/turtle_controller_interfaces/lib/libturtle_controller_interfaces__rosidl_typesupport_cpp.so
[5.118s] -- Set runtime path of "/home/rony/Documents/inmind/Session07/Rony-TurtleBot-Session7/ros2_ws/src/install/turtle_controller_interfaces/lib/libturtle_controller_interfaces__rosidl_typesupport_cpp.so" to ""
[5.118s] -- Up-to-date: /home/rony/Documents/inmind/Session07/Rony-TurtleBot-Session7/ros2_ws/src/install/turtle_controller_interfaces/share/turtle_controller_interfaces/environment/pythonpath.sh
[5.118s] -- Installing: /home/rony/Documents/inmind/Session07/Rony-TurtleBot-Session7/ros2_ws/src/install/turtle_controller_interfaces/share/turtle_controller_interfaces/environment/pythonpath.dsv
[5.118s] -- Up-to-date: /home/rony/Documents/inmind/Session07/Rony-TurtleBot-Session7/ros2_ws/src/install/turtle_controller_interfaces/local/lib/python3.10/dist-packages/turtle_controller_interfaces-0.0.0-py3.10.egg-info
[5.118s] -- Installing: /home/rony/Documents/inmind/Session07/Rony-TurtleBot-Session7/ros2_ws/src/install/turtle_controller_interfaces/local/lib/python3.10/dist-packages/turtle_controller_interfaces-0.0.0-py3.10.egg-info/SOURCES.txt
[5.118s] -- Installing: /home/rony/Documents/inmind/Session07/Rony-TurtleBot-Session7/ros2_ws/src/install/turtle_controller_interfaces/local/lib/python3.10/dist-packages/turtle_controller_interfaces-0.0.0-py3.10.egg-info/dependency_links.txt
[5.118s] -- Installing: /home/rony/Documents/inmind/Session07/Rony-TurtleBot-Session7/ros2_ws/src/install/turtle_controller_interfaces/local/lib/python3.10/dist-packages/turtle_controller_interfaces-0.0.0-py3.10.egg-info/PKG-INFO
[5.118s] -- Installing: /home/rony/Documents/inmind/Session07/Rony-TurtleBot-Session7/ros2_ws/src/install/turtle_controller_interfaces/local/lib/python3.10/dist-packages/turtle_controller_interfaces-0.0.0-py3.10.egg-info/top_level.txt
[5.118s] -- Up-to-date: /home/rony/Documents/inmind/Session07/Rony-TurtleBot-Session7/ros2_ws/src/install/turtle_controller_interfaces/local/lib/python3.10/dist-packages/turtle_controller_interfaces
[5.118s] -- Installing: /home/rony/Documents/inmind/Session07/Rony-TurtleBot-Session7/ros2_ws/src/install/turtle_controller_interfaces/local/lib/python3.10/dist-packages/turtle_controller_interfaces/turtle_controller_interfaces_s__rosidl_typesupport_fastrtps_c.cpython-310-x86_64-linux-gnu.so
[5.118s] -- Installing: /home/rony/Documents/inmind/Session07/Rony-TurtleBot-Session7/ros2_ws/src/install/turtle_controller_interfaces/local/lib/python3.10/dist-packages/turtle_controller_interfaces/_turtle_controller_interfaces_s.ep.rosidl_typesupport_introspection_c.c
[5.119s] -- Installing: /home/rony/Documents/inmind/Session07/Rony-TurtleBot-Session7/ros2_ws/src/install/turtle_controller_interfaces/local/lib/python3.10/dist-packages/turtle_controller_interfaces/__init__.py
[5.119s] -- Installing: /home/rony/Documents/inmind/Session07/Rony-TurtleBot-Session7/ros2_ws/src/install/turtle_controller_interfaces/local/lib/python3.10/dist-packages/turtle_controller_interfaces/turtle_controller_interfaces_s__rosidl_typesupport_introspection_c.cpython-310-x86_64-linux-gnu.so
[5.119s] -- Installing: /home/rony/Documents/inmind/Session07/Rony-TurtleBot-Session7/ros2_ws/src/install/turtle_controller_interfaces/local/lib/python3.10/dist-packages/turtle_controller_interfaces/_turtle_controller_interfaces_s.ep.rosidl_typesupport_fastrtps_c.c
[5.119s] -- Installing: /home/rony/Documents/inmind/Session07/Rony-TurtleBot-Session7/ros2_ws/src/install/turtle_controller_interfaces/local/lib/python3.10/dist-packages/turtle_controller_interfaces/libturtle_controller_interfaces__rosidl_generator_py.so
[5.119s] -- Up-to-date: /home/rony/Documents/inmind/Session07/Rony-TurtleBot-Session7/ros2_ws/src/install/turtle_controller_interfaces/local/lib/python3.10/dist-packages/turtle_controller_interfaces/action
[5.119s] -- Installing: /home/rony/Documents/inmind/Session07/Rony-TurtleBot-Session7/ros2_ws/src/install/turtle_controller_interfaces/local/lib/python3.10/dist-packages/turtle_controller_interfaces/action/_measure_lap_time_s.c
[5.119s] -- Installing: /home/rony/Documents/inmind/Session07/Rony-TurtleBot-Session7/ros2_ws/src/install/turtle_controller_interfaces/local/lib/python3.10/dist-packages/turtle_controller_interfaces/action/__init__.py
[5.119s] -- Installing: /home/rony/Documents/inmind/Session07/Rony-TurtleBot-Session7/ros2_ws/src/install/turtle_controller_interfaces/local/lib/python3.10/dist-packages/turtle_controller_interfaces/action/_measure_lap_time.py
[5.119s] -- Installing: /home/rony/Documents/inmind/Session07/Rony-TurtleBot-Session7/ros2_ws/src/install/turtle_controller_interfaces/local/lib/python3.10/dist-packages/turtle_controller_interfaces/turtle_controller_interfaces_s__rosidl_typesupport_c.cpython-310-x86_64-linux-gnu.so
[5.120s] -- Installing: /home/rony/Documents/inmind/Session07/Rony-TurtleBot-Session7/ros2_ws/src/install/turtle_controller_interfaces/local/lib/python3.10/dist-packages/turtle_controller_interfaces/_turtle_controller_interfaces_s.ep.rosidl_typesupport_c.c
[5.120s] -- Up-to-date: /home/rony/Documents/inmind/Session07/Rony-TurtleBot-Session7/ros2_ws/src/install/turtle_controller_interfaces/local/lib/python3.10/dist-packages/turtle_controller_interfaces/srv
[5.120s] -- Installing: /home/rony/Documents/inmind/Session07/Rony-TurtleBot-Session7/ros2_ws/src/install/turtle_controller_interfaces/local/lib/python3.10/dist-packages/turtle_controller_interfaces/srv/__init__.py
[5.120s] -- Installing: /home/rony/Documents/inmind/Session07/Rony-TurtleBot-Session7/ros2_ws/src/install/turtle_controller_interfaces/local/lib/python3.10/dist-packages/turtle_controller_interfaces/srv/_find_closest_wall.py
[5.120s] -- Installing: /home/rony/Documents/inmind/Session07/Rony-TurtleBot-Session7/ros2_ws/src/install/turtle_controller_interfaces/local/lib/python3.10/dist-packages/turtle_controller_interfaces/srv/_find_closest_wall_s.c
[5.164s] Listing '/home/rony/Documents/inmind/Session07/Rony-TurtleBot-Session7/ros2_ws/src/install/turtle_controller_interfaces/local/lib/python3.10/dist-packages/turtle_controller_interfaces'...
[5.164s] Compiling '/home/rony/Documents/inmind/Session07/Rony-TurtleBot-Session7/ros2_ws/src/install/turtle_controller_interfaces/local/lib/python3.10/dist-packages/turtle_controller_interfaces/__init__.py'...
[5.165s] Listing '/home/rony/Documents/inmind/Session07/Rony-TurtleBot-Session7/ros2_ws/src/install/turtle_controller_interfaces/local/lib/python3.10/dist-packages/turtle_controller_interfaces/action'...
[5.165s] Compiling '/home/rony/Documents/inmind/Session07/Rony-TurtleBot-Session7/ros2_ws/src/install/turtle_controller_interfaces/local/lib/python3.10/dist-packages/turtle_controller_interfaces/action/__init__.py'...
[5.165s] Compiling '/home/rony/Documents/inmind/Session07/Rony-TurtleBot-Session7/ros2_ws/src/install/turtle_controller_interfaces/local/lib/python3.10/dist-packages/turtle_controller_interfaces/action/_measure_lap_time.py'...
[5.165s] Listing '/home/rony/Documents/inmind/Session07/Rony-TurtleBot-Session7/ros2_ws/src/install/turtle_controller_interfaces/local/lib/python3.10/dist-packages/turtle_controller_interfaces/srv'...
[5.165s] Compiling '/home/rony/Documents/inmind/Session07/Rony-TurtleBot-Session7/ros2_ws/src/install/turtle_controller_interfaces/local/lib/python3.10/dist-packages/turtle_controller_interfaces/srv/__init__.py'...
[5.166s] Compiling '/home/rony/Documents/inmind/Session07/Rony-TurtleBot-Session7/ros2_ws/src/install/turtle_controller_interfaces/local/lib/python3.10/dist-packages/turtle_controller_interfaces/srv/_find_closest_wall.py'...
[5.174s] -- Installing: /home/rony/Documents/inmind/Session07/Rony-TurtleBot-Session7/ros2_ws/src/install/turtle_controller_interfaces/local/lib/python3.10/dist-packages/turtle_controller_interfaces/turtle_controller_interfaces_s__rosidl_typesupport_fastrtps_c.cpython-310-x86_64-linux-gnu.so
[5.175s] -- Set runtime path of "/home/rony/Documents/inmind/Session07/Rony-TurtleBot-Session7/ros2_ws/src/install/turtle_controller_interfaces/local/lib/python3.10/dist-packages/turtle_controller_interfaces/turtle_controller_interfaces_s__rosidl_typesupport_fastrtps_c.cpython-310-x86_64-linux-gnu.so" to ""
[5.175s] -- Installing: /home/rony/Documents/inmind/Session07/Rony-TurtleBot-Session7/ros2_ws/src/install/turtle_controller_interfaces/local/lib/python3.10/dist-packages/turtle_controller_interfaces/turtle_controller_interfaces_s__rosidl_typesupport_introspection_c.cpython-310-x86_64-linux-gnu.so
[5.175s] -- Set runtime path of "/home/rony/Documents/inmind/Session07/Rony-TurtleBot-Session7/ros2_ws/src/install/turtle_controller_interfaces/local/lib/python3.10/dist-packages/turtle_controller_interfaces/turtle_controller_interfaces_s__rosidl_typesupport_introspection_c.cpython-310-x86_64-linux-gnu.so" to ""
[5.175s] -- Installing: /home/rony/Documents/inmind/Session07/Rony-TurtleBot-Session7/ros2_ws/src/install/turtle_controller_interfaces/local/lib/python3.10/dist-packages/turtle_controller_interfaces/turtle_controller_interfaces_s__rosidl_typesupport_c.cpython-310-x86_64-linux-gnu.so
[5.175s] -- Set runtime path of "/home/rony/Documents/inmind/Session07/Rony-TurtleBot-Session7/ros2_ws/src/install/turtle_controller_interfaces/local/lib/python3.10/dist-packages/turtle_controller_interfaces/turtle_controller_interfaces_s__rosidl_typesupport_c.cpython-310-x86_64-linux-gnu.so" to ""
[5.175s] -- Installing: /home/rony/Documents/inmind/Session07/Rony-TurtleBot-Session7/ros2_ws/src/install/turtle_controller_interfaces/lib/libturtle_controller_interfaces__rosidl_generator_py.so
[5.176s] -- Set runtime path of "/home/rony/Documents/inmind/Session07/Rony-TurtleBot-Session7/ros2_ws/src/install/turtle_controller_interfaces/lib/libturtle_controller_interfaces__rosidl_generator_py.so" to ""
[5.176s] -- Up-to-date: /home/rony/Documents/inmind/Session07/Rony-TurtleBot-Session7/ros2_ws/src/install/turtle_controller_interfaces/share/turtle_controller_interfaces/action/MeasureLapTime.idl
[5.176s] -- Installing: /home/rony/Documents/inmind/Session07/Rony-TurtleBot-Session7/ros2_ws/src/install/turtle_controller_interfaces/share/turtle_controller_interfaces/srv/FindClosestWall.idl
[5.176s] -- Up-to-date: /home/rony/Documents/inmind/Session07/Rony-TurtleBot-Session7/ros2_ws/src/install/turtle_controller_interfaces/share/turtle_controller_interfaces/action/MeasureLapTime.action
[5.176s] -- Installing: /home/rony/Documents/inmind/Session07/Rony-TurtleBot-Session7/ros2_ws/src/install/turtle_controller_interfaces/share/turtle_controller_interfaces/srv/FindClosestWall.srv
[5.176s] -- Up-to-date: /home/rony/Documents/inmind/Session07/Rony-TurtleBot-Session7/ros2_ws/src/install/turtle_controller_interfaces/share/turtle_controller_interfaces/srv/FindClosestWall_Request.msg
[5.176s] -- Installing: /home/rony/Documents/inmind/Session07/Rony-TurtleBot-Session7/ros2_ws/src/install/turtle_controller_interfaces/share/turtle_controller_interfaces/srv/FindClosestWall_Response.msg
[5.176s] -- Up-to-date: /home/rony/Documents/inmind/Session07/Rony-TurtleBot-Session7/ros2_ws/src/install/turtle_controller_interfaces/share/ament_index/resource_index/package_run_dependencies/turtle_controller_interfaces
[5.177s] -- Installing: /home/rony/Documents/inmind/Session07/Rony-TurtleBot-Session7/ros2_ws/src/install/turtle_controller_interfaces/share/ament_index/resource_index/parent_prefix_path/turtle_controller_interfaces
[5.177s] -- Up-to-date: /home/rony/Documents/inmind/Session07/Rony-TurtleBot-Session7/ros2_ws/src/install/turtle_controller_interfaces/share/turtle_controller_interfaces/environment/ament_prefix_path.sh
[5.177s] -- Installing: /home/rony/Documents/inmind/Session07/Rony-TurtleBot-Session7/ros2_ws/src/install/turtle_controller_interfaces/share/turtle_controller_interfaces/environment/ament_prefix_path.dsv
[5.177s] -- Up-to-date: /home/rony/Documents/inmind/Session07/Rony-TurtleBot-Session7/ros2_ws/src/install/turtle_controller_interfaces/share/turtle_controller_interfaces/environment/path.sh
[5.177s] -- Installing: /home/rony/Documents/inmind/Session07/Rony-TurtleBot-Session7/ros2_ws/src/install/turtle_controller_interfaces/share/turtle_controller_interfaces/environment/path.dsv
[5.177s] -- Up-to-date: /home/rony/Documents/inmind/Session07/Rony-TurtleBot-Session7/ros2_ws/src/install/turtle_controller_interfaces/share/turtle_controller_interfaces/local_setup.bash
[5.177s] -- Up-to-date: /home/rony/Documents/inmind/Session07/Rony-TurtleBot-Session7/ros2_ws/src/install/turtle_controller_interfaces/share/turtle_controller_interfaces/local_setup.sh
[5.177s] -- Up-to-date: /home/rony/Documents/inmind/Session07/Rony-TurtleBot-Session7/ros2_ws/src/install/turtle_controller_interfaces/share/turtle_controller_interfaces/local_setup.zsh
[5.177s] -- Installing: /home/rony/Documents/inmind/Session07/Rony-TurtleBot-Session7/ros2_ws/src/install/turtle_controller_interfaces/share/turtle_controller_interfaces/local_setup.dsv
[5.177s] -- Installing: /home/rony/Documents/inmind/Session07/Rony-TurtleBot-Session7/ros2_ws/src/install/turtle_controller_interfaces/share/turtle_controller_interfaces/package.dsv
[5.178s] -- Up-to-date: /home/rony/Documents/inmind/Session07/Rony-TurtleBot-Session7/ros2_ws/src/install/turtle_controller_interfaces/share/ament_index/resource_index/packages/turtle_controller_interfaces
[5.178s] -- Up-to-date: /home/rony/Documents/inmind/Session07/Rony-TurtleBot-Session7/ros2_ws/src/install/turtle_controller_interfaces/share/turtle_controller_interfaces/cmake/export_turtle_controller_interfaces__rosidl_generator_cExport.cmake
[5.178s] -- Up-to-date: /home/rony/Documents/inmind/Session07/Rony-TurtleBot-Session7/ros2_ws/src/install/turtle_controller_interfaces/share/turtle_controller_interfaces/cmake/export_turtle_controller_interfaces__rosidl_generator_cExport-noconfig.cmake
[5.178s] -- Up-to-date: /home/rony/Documents/inmind/Session07/Rony-TurtleBot-Session7/ros2_ws/src/install/turtle_controller_interfaces/share/turtle_controller_interfaces/cmake/export_turtle_controller_interfaces__rosidl_typesupport_fastrtps_cExport.cmake
[5.178s] -- Up-to-date: /home/rony/Documents/inmind/Session07/Rony-TurtleBot-Session7/ros2_ws/src/install/turtle_controller_interfaces/share/turtle_controller_interfaces/cmake/export_turtle_controller_interfaces__rosidl_typesupport_fastrtps_cExport-noconfig.cmake
[5.180s] -- Up-to-date: /home/rony/Documents/inmind/Session07/Rony-TurtleBot-Session7/ros2_ws/src/install/turtle_controller_interfaces/share/turtle_controller_interfaces/cmake/export_turtle_controller_interfaces__rosidl_generator_cppExport.cmake
[5.180s] -- Up-to-date: /home/rony/Documents/inmind/Session07/Rony-TurtleBot-Session7/ros2_ws/src/install/turtle_controller_interfaces/share/turtle_controller_interfaces/cmake/export_turtle_controller_interfaces__rosidl_typesupport_fastrtps_cppExport.cmake
[5.180s] -- Up-to-date: /home/rony/Documents/inmind/Session07/Rony-TurtleBot-Session7/ros2_ws/src/install/turtle_controller_interfaces/share/turtle_controller_interfaces/cmake/export_turtle_controller_interfaces__rosidl_typesupport_fastrtps_cppExport-noconfig.cmake
[5.180s] -- Up-to-date: /home/rony/Documents/inmind/Session07/Rony-TurtleBot-Session7/ros2_ws/src/install/turtle_controller_interfaces/share/turtle_controller_interfaces/cmake/turtle_controller_interfaces__rosidl_typesupport_introspection_cExport.cmake
[5.180s] -- Up-to-date: /home/rony/Documents/inmind/Session07/Rony-TurtleBot-Session7/ros2_ws/src/install/turtle_controller_interfaces/share/turtle_controller_interfaces/cmake/turtle_controller_interfaces__rosidl_typesupport_introspection_cExport-noconfig.cmake
[5.180s] -- Up-to-date: /home/rony/Documents/inmind/Session07/Rony-TurtleBot-Session7/ros2_ws/src/install/turtle_controller_interfaces/share/turtle_controller_interfaces/cmake/turtle_controller_interfaces__rosidl_typesupport_cExport.cmake
[5.180s] -- Up-to-date: /home/rony/Documents/inmind/Session07/Rony-TurtleBot-Session7/ros2_ws/src/install/turtle_controller_interfaces/share/turtle_controller_interfaces/cmake/turtle_controller_interfaces__rosidl_typesupport_cExport-noconfig.cmake
[5.180s] -- Up-to-date: /home/rony/Documents/inmind/Session07/Rony-TurtleBot-Session7/ros2_ws/src/install/turtle_controller_interfaces/share/turtle_controller_interfaces/cmake/turtle_controller_interfaces__rosidl_typesupport_introspection_cppExport.cmake
[5.180s] -- Up-to-date: /home/rony/Documents/inmind/Session07/Rony-TurtleBot-Session7/ros2_ws/src/install/turtle_controller_interfaces/share/turtle_controller_interfaces/cmake/turtle_controller_interfaces__rosidl_typesupport_introspection_cppExport-noconfig.cmake
[5.180s] -- Up-to-date: /home/rony/Documents/inmind/Session07/Rony-TurtleBot-Session7/ros2_ws/src/install/turtle_controller_interfaces/share/turtle_controller_interfaces/cmake/turtle_controller_interfaces__rosidl_typesupport_cppExport.cmake
[5.180s] -- Up-to-date: /home/rony/Documents/inmind/Session07/Rony-TurtleBot-Session7/ros2_ws/src/install/turtle_controller_interfaces/share/turtle_controller_interfaces/cmake/turtle_controller_interfaces__rosidl_typesupport_cppExport-noconfig.cmake
[5.180s] -- Up-to-date: /home/rony/Documents/inmind/Session07/Rony-TurtleBot-Session7/ros2_ws/src/install/turtle_controller_interfaces/share/turtle_controller_interfaces/cmake/export_turtle_controller_interfaces__rosidl_generator_pyExport.cmake
[5.180s] -- Up-to-date: /home/rony/Documents/inmind/Session07/Rony-TurtleBot-Session7/ros2_ws/src/install/turtle_controller_interfaces/share/turtle_controller_interfaces/cmake/export_turtle_controller_interfaces__rosidl_generator_pyExport-noconfig.cmake
[5.181s] -- Up-to-date: /home/rony/Documents/inmind/Session07/Rony-TurtleBot-Session7/ros2_ws/src/install/turtle_controller_interfaces/share/turtle_controller_interfaces/cmake/rosidl_cmake-extras.cmake
[5.181s] -- Up-to-date: /home/rony/Documents/inmind/Session07/Rony-TurtleBot-Session7/ros2_ws/src/install/turtle_controller_interfaces/share/turtle_controller_interfaces/cmake/ament_cmake_export_dependencies-extras.cmake
[5.181s] -- Up-to-date: /home/rony/Documents/inmind/Session07/Rony-TurtleBot-Session7/ros2_ws/src/install/turtle_controller_interfaces/share/turtle_controller_interfaces/cmake/ament_cmake_export_include_directories-extras.cmake
[5.181s] -- Up-to-date: /home/rony/Documents/inmind/Session07/Rony-TurtleBot-Session7/ros2_ws/src/install/turtle_controller_interfaces/share/turtle_controller_interfaces/cmake/ament_cmake_export_libraries-extras.cmake
[5.181s] -- Up-to-date: /home/rony/Documents/inmind/Session07/Rony-TurtleBot-Session7/ros2_ws/src/install/turtle_controller_interfaces/share/turtle_controller_interfaces/cmake/ament_cmake_export_targets-extras.cmake
[5.182s] -- Up-to-date: /home/rony/Documents/inmind/Session07/Rony-TurtleBot-Session7/ros2_ws/src/install/turtle_controller_interfaces/share/turtle_controller_interfaces/cmake/rosidl_cmake_export_typesupport_targets-extras.cmake
[5.183s] -- Up-to-date: /home/rony/Documents/inmind/Session07/Rony-TurtleBot-Session7/ros2_ws/src/install/turtle_controller_interfaces/share/turtle_controller_interfaces/cmake/rosidl_cmake_export_typesupport_libraries-extras.cmake
[5.183s] -- Up-to-date: /home/rony/Documents/inmind/Session07/Rony-TurtleBot-Session7/ros2_ws/src/install/turtle_controller_interfaces/share/turtle_controller_interfaces/cmake/turtle_controller_interfacesConfig.cmake
[5.183s] -- Up-to-date: /home/rony/Documents/inmind/Session07/Rony-TurtleBot-Session7/ros2_ws/src/install/turtle_controller_interfaces/share/turtle_controller_interfaces/cmake/turtle_controller_interfacesConfig-version.cmake
[5.183s] -- Up-to-date: /home/rony/Documents/inmind/Session07/Rony-TurtleBot-Session7/ros2_ws/src/install/turtle_controller_interfaces/share/turtle_controller_interfaces/package.xml
[5.184s] Invoked command in '/home/rony/Documents/inmind/Session07/Rony-TurtleBot-Session7/ros2_ws/src/build/turtle_controller_interfaces' returned '0': CMAKE_PREFIX_PATH=${CMAKE_PREFIX_PATH}:/home/rony/Documents/inmind/Session07/Rony-TurtleBot-Session7/ros2_ws/src/install/turtle_controller:/opt/ros/humble /usr/bin/cmake --install /home/rony/Documents/inmind/Session07/Rony-TurtleBot-Session7/ros2_ws/src/build/turtle_controller_interfaces
