[0.145s] Invoking command in '/home/rony/Documents/inmind/Session07/Rony-TurtleBot-Session7/ros2_ws/src/build/turtle_controller_interfaces': CMAKE_PREFIX_PATH=${CMAKE_PREFIX_PATH}:/home/rony/Documents/inmind/Session07/Rony-TurtleBot-Session7/ros2_ws/src/install/turtle_controller:/opt/ros/humble /usr/bin/cmake --build /home/rony/Documents/inmind/Session07/Rony-TurtleBot-Session7/ros2_ws/src/build/turtle_controller_interfaces -- -j8 -l8
[0.205s] [  2%] Built target turtle_controller_interfaces__cpp
[0.208s] [ 12%] Built target turtle_controller_interfaces__rosidl_generator_c
[0.218s] [ 12%] Built target ament_cmake_python_copy_turtle_controller_interfaces
[0.233s] [ 23%] Built target turtle_controller_interfaces__rosidl_typesupport_fastrtps_cpp
[0.234s] [ 43%] Built target turtle_controller_interfaces__rosidl_typesupport_c
[0.234s] [ 43%] Built target turtle_controller_interfaces__rosidl_typesupport_introspection_c
[0.237s] [ 53%] Built target turtle_controller_interfaces__rosidl_typesupport_fastrtps_c
[0.237s] [ 64%] Built target turtle_controller_interfaces__rosidl_typesupport_cpp
[0.242s] [ 74%] Built target turtle_controller_interfaces__rosidl_typesupport_introspection_cpp
[0.258s] [ 74%] Built target turtle_controller_interfaces
[0.276s] [ 76%] Built target turtle_controller_interfaces__py
[0.295s] [ 84%] Built target turtle_controller_interfaces__rosidl_generator_py
[0.315s] [ 89%] Built target turtle_controller_interfaces__rosidl_typesupport_fastrtps_c__pyext
[0.315s] [ 94%] Built target turtle_controller_interfaces__rosidl_typesupport_introspection_c__pyext
[0.319s] [100%] Built target turtle_controller_interfaces__rosidl_typesupport_c__pyext
[0.384s] running egg_info
[0.394s] writing turtle_controller_interfaces.egg-info/PKG-INFO
[0.395s] writing dependency_links to turtle_controller_interfaces.egg-info/dependency_links.txt
[0.395s] writing top-level names to turtle_controller_interfaces.egg-info/top_level.txt
[0.425s] reading manifest file 'turtle_controller_interfaces.egg-info/SOURCES.txt'
[0.426s] writing manifest file 'turtle_controller_interfaces.egg-info/SOURCES.txt'
[0.447s] [100%] Built target ament_cmake_python_build_turtle_controller_interfaces_egg
[0.456s] Invoked command in '/home/rony/Documents/inmind/Session07/Rony-TurtleBot-Session7/ros2_ws/src/build/turtle_controller_interfaces' returned '0': CMAKE_PREFIX_PATH=${CMAKE_PREFIX_PATH}:/home/rony/Documents/inmind/Session07/Rony-TurtleBot-Session7/ros2_ws/src/install/turtle_controller:/opt/ros/humble /usr/bin/cmake --build /home/rony/Documents/inmind/Session07/Rony-TurtleBot-Session7/ros2_ws/src/build/turtle_controller_interfaces -- -j8 -l8
[0.515s] Invoking command in '/home/rony/Documents/inmind/Session07/Rony-TurtleBot-Session7/ros2_ws/src/build/turtle_controller_interfaces': CMAKE_PREFIX_PATH=${CMAKE_PREFIX_PATH}:/home/rony/Documents/inmind/Session07/Rony-TurtleBot-Session7/ros2_ws/src/install/turtle_controller:/opt/ros/humble /usr/bin/cmake --install /home/rony/Documents/inmind/Session07/Rony-TurtleBot-Session7/ros2_ws/src/build/turtle_controller_interfaces
[0.528s] -- Install configuration: ""
[0.529s] -- Up-to-date: /home/rony/Documents/inmind/Session07/Rony-TurtleBot-Session7/ros2_ws/src/install/turtle_controller_interfaces/share/ament_index/resource_index/rosidl_interfaces/turtle_controller_interfaces
[0.529s] -- Up-to-date: /home/rony/Documents/inmind/Session07/Rony-TurtleBot-Session7/ros2_ws/src/install/turtle_controller_interfaces/include/turtle_controller_interfaces/turtle_controller_interfaces
[0.529s] -- Up-to-date: /home/rony/Documents/inmind/Session07/Rony-TurtleBot-Session7/ros2_ws/src/install/turtle_controller_interfaces/include/turtle_controller_interfaces/turtle_controller_interfaces/msg
[0.529s] -- Up-to-date: /home/rony/Documents/inmind/Session07/Rony-TurtleBot-Session7/ros2_ws/src/install/turtle_controller_interfaces/include/turtle_controller_interfaces/turtle_controller_interfaces/msg/rosidl_generator_c__visibility_control.h
[0.529s] -- Up-to-date: /home/rony/Documents/inmind/Session07/Rony-TurtleBot-Session7/ros2_ws/src/install/turtle_controller_interfaces/include/turtle_controller_interfaces/turtle_controller_interfaces/action
[0.529s] -- Up-to-date: /home/rony/Documents/inmind/Session07/Rony-TurtleBot-Session7/ros2_ws/src/install/turtle_controller_interfaces/include/turtle_controller_interfaces/turtle_controller_interfaces/action/measure_lap_time.h
[0.529s] -- Up-to-date: /home/rony/Documents/inmind/Session07/Rony-TurtleBot-Session7/ros2_ws/src/install/turtle_controller_interfaces/include/turtle_controller_interfaces/turtle_controller_interfaces/action/detail
[0.529s] -- Up-to-date: /home/rony/Documents/inmind/Session07/Rony-TurtleBot-Session7/ros2_ws/src/install/turtle_controller_interfaces/include/turtle_controller_interfaces/turtle_controller_interfaces/action/detail/measure_lap_time__functions.c
[0.529s] -- Up-to-date: /home/rony/Documents/inmind/Session07/Rony-TurtleBot-Session7/ros2_ws/src/install/turtle_controller_interfaces/include/turtle_controller_interfaces/turtle_controller_interfaces/action/detail/measure_lap_time__functions.h
[0.529s] -- Up-to-date: /home/rony/Documents/inmind/Session07/Rony-TurtleBot-Session7/ros2_ws/src/install/turtle_controller_interfaces/include/turtle_controller_interfaces/turtle_controller_interfaces/action/detail/measure_lap_time__type_support.h
[0.529s] -- Up-to-date: /home/rony/Documents/inmind/Session07/Rony-TurtleBot-Session7/ros2_ws/src/install/turtle_controller_interfaces/include/turtle_controller_interfaces/turtle_controller_interfaces/action/detail/measure_lap_time__struct.h
[0.529s] -- Up-to-date: /home/rony/Documents/inmind/Session07/Rony-TurtleBot-Session7/ros2_ws/src/install/turtle_controller_interfaces/include/turtle_controller_interfaces/turtle_controller_interfaces/srv
[0.529s] -- Up-to-date: /home/rony/Documents/inmind/Session07/Rony-TurtleBot-Session7/ros2_ws/src/install/turtle_controller_interfaces/include/turtle_controller_interfaces/turtle_controller_interfaces/srv/detail
[0.536s] -- Up-to-date: /home/rony/Documents/inmind/Session07/Rony-TurtleBot-Session7/ros2_ws/src/install/turtle_controller_interfaces/include/turtle_controller_interfaces/turtle_controller_interfaces/srv/detail/find_closest_wall__type_support.h
[0.537s] -- Up-to-date: /home/rony/Documents/inmind/Session07/Rony-TurtleBot-Session7/ros2_ws/src/install/turtle_controller_interfaces/include/turtle_controller_interfaces/turtle_controller_interfaces/srv/detail/find_closest_wall__struct.h
[0.537s] -- Up-to-date: /home/rony/Documents/inmind/Session07/Rony-TurtleBot-Session7/ros2_ws/src/install/turtle_controller_interfaces/include/turtle_controller_interfaces/turtle_controller_interfaces/srv/detail/find_closest_wall__functions.c
[0.538s] -- Up-to-date: /home/rony/Documents/inmind/Session07/Rony-TurtleBot-Session7/ros2_ws/src/install/turtle_controller_interfaces/include/turtle_controller_interfaces/turtle_controller_interfaces/srv/detail/find_closest_wall__functions.h
[0.538s] -- Up-to-date: /home/rony/Documents/inmind/Session07/Rony-TurtleBot-Session7/ros2_ws/src/install/turtle_controller_interfaces/include/turtle_controller_interfaces/turtle_controller_interfaces/srv/find_closest_wall.h
[0.538s] -- Up-to-date: /home/rony/Documents/inmind/Session07/Rony-TurtleBot-Session7/ros2_ws/src/install/turtle_controller_interfaces/share/turtle_controller_interfaces/environment/library_path.sh
[0.538s] -- Up-to-date: /home/rony/Documents/inmind/Session07/Rony-TurtleBot-Session7/ros2_ws/src/install/turtle_controller_interfaces/share/turtle_controller_interfaces/environment/library_path.dsv
[0.542s] -- Up-to-date: /home/rony/Documents/inmind/Session07/Rony-TurtleBot-Session7/ros2_ws/src/install/turtle_controller_interfaces/lib/libturtle_controller_interfaces__rosidl_generator_c.so
[0.542s] -- Up-to-date: /home/rony/Documents/inmind/Session07/Rony-TurtleBot-Session7/ros2_ws/src/install/turtle_controller_interfaces/include/turtle_controller_interfaces/turtle_controller_interfaces
[0.542s] -- Up-to-date: /home/rony/Documents/inmind/Session07/Rony-TurtleBot-Session7/ros2_ws/src/install/turtle_controller_interfaces/include/turtle_controller_interfaces/turtle_controller_interfaces/msg
[0.542s] -- Up-to-date: /home/rony/Documents/inmind/Session07/Rony-TurtleBot-Session7/ros2_ws/src/install/turtle_controller_interfaces/include/turtle_controller_interfaces/turtle_controller_interfaces/msg/rosidl_typesupport_fastrtps_c__visibility_control.h
[0.542s] -- Up-to-date: /home/rony/Documents/inmind/Session07/Rony-TurtleBot-Session7/ros2_ws/src/install/turtle_controller_interfaces/include/turtle_controller_interfaces/turtle_controller_interfaces/action
[0.542s] -- Up-to-date: /home/rony/Documents/inmind/Session07/Rony-TurtleBot-Session7/ros2_ws/src/install/turtle_controller_interfaces/include/turtle_controller_interfaces/turtle_controller_interfaces/action/detail
[0.542s] -- Up-to-date: /home/rony/Documents/inmind/Session07/Rony-TurtleBot-Session7/ros2_ws/src/install/turtle_controller_interfaces/include/turtle_controller_interfaces/turtle_controller_interfaces/action/detail/measure_lap_time__rosidl_typesupport_fastrtps_c.h
[0.543s] -- Up-to-date: /home/rony/Documents/inmind/Session07/Rony-TurtleBot-Session7/ros2_ws/src/install/turtle_controller_interfaces/include/turtle_controller_interfaces/turtle_controller_interfaces/srv
[0.543s] -- Up-to-date: /home/rony/Documents/inmind/Session07/Rony-TurtleBot-Session7/ros2_ws/src/install/turtle_controller_interfaces/include/turtle_controller_interfaces/turtle_controller_interfaces/srv/detail
[0.543s] -- Up-to-date: /home/rony/Documents/inmind/Session07/Rony-TurtleBot-Session7/ros2_ws/src/install/turtle_controller_interfaces/include/turtle_controller_interfaces/turtle_controller_interfaces/srv/detail/find_closest_wall__rosidl_typesupport_fastrtps_c.h
[0.548s] -- Up-to-date: /home/rony/Documents/inmind/Session07/Rony-TurtleBot-Session7/ros2_ws/src/install/turtle_controller_interfaces/lib/libturtle_controller_interfaces__rosidl_typesupport_fastrtps_c.so
[0.549s] -- Up-to-date: /home/rony/Documents/inmind/Session07/Rony-TurtleBot-Session7/ros2_ws/src/install/turtle_controller_interfaces/include/turtle_controller_interfaces/turtle_controller_interfaces
[0.549s] -- Up-to-date: /home/rony/Documents/inmind/Session07/Rony-TurtleBot-Session7/ros2_ws/src/install/turtle_controller_interfaces/include/turtle_controller_interfaces/turtle_controller_interfaces/action
[0.549s] -- Up-to-date: /home/rony/Documents/inmind/Session07/Rony-TurtleBot-Session7/ros2_ws/src/install/turtle_controller_interfaces/include/turtle_controller_interfaces/turtle_controller_interfaces/action/detail
[0.549s] -- Up-to-date: /home/rony/Documents/inmind/Session07/Rony-TurtleBot-Session7/ros2_ws/src/install/turtle_controller_interfaces/include/turtle_controller_interfaces/turtle_controller_interfaces/action/detail/measure_lap_time__traits.hpp
[0.549s] -- Up-to-date: /home/rony/Documents/inmind/Session07/Rony-TurtleBot-Session7/ros2_ws/src/install/turtle_controller_interfaces/include/turtle_controller_interfaces/turtle_controller_interfaces/action/detail/measure_lap_time__builder.hpp
[0.549s] -- Up-to-date: /home/rony/Documents/inmind/Session07/Rony-TurtleBot-Session7/ros2_ws/src/install/turtle_controller_interfaces/include/turtle_controller_interfaces/turtle_controller_interfaces/action/detail/measure_lap_time__struct.hpp
[0.549s] -- Up-to-date: /home/rony/Documents/inmind/Session07/Rony-TurtleBot-Session7/ros2_ws/src/install/turtle_controller_interfaces/include/turtle_controller_interfaces/turtle_controller_interfaces/action/measure_lap_time.hpp
[0.549s] -- Up-to-date: /home/rony/Documents/inmind/Session07/Rony-TurtleBot-Session7/ros2_ws/src/install/turtle_controller_interfaces/include/turtle_controller_interfaces/turtle_controller_interfaces/srv
[0.549s] -- Up-to-date: /home/rony/Documents/inmind/Session07/Rony-TurtleBot-Session7/ros2_ws/src/install/turtle_controller_interfaces/include/turtle_controller_interfaces/turtle_controller_interfaces/srv/detail
[0.549s] -- Up-to-date: /home/rony/Documents/inmind/Session07/Rony-TurtleBot-Session7/ros2_ws/src/install/turtle_controller_interfaces/include/turtle_controller_interfaces/turtle_controller_interfaces/srv/detail/find_closest_wall__builder.hpp
[0.549s] -- Up-to-date: /home/rony/Documents/inmind/Session07/Rony-TurtleBot-Session7/ros2_ws/src/install/turtle_controller_interfaces/include/turtle_controller_interfaces/turtle_controller_interfaces/srv/detail/find_closest_wall__struct.hpp
[0.549s] -- Up-to-date: /home/rony/Documents/inmind/Session07/Rony-TurtleBot-Session7/ros2_ws/src/install/turtle_controller_interfaces/include/turtle_controller_interfaces/turtle_controller_interfaces/srv/detail/find_closest_wall__traits.hpp
[0.549s] -- Up-to-date: /home/rony/Documents/inmind/Session07/Rony-TurtleBot-Session7/ros2_ws/src/install/turtle_controller_interfaces/include/turtle_controller_interfaces/turtle_controller_interfaces/srv/find_closest_wall.hpp
[0.550s] -- Up-to-date: /home/rony/Documents/inmind/Session07/Rony-TurtleBot-Session7/ros2_ws/src/install/turtle_controller_interfaces/include/turtle_controller_interfaces/turtle_controller_interfaces
[0.550s] -- Up-to-date: /home/rony/Documents/inmind/Session07/Rony-TurtleBot-Session7/ros2_ws/src/install/turtle_controller_interfaces/include/turtle_controller_interfaces/turtle_controller_interfaces/msg
[0.550s] -- Up-to-date: /home/rony/Documents/inmind/Session07/Rony-TurtleBot-Session7/ros2_ws/src/install/turtle_controller_interfaces/include/turtle_controller_interfaces/turtle_controller_interfaces/msg/rosidl_typesupport_fastrtps_cpp__visibility_control.h
[0.550s] -- Up-to-date: /home/rony/Documents/inmind/Session07/Rony-TurtleBot-Session7/ros2_ws/src/install/turtle_controller_interfaces/include/turtle_controller_interfaces/turtle_controller_interfaces/action
[0.550s] -- Up-to-date: /home/rony/Documents/inmind/Session07/Rony-TurtleBot-Session7/ros2_ws/src/install/turtle_controller_interfaces/include/turtle_controller_interfaces/turtle_controller_interfaces/action/detail
[0.550s] -- Up-to-date: /home/rony/Documents/inmind/Session07/Rony-TurtleBot-Session7/ros2_ws/src/install/turtle_controller_interfaces/include/turtle_controller_interfaces/turtle_controller_interfaces/action/detail/dds_fastrtps
[0.550s] -- Up-to-date: /home/rony/Documents/inmind/Session07/Rony-TurtleBot-Session7/ros2_ws/src/install/turtle_controller_interfaces/include/turtle_controller_interfaces/turtle_controller_interfaces/action/detail/measure_lap_time__rosidl_typesupport_fastrtps_cpp.hpp
[0.550s] -- Up-to-date: /home/rony/Documents/inmind/Session07/Rony-TurtleBot-Session7/ros2_ws/src/install/turtle_controller_interfaces/include/turtle_controller_interfaces/turtle_controller_interfaces/srv
[0.550s] -- Up-to-date: /home/rony/Documents/inmind/Session07/Rony-TurtleBot-Session7/ros2_ws/src/install/turtle_controller_interfaces/include/turtle_controller_interfaces/turtle_controller_interfaces/srv/detail
[0.550s] -- Up-to-date: /home/rony/Documents/inmind/Session07/Rony-TurtleBot-Session7/ros2_ws/src/install/turtle_controller_interfaces/include/turtle_controller_interfaces/turtle_controller_interfaces/srv/detail/dds_fastrtps
[0.550s] -- Up-to-date: /home/rony/Documents/inmind/Session07/Rony-TurtleBot-Session7/ros2_ws/src/install/turtle_controller_interfaces/include/turtle_controller_interfaces/turtle_controller_interfaces/srv/detail/find_closest_wall__rosidl_typesupport_fastrtps_cpp.hpp
[0.555s] -- Up-to-date: /home/rony/Documents/inmind/Session07/Rony-TurtleBot-Session7/ros2_ws/src/install/turtle_controller_interfaces/lib/libturtle_controller_interfaces__rosidl_typesupport_fastrtps_cpp.so
[0.555s] -- Up-to-date: /home/rony/Documents/inmind/Session07/Rony-TurtleBot-Session7/ros2_ws/src/install/turtle_controller_interfaces/include/turtle_controller_interfaces/turtle_controller_interfaces
[0.555s] -- Up-to-date: /home/rony/Documents/inmind/Session07/Rony-TurtleBot-Session7/ros2_ws/src/install/turtle_controller_interfaces/include/turtle_controller_interfaces/turtle_controller_interfaces/msg
[0.556s] -- Up-to-date: /home/rony/Documents/inmind/Session07/Rony-TurtleBot-Session7/ros2_ws/src/install/turtle_controller_interfaces/include/turtle_controller_interfaces/turtle_controller_interfaces/msg/rosidl_typesupport_introspection_c__visibility_control.h
[0.556s] -- Up-to-date: /home/rony/Documents/inmind/Session07/Rony-TurtleBot-Session7/ros2_ws/src/install/turtle_controller_interfaces/include/turtle_controller_interfaces/turtle_controller_interfaces/action
[0.556s] -- Up-to-date: /home/rony/Documents/inmind/Session07/Rony-TurtleBot-Session7/ros2_ws/src/install/turtle_controller_interfaces/include/turtle_controller_interfaces/turtle_controller_interfaces/action/detail
[0.556s] -- Up-to-date: /home/rony/Documents/inmind/Session07/Rony-TurtleBot-Session7/ros2_ws/src/install/turtle_controller_interfaces/include/turtle_controller_interfaces/turtle_controller_interfaces/action/detail/measure_lap_time__type_support.c
[0.556s] -- Up-to-date: /home/rony/Documents/inmind/Session07/Rony-TurtleBot-Session7/ros2_ws/src/install/turtle_controller_interfaces/include/turtle_controller_interfaces/turtle_controller_interfaces/action/detail/measure_lap_time__rosidl_typesupport_introspection_c.h
[0.556s] -- Up-to-date: /home/rony/Documents/inmind/Session07/Rony-TurtleBot-Session7/ros2_ws/src/install/turtle_controller_interfaces/include/turtle_controller_interfaces/turtle_controller_interfaces/srv
[0.556s] -- Up-to-date: /home/rony/Documents/inmind/Session07/Rony-TurtleBot-Session7/ros2_ws/src/install/turtle_controller_interfaces/include/turtle_controller_interfaces/turtle_controller_interfaces/srv/detail
[0.556s] -- Up-to-date: /home/rony/Documents/inmind/Session07/Rony-TurtleBot-Session7/ros2_ws/src/install/turtle_controller_interfaces/include/turtle_controller_interfaces/turtle_controller_interfaces/srv/detail/find_closest_wall__rosidl_typesupport_introspection_c.h
[0.556s] -- Up-to-date: /home/rony/Documents/inmind/Session07/Rony-TurtleBot-Session7/ros2_ws/src/install/turtle_controller_interfaces/include/turtle_controller_interfaces/turtle_controller_interfaces/srv/detail/find_closest_wall__type_support.c
[0.556s] -- Up-to-date: /home/rony/Documents/inmind/Session07/Rony-TurtleBot-Session7/ros2_ws/src/install/turtle_controller_interfaces/lib/libturtle_controller_interfaces__rosidl_typesupport_introspection_c.so
[0.557s] -- Up-to-date: /home/rony/Documents/inmind/Session07/Rony-TurtleBot-Session7/ros2_ws/src/install/turtle_controller_interfaces/lib/libturtle_controller_interfaces__rosidl_typesupport_c.so
[0.557s] -- Up-to-date: /home/rony/Documents/inmind/Session07/Rony-TurtleBot-Session7/ros2_ws/src/install/turtle_controller_interfaces/include/turtle_controller_interfaces/turtle_controller_interfaces
[0.558s] -- Up-to-date: /home/rony/Documents/inmind/Session07/Rony-TurtleBot-Session7/ros2_ws/src/install/turtle_controller_interfaces/include/turtle_controller_interfaces/turtle_controller_interfaces/action
[0.558s] -- Up-to-date: /home/rony/Documents/inmind/Session07/Rony-TurtleBot-Session7/ros2_ws/src/install/turtle_controller_interfaces/include/turtle_controller_interfaces/turtle_controller_interfaces/action/detail
[0.558s] -- Up-to-date: /home/rony/Documents/inmind/Session07/Rony-TurtleBot-Session7/ros2_ws/src/install/turtle_controller_interfaces/include/turtle_controller_interfaces/turtle_controller_interfaces/action/detail/measure_lap_time__type_support.cpp
[0.558s] -- Up-to-date: /home/rony/Documents/inmind/Session07/Rony-TurtleBot-Session7/ros2_ws/src/install/turtle_controller_interfaces/include/turtle_controller_interfaces/turtle_controller_interfaces/action/detail/measure_lap_time__rosidl_typesupport_introspection_cpp.hpp
[0.558s] -- Up-to-date: /home/rony/Documents/inmind/Session07/Rony-TurtleBot-Session7/ros2_ws/src/install/turtle_controller_interfaces/include/turtle_controller_interfaces/turtle_controller_interfaces/srv
[0.558s] -- Up-to-date: /home/rony/Documents/inmind/Session07/Rony-TurtleBot-Session7/ros2_ws/src/install/turtle_controller_interfaces/include/turtle_controller_interfaces/turtle_controller_interfaces/srv/detail
[0.558s] -- Up-to-date: /home/rony/Documents/inmind/Session07/Rony-TurtleBot-Session7/ros2_ws/src/install/turtle_controller_interfaces/include/turtle_controller_interfaces/turtle_controller_interfaces/srv/detail/find_closest_wall__rosidl_typesupport_introspection_cpp.hpp
[0.558s] -- Up-to-date: /home/rony/Documents/inmind/Session07/Rony-TurtleBot-Session7/ros2_ws/src/install/turtle_controller_interfaces/include/turtle_controller_interfaces/turtle_controller_interfaces/srv/detail/find_closest_wall__type_support.cpp
[0.559s] -- Up-to-date: /home/rony/Documents/inmind/Session07/Rony-TurtleBot-Session7/ros2_ws/src/install/turtle_controller_interfaces/lib/libturtle_controller_interfaces__rosidl_typesupport_introspection_cpp.so
[0.559s] -- Up-to-date: /home/rony/Documents/inmind/Session07/Rony-TurtleBot-Session7/ros2_ws/src/install/turtle_controller_interfaces/lib/libturtle_controller_interfaces__rosidl_typesupport_cpp.so
[0.559s] -- Up-to-date: /home/rony/Documents/inmind/Session07/Rony-TurtleBot-Session7/ros2_ws/src/install/turtle_controller_interfaces/share/turtle_controller_interfaces/environment/pythonpath.sh
[0.560s] -- Up-to-date: /home/rony/Documents/inmind/Session07/Rony-TurtleBot-Session7/ros2_ws/src/install/turtle_controller_interfaces/share/turtle_controller_interfaces/environment/pythonpath.dsv
[0.560s] -- Up-to-date: /home/rony/Documents/inmind/Session07/Rony-TurtleBot-Session7/ros2_ws/src/install/turtle_controller_interfaces/local/lib/python3.10/dist-packages/turtle_controller_interfaces-0.0.0-py3.10.egg-info
[0.560s] -- Installing: /home/rony/Documents/inmind/Session07/Rony-TurtleBot-Session7/ros2_ws/src/install/turtle_controller_interfaces/local/lib/python3.10/dist-packages/turtle_controller_interfaces-0.0.0-py3.10.egg-info/SOURCES.txt
[0.560s] -- Installing: /home/rony/Documents/inmind/Session07/Rony-TurtleBot-Session7/ros2_ws/src/install/turtle_controller_interfaces/local/lib/python3.10/dist-packages/turtle_controller_interfaces-0.0.0-py3.10.egg-info/dependency_links.txt
[0.560s] -- Installing: /home/rony/Documents/inmind/Session07/Rony-TurtleBot-Session7/ros2_ws/src/install/turtle_controller_interfaces/local/lib/python3.10/dist-packages/turtle_controller_interfaces-0.0.0-py3.10.egg-info/PKG-INFO
[0.560s] -- Installing: /home/rony/Documents/inmind/Session07/Rony-TurtleBot-Session7/ros2_ws/src/install/turtle_controller_interfaces/local/lib/python3.10/dist-packages/turtle_controller_interfaces-0.0.0-py3.10.egg-info/top_level.txt
[0.560s] -- Up-to-date: /home/rony/Documents/inmind/Session07/Rony-TurtleBot-Session7/ros2_ws/src/install/turtle_controller_interfaces/local/lib/python3.10/dist-packages/turtle_controller_interfaces
[0.560s] -- Up-to-date: /home/rony/Documents/inmind/Session07/Rony-TurtleBot-Session7/ros2_ws/src/install/turtle_controller_interfaces/local/lib/python3.10/dist-packages/turtle_controller_interfaces/turtle_controller_interfaces_s__rosidl_typesupport_fastrtps_c.cpython-310-x86_64-linux-gnu.so
[0.561s] -- Up-to-date: /home/rony/Documents/inmind/Session07/Rony-TurtleBot-Session7/ros2_ws/src/install/turtle_controller_interfaces/local/lib/python3.10/dist-packages/turtle_controller_interfaces/_turtle_controller_interfaces_s.ep.rosidl_typesupport_introspection_c.c
[0.561s] -- Up-to-date: /home/rony/Documents/inmind/Session07/Rony-TurtleBot-Session7/ros2_ws/src/install/turtle_controller_interfaces/local/lib/python3.10/dist-packages/turtle_controller_interfaces/__init__.py
[0.561s] -- Up-to-date: /home/rony/Documents/inmind/Session07/Rony-TurtleBot-Session7/ros2_ws/src/install/turtle_controller_interfaces/local/lib/python3.10/dist-packages/turtle_controller_interfaces/turtle_controller_interfaces_s__rosidl_typesupport_introspection_c.cpython-310-x86_64-linux-gnu.so
[0.561s] -- Up-to-date: /home/rony/Documents/inmind/Session07/Rony-TurtleBot-Session7/ros2_ws/src/install/turtle_controller_interfaces/local/lib/python3.10/dist-packages/turtle_controller_interfaces/_turtle_controller_interfaces_s.ep.rosidl_typesupport_fastrtps_c.c
[0.561s] -- Up-to-date: /home/rony/Documents/inmind/Session07/Rony-TurtleBot-Session7/ros2_ws/src/install/turtle_controller_interfaces/local/lib/python3.10/dist-packages/turtle_controller_interfaces/libturtle_controller_interfaces__rosidl_generator_py.so
[0.561s] -- Up-to-date: /home/rony/Documents/inmind/Session07/Rony-TurtleBot-Session7/ros2_ws/src/install/turtle_controller_interfaces/local/lib/python3.10/dist-packages/turtle_controller_interfaces/action
[0.561s] -- Up-to-date: /home/rony/Documents/inmind/Session07/Rony-TurtleBot-Session7/ros2_ws/src/install/turtle_controller_interfaces/local/lib/python3.10/dist-packages/turtle_controller_interfaces/action/_measure_lap_time_s.c
[0.561s] -- Up-to-date: /home/rony/Documents/inmind/Session07/Rony-TurtleBot-Session7/ros2_ws/src/install/turtle_controller_interfaces/local/lib/python3.10/dist-packages/turtle_controller_interfaces/action/__init__.py
[0.561s] -- Up-to-date: /home/rony/Documents/inmind/Session07/Rony-TurtleBot-Session7/ros2_ws/src/install/turtle_controller_interfaces/local/lib/python3.10/dist-packages/turtle_controller_interfaces/action/_measure_lap_time.py
[0.561s] -- Up-to-date: /home/rony/Documents/inmind/Session07/Rony-TurtleBot-Session7/ros2_ws/src/install/turtle_controller_interfaces/local/lib/python3.10/dist-packages/turtle_controller_interfaces/turtle_controller_interfaces_s__rosidl_typesupport_c.cpython-310-x86_64-linux-gnu.so
[0.561s] -- Up-to-date: /home/rony/Documents/inmind/Session07/Rony-TurtleBot-Session7/ros2_ws/src/install/turtle_controller_interfaces/local/lib/python3.10/dist-packages/turtle_controller_interfaces/_turtle_controller_interfaces_s.ep.rosidl_typesupport_c.c
[0.561s] -- Up-to-date: /home/rony/Documents/inmind/Session07/Rony-TurtleBot-Session7/ros2_ws/src/install/turtle_controller_interfaces/local/lib/python3.10/dist-packages/turtle_controller_interfaces/srv
[0.561s] -- Up-to-date: /home/rony/Documents/inmind/Session07/Rony-TurtleBot-Session7/ros2_ws/src/install/turtle_controller_interfaces/local/lib/python3.10/dist-packages/turtle_controller_interfaces/srv/__init__.py
[0.561s] -- Up-to-date: /home/rony/Documents/inmind/Session07/Rony-TurtleBot-Session7/ros2_ws/src/install/turtle_controller_interfaces/local/lib/python3.10/dist-packages/turtle_controller_interfaces/srv/_find_closest_wall.py
[0.562s] -- Up-to-date: /home/rony/Documents/inmind/Session07/Rony-TurtleBot-Session7/ros2_ws/src/install/turtle_controller_interfaces/local/lib/python3.10/dist-packages/turtle_controller_interfaces/srv/_find_closest_wall_s.c
[0.596s] Listing '/home/rony/Documents/inmind/Session07/Rony-TurtleBot-Session7/ros2_ws/src/install/turtle_controller_interfaces/local/lib/python3.10/dist-packages/turtle_controller_interfaces'...
[0.596s] Listing '/home/rony/Documents/inmind/Session07/Rony-TurtleBot-Session7/ros2_ws/src/install/turtle_controller_interfaces/local/lib/python3.10/dist-packages/turtle_controller_interfaces/action'...
[0.596s] Listing '/home/rony/Documents/inmind/Session07/Rony-TurtleBot-Session7/ros2_ws/src/install/turtle_controller_interfaces/local/lib/python3.10/dist-packages/turtle_controller_interfaces/srv'...
[0.600s] -- Up-to-date: /home/rony/Documents/inmind/Session07/Rony-TurtleBot-Session7/ros2_ws/src/install/turtle_controller_interfaces/local/lib/python3.10/dist-packages/turtle_controller_interfaces/turtle_controller_interfaces_s__rosidl_typesupport_fastrtps_c.cpython-310-x86_64-linux-gnu.so
[0.601s] -- Up-to-date: /home/rony/Documents/inmind/Session07/Rony-TurtleBot-Session7/ros2_ws/src/install/turtle_controller_interfaces/local/lib/python3.10/dist-packages/turtle_controller_interfaces/turtle_controller_interfaces_s__rosidl_typesupport_introspection_c.cpython-310-x86_64-linux-gnu.so
[0.602s] -- Up-to-date: /home/rony/Documents/inmind/Session07/Rony-TurtleBot-Session7/ros2_ws/src/install/turtle_controller_interfaces/local/lib/python3.10/dist-packages/turtle_controller_interfaces/turtle_controller_interfaces_s__rosidl_typesupport_c.cpython-310-x86_64-linux-gnu.so
[0.603s] -- Up-to-date: /home/rony/Documents/inmind/Session07/Rony-TurtleBot-Session7/ros2_ws/src/install/turtle_controller_interfaces/lib/libturtle_controller_interfaces__rosidl_generator_py.so
[0.603s] -- Up-to-date: /home/rony/Documents/inmind/Session07/Rony-TurtleBot-Session7/ros2_ws/src/install/turtle_controller_interfaces/share/turtle_controller_interfaces/action/MeasureLapTime.idl
[0.603s] -- Up-to-date: /home/rony/Documents/inmind/Session07/Rony-TurtleBot-Session7/ros2_ws/src/install/turtle_controller_interfaces/share/turtle_controller_interfaces/srv/FindClosestWall.idl
[0.603s] -- Up-to-date: /home/rony/Documents/inmind/Session07/Rony-TurtleBot-Session7/ros2_ws/src/install/turtle_controller_interfaces/share/turtle_controller_interfaces/action/MeasureLapTime.action
[0.603s] -- Up-to-date: /home/rony/Documents/inmind/Session07/Rony-TurtleBot-Session7/ros2_ws/src/install/turtle_controller_interfaces/share/turtle_controller_interfaces/srv/FindClosestWall.srv
[0.603s] -- Up-to-date: /home/rony/Documents/inmind/Session07/Rony-TurtleBot-Session7/ros2_ws/src/install/turtle_controller_interfaces/share/turtle_controller_interfaces/srv/FindClosestWall_Request.msg
[0.603s] -- Up-to-date: /home/rony/Documents/inmind/Session07/Rony-TurtleBot-Session7/ros2_ws/src/install/turtle_controller_interfaces/share/turtle_controller_interfaces/srv/FindClosestWall_Response.msg
[0.603s] -- Up-to-date: /home/rony/Documents/inmind/Session07/Rony-TurtleBot-Session7/ros2_ws/src/install/turtle_controller_interfaces/share/ament_index/resource_index/package_run_dependencies/turtle_controller_interfaces
[0.603s] -- Up-to-date: /home/rony/Documents/inmind/Session07/Rony-TurtleBot-Session7/ros2_ws/src/install/turtle_controller_interfaces/share/ament_index/resource_index/parent_prefix_path/turtle_controller_interfaces
[0.603s] -- Up-to-date: /home/rony/Documents/inmind/Session07/Rony-TurtleBot-Session7/ros2_ws/src/install/turtle_controller_interfaces/share/turtle_controller_interfaces/environment/ament_prefix_path.sh
[0.603s] -- Up-to-date: /home/rony/Documents/inmind/Session07/Rony-TurtleBot-Session7/ros2_ws/src/install/turtle_controller_interfaces/share/turtle_controller_interfaces/environment/ament_prefix_path.dsv
[0.603s] -- Up-to-date: /home/rony/Documents/inmind/Session07/Rony-TurtleBot-Session7/ros2_ws/src/install/turtle_controller_interfaces/share/turtle_controller_interfaces/environment/path.sh
[0.603s] -- Up-to-date: /home/rony/Documents/inmind/Session07/Rony-TurtleBot-Session7/ros2_ws/src/install/turtle_controller_interfaces/share/turtle_controller_interfaces/environment/path.dsv
[0.604s] -- Up-to-date: /home/rony/Documents/inmind/Session07/Rony-TurtleBot-Session7/ros2_ws/src/install/turtle_controller_interfaces/share/turtle_controller_interfaces/local_setup.bash
[0.604s] -- Up-to-date: /home/rony/Documents/inmind/Session07/Rony-TurtleBot-Session7/ros2_ws/src/install/turtle_controller_interfaces/share/turtle_controller_interfaces/local_setup.sh
[0.604s] -- Up-to-date: /home/rony/Documents/inmind/Session07/Rony-TurtleBot-Session7/ros2_ws/src/install/turtle_controller_interfaces/share/turtle_controller_interfaces/local_setup.zsh
[0.604s] -- Up-to-date: /home/rony/Documents/inmind/Session07/Rony-TurtleBot-Session7/ros2_ws/src/install/turtle_controller_interfaces/share/turtle_controller_interfaces/local_setup.dsv
[0.604s] -- Installing: /home/rony/Documents/inmind/Session07/Rony-TurtleBot-Session7/ros2_ws/src/install/turtle_controller_interfaces/share/turtle_controller_interfaces/package.dsv
[0.604s] -- Up-to-date: /home/rony/Documents/inmind/Session07/Rony-TurtleBot-Session7/ros2_ws/src/install/turtle_controller_interfaces/share/ament_index/resource_index/packages/turtle_controller_interfaces
[0.604s] -- Up-to-date: /home/rony/Documents/inmind/Session07/Rony-TurtleBot-Session7/ros2_ws/src/install/turtle_controller_interfaces/share/turtle_controller_interfaces/cmake/export_turtle_controller_interfaces__rosidl_generator_cExport.cmake
[0.605s] -- Up-to-date: /home/rony/Documents/inmind/Session07/Rony-TurtleBot-Session7/ros2_ws/src/install/turtle_controller_interfaces/share/turtle_controller_interfaces/cmake/export_turtle_controller_interfaces__rosidl_generator_cExport-noconfig.cmake
[0.605s] -- Up-to-date: /home/rony/Documents/inmind/Session07/Rony-TurtleBot-Session7/ros2_ws/src/install/turtle_controller_interfaces/share/turtle_controller_interfaces/cmake/export_turtle_controller_interfaces__rosidl_typesupport_fastrtps_cExport.cmake
[0.605s] -- Up-to-date: /home/rony/Documents/inmind/Session07/Rony-TurtleBot-Session7/ros2_ws/src/install/turtle_controller_interfaces/share/turtle_controller_interfaces/cmake/export_turtle_controller_interfaces__rosidl_typesupport_fastrtps_cExport-noconfig.cmake
[0.606s] -- Up-to-date: /home/rony/Documents/inmind/Session07/Rony-TurtleBot-Session7/ros2_ws/src/install/turtle_controller_interfaces/share/turtle_controller_interfaces/cmake/export_turtle_controller_interfaces__rosidl_generator_cppExport.cmake
[0.606s] -- Up-to-date: /home/rony/Documents/inmind/Session07/Rony-TurtleBot-Session7/ros2_ws/src/install/turtle_controller_interfaces/share/turtle_controller_interfaces/cmake/export_turtle_controller_interfaces__rosidl_typesupport_fastrtps_cppExport.cmake
[0.606s] -- Up-to-date: /home/rony/Documents/inmind/Session07/Rony-TurtleBot-Session7/ros2_ws/src/install/turtle_controller_interfaces/share/turtle_controller_interfaces/cmake/export_turtle_controller_interfaces__rosidl_typesupport_fastrtps_cppExport-noconfig.cmake
[0.607s] -- Up-to-date: /home/rony/Documents/inmind/Session07/Rony-TurtleBot-Session7/ros2_ws/src/install/turtle_controller_interfaces/share/turtle_controller_interfaces/cmake/turtle_controller_interfaces__rosidl_typesupport_introspection_cExport.cmake
[0.607s] -- Up-to-date: /home/rony/Documents/inmind/Session07/Rony-TurtleBot-Session7/ros2_ws/src/install/turtle_controller_interfaces/share/turtle_controller_interfaces/cmake/turtle_controller_interfaces__rosidl_typesupport_introspection_cExport-noconfig.cmake
[0.608s] -- Up-to-date: /home/rony/Documents/inmind/Session07/Rony-TurtleBot-Session7/ros2_ws/src/install/turtle_controller_interfaces/share/turtle_controller_interfaces/cmake/turtle_controller_interfaces__rosidl_typesupport_cExport.cmake
[0.608s] -- Up-to-date: /home/rony/Documents/inmind/Session07/Rony-TurtleBot-Session7/ros2_ws/src/install/turtle_controller_interfaces/share/turtle_controller_interfaces/cmake/turtle_controller_interfaces__rosidl_typesupport_cExport-noconfig.cmake
[0.608s] -- Up-to-date: /home/rony/Documents/inmind/Session07/Rony-TurtleBot-Session7/ros2_ws/src/install/turtle_controller_interfaces/share/turtle_controller_interfaces/cmake/turtle_controller_interfaces__rosidl_typesupport_introspection_cppExport.cmake
[0.608s] -- Up-to-date: /home/rony/Documents/inmind/Session07/Rony-TurtleBot-Session7/ros2_ws/src/install/turtle_controller_interfaces/share/turtle_controller_interfaces/cmake/turtle_controller_interfaces__rosidl_typesupport_introspection_cppExport-noconfig.cmake
[0.609s] -- Up-to-date: /home/rony/Documents/inmind/Session07/Rony-TurtleBot-Session7/ros2_ws/src/install/turtle_controller_interfaces/share/turtle_controller_interfaces/cmake/turtle_controller_interfaces__rosidl_typesupport_cppExport.cmake
[0.609s] -- Up-to-date: /home/rony/Documents/inmind/Session07/Rony-TurtleBot-Session7/ros2_ws/src/install/turtle_controller_interfaces/share/turtle_controller_interfaces/cmake/turtle_controller_interfaces__rosidl_typesupport_cppExport-noconfig.cmake
[0.610s] -- Up-to-date: /home/rony/Documents/inmind/Session07/Rony-TurtleBot-Session7/ros2_ws/src/install/turtle_controller_interfaces/share/turtle_controller_interfaces/cmake/export_turtle_controller_interfaces__rosidl_generator_pyExport.cmake
[0.610s] -- Up-to-date: /home/rony/Documents/inmind/Session07/Rony-TurtleBot-Session7/ros2_ws/src/install/turtle_controller_interfaces/share/turtle_controller_interfaces/cmake/export_turtle_controller_interfaces__rosidl_generator_pyExport-noconfig.cmake
[0.610s] -- Up-to-date: /home/rony/Documents/inmind/Session07/Rony-TurtleBot-Session7/ros2_ws/src/install/turtle_controller_interfaces/share/turtle_controller_interfaces/cmake/rosidl_cmake-extras.cmake
[0.610s] -- Up-to-date: /home/rony/Documents/inmind/Session07/Rony-TurtleBot-Session7/ros2_ws/src/install/turtle_controller_interfaces/share/turtle_controller_interfaces/cmake/ament_cmake_export_dependencies-extras.cmake
[0.610s] -- Up-to-date: /home/rony/Documents/inmind/Session07/Rony-TurtleBot-Session7/ros2_ws/src/install/turtle_controller_interfaces/share/turtle_controller_interfaces/cmake/ament_cmake_export_include_directories-extras.cmake
[0.610s] -- Up-to-date: /home/rony/Documents/inmind/Session07/Rony-TurtleBot-Session7/ros2_ws/src/install/turtle_controller_interfaces/share/turtle_controller_interfaces/cmake/ament_cmake_export_libraries-extras.cmake
[0.610s] -- Up-to-date: /home/rony/Documents/inmind/Session07/Rony-TurtleBot-Session7/ros2_ws/src/install/turtle_controller_interfaces/share/turtle_controller_interfaces/cmake/ament_cmake_export_targets-extras.cmake
[0.610s] -- Up-to-date: /home/rony/Documents/inmind/Session07/Rony-TurtleBot-Session7/ros2_ws/src/install/turtle_controller_interfaces/share/turtle_controller_interfaces/cmake/rosidl_cmake_export_typesupport_targets-extras.cmake
[0.610s] -- Up-to-date: /home/rony/Documents/inmind/Session07/Rony-TurtleBot-Session7/ros2_ws/src/install/turtle_controller_interfaces/share/turtle_controller_interfaces/cmake/rosidl_cmake_export_typesupport_libraries-extras.cmake
[0.610s] -- Up-to-date: /home/rony/Documents/inmind/Session07/Rony-TurtleBot-Session7/ros2_ws/src/install/turtle_controller_interfaces/share/turtle_controller_interfaces/cmake/turtle_controller_interfacesConfig.cmake
[0.610s] -- Up-to-date: /home/rony/Documents/inmind/Session07/Rony-TurtleBot-Session7/ros2_ws/src/install/turtle_controller_interfaces/share/turtle_controller_interfaces/cmake/turtle_controller_interfacesConfig-version.cmake
[0.610s] -- Up-to-date: /home/rony/Documents/inmind/Session07/Rony-TurtleBot-Session7/ros2_ws/src/install/turtle_controller_interfaces/share/turtle_controller_interfaces/package.xml
[0.612s] Invoked command in '/home/rony/Documents/inmind/Session07/Rony-TurtleBot-Session7/ros2_ws/src/build/turtle_controller_interfaces' returned '0': CMAKE_PREFIX_PATH=${CMAKE_PREFIX_PATH}:/home/rony/Documents/inmind/Session07/Rony-TurtleBot-Session7/ros2_ws/src/install/turtle_controller:/opt/ros/humble /usr/bin/cmake --install /home/rony/Documents/inmind/Session07/Rony-TurtleBot-Session7/ros2_ws/src/build/turtle_controller_interfaces
