running egg_info
creating ../build/turtle_controller/turtle_controller.egg-info
writing ../build/turtle_controller/turtle_controller.egg-info/PKG-INFO
writing dependency_links to ../build/turtle_controller/turtle_controller.egg-info/dependency_links.txt
writing entry points to ../build/turtle_controller/turtle_controller.egg-info/entry_points.txt
writing requirements to ../build/turtle_controller/turtle_controller.egg-info/requires.txt
writing top-level names to ../build/turtle_controller/turtle_controller.egg-info/top_level.txt
writing manifest file '../build/turtle_controller/turtle_controller.egg-info/SOURCES.txt'
reading manifest file '../build/turtle_controller/turtle_controller.egg-info/SOURCES.txt'
writing manifest file '../build/turtle_controller/turtle_controller.egg-info/SOURCES.txt'
running build
running build_py
creating /home/rony/Documents/inmind/Session07/Rony-TurtleBot-Session7/ros2_ws/src/build/turtle_controller/build
creating /home/rony/Documents/inmind/Session07/Rony-TurtleBot-Session7/ros2_ws/src/build/turtle_controller/build/lib
creating /home/rony/Documents/inmind/Session07/Rony-TurtleBot-Session7/ros2_ws/src/build/turtle_controller/build/lib/turtle_controller
copying turtle_controller/robot_driver.py -> /home/rony/Documents/inmind/Session07/Rony-TurtleBot-Session7/ros2_ws/src/build/turtle_controller/build/lib/turtle_controller
copying turtle_controller/__init__.py -> /home/rony/Documents/inmind/Session07/Rony-TurtleBot-Session7/ros2_ws/src/build/turtle_controller/build/lib/turtle_controller
copying turtle_controller/wall_finder_srv.py -> /home/rony/Documents/inmind/Session07/Rony-TurtleBot-Session7/ros2_ws/src/build/turtle_controller/build/lib/turtle_controller
running install
running install_lib
creating /home/rony/Documents/inmind/Session07/Rony-TurtleBot-Session7/ros2_ws/src/install/turtle_controller/lib/python3.10/site-packages/turtle_controller
copying /home/rony/Documents/inmind/Session07/Rony-TurtleBot-Session7/ros2_ws/src/build/turtle_controller/build/lib/turtle_controller/robot_driver.py -> /home/rony/Documents/inmind/Session07/Rony-TurtleBot-Session7/ros2_ws/src/install/turtle_controller/lib/python3.10/site-packages/turtle_controller
copying /home/rony/Documents/inmind/Session07/Rony-TurtleBot-Session7/ros2_ws/src/build/turtle_controller/build/lib/turtle_controller/__init__.py -> /home/rony/Documents/inmind/Session07/Rony-TurtleBot-Session7/ros2_ws/src/install/turtle_controller/lib/python3.10/site-packages/turtle_controller
copying /home/rony/Documents/inmind/Session07/Rony-TurtleBot-Session7/ros2_ws/src/build/turtle_controller/build/lib/turtle_controller/wall_finder_srv.py -> /home/rony/Documents/inmind/Session07/Rony-TurtleBot-Session7/ros2_ws/src/install/turtle_controller/lib/python3.10/site-packages/turtle_controller
byte-compiling /home/rony/Documents/inmind/Session07/Rony-TurtleBot-Session7/ros2_ws/src/install/turtle_controller/lib/python3.10/site-packages/turtle_controller/robot_driver.py to robot_driver.cpython-310.pyc
byte-compiling /home/rony/Documents/inmind/Session07/Rony-TurtleBot-Session7/ros2_ws/src/install/turtle_controller/lib/python3.10/site-packages/turtle_controller/__init__.py to __init__.cpython-310.pyc
byte-compiling /home/rony/Documents/inmind/Session07/Rony-TurtleBot-Session7/ros2_ws/src/install/turtle_controller/lib/python3.10/site-packages/turtle_controller/wall_finder_srv.py to wall_finder_srv.cpython-310.pyc
running install_data
creating /home/rony/Documents/inmind/Session07/Rony-TurtleBot-Session7/ros2_ws/src/install/turtle_controller/share/ament_index
creating /home/rony/Documents/inmind/Session07/Rony-TurtleBot-Session7/ros2_ws/src/install/turtle_controller/share/ament_index/resource_index
creating /home/rony/Documents/inmind/Session07/Rony-TurtleBot-Session7/ros2_ws/src/install/turtle_controller/share/ament_index/resource_index/packages
copying resource/turtle_controller -> /home/rony/Documents/inmind/Session07/Rony-TurtleBot-Session7/ros2_ws/src/install/turtle_controller/share/ament_index/resource_index/packages
copying package.xml -> /home/rony/Documents/inmind/Session07/Rony-TurtleBot-Session7/ros2_ws/src/install/turtle_controller/share/turtle_controller
running install_egg_info
Copying ../build/turtle_controller/turtle_controller.egg-info to /home/rony/Documents/inmind/Session07/Rony-TurtleBot-Session7/ros2_ws/src/install/turtle_controller/lib/python3.10/site-packages/turtle_controller-0.0.0-py3.10.egg-info
running install_scripts
Installing driver_node script to /home/rony/Documents/inmind/Session07/Rony-TurtleBot-Session7/ros2_ws/src/install/turtle_controller/lib/turtle_controller
Installing wall_finder_server script to /home/rony/Documents/inmind/Session07/Rony-TurtleBot-Session7/ros2_ws/src/install/turtle_controller/lib/turtle_controller
writing list of installed files to '/home/rony/Documents/inmind/Session07/Rony-TurtleBot-Session7/ros2_ws/src/build/turtle_controller/install.log'
