[0.200s] Invoking command in '/home/rony/Documents/inmind/Session07/Rony-TurtleBot-Session7/ros2_ws/src/build/turtle_controller_interfaces': CMAKE_PREFIX_PATH=${CMAKE_PREFIX_PATH}:/home/rony/Documents/inmind/Session07/Rony-TurtleBot-Session7/ros2_ws/src/install/turtle_controller:/opt/ros/humble /usr/bin/cmake --build /home/rony/Documents/inmind/Session07/Rony-TurtleBot-Session7/ros2_ws/src/build/turtle_controller_interfaces -- -j8 -l8
[0.262s] [  2%] Built target turtle_controller_interfaces__cpp
[0.272s] [ 12%] Built target turtle_controller_interfaces__rosidl_generator_c
[0.274s] [ 12%] Built target ament_cmake_python_copy_turtle_controller_interfaces
[0.294s] [ 28%] Built target turtle_controller_interfaces__rosidl_typesupport_fastrtps_cpp
[0.295s] [ 33%] Built target turtle_controller_interfaces__rosidl_typesupport_introspection_cpp
[0.301s] [ 43%] Built target turtle_controller_interfaces__rosidl_typesupport_cpp
[0.301s] [ 53%] Built target turtle_controller_interfaces__rosidl_typesupport_c
[0.304s] [ 64%] Built target turtle_controller_interfaces__rosidl_typesupport_fastrtps_c
[0.308s] [ 74%] Built target turtle_controller_interfaces__rosidl_typesupport_introspection_c
[0.327s] [ 74%] Built target turtle_controller_interfaces
[0.346s] [ 76%] Built target turtle_controller_interfaces__py
[0.366s] [ 84%] Built target turtle_controller_interfaces__rosidl_generator_py
[0.390s] [ 92%] Built target turtle_controller_interfaces__rosidl_typesupport_c__pyext
[0.390s] [ 94%] Built target turtle_controller_interfaces__rosidl_typesupport_fastrtps_c__pyext
[0.392s] [100%] Built target turtle_controller_interfaces__rosidl_typesupport_introspection_c__pyext
[0.488s] running egg_info
[0.501s] writing turtle_controller_interfaces.egg-info/PKG-INFO
[0.502s] writing dependency_links to turtle_controller_interfaces.egg-info/dependency_links.txt
[0.502s] writing top-level names to turtle_controller_interfaces.egg-info/top_level.txt
[0.540s] reading manifest file 'turtle_controller_interfaces.egg-info/SOURCES.txt'
[0.540s] writing manifest file 'turtle_controller_interfaces.egg-info/SOURCES.txt'
[0.569s] [100%] Built target ament_cmake_python_build_turtle_controller_interfaces_egg
[0.580s] Invoked command in '/home/rony/Documents/inmind/Session07/Rony-TurtleBot-Session7/ros2_ws/src/build/turtle_controller_interfaces' returned '0': CMAKE_PREFIX_PATH=${CMAKE_PREFIX_PATH}:/home/rony/Documents/inmind/Session07/Rony-TurtleBot-Session7/ros2_ws/src/install/turtle_controller:/opt/ros/humble /usr/bin/cmake --build /home/rony/Documents/inmind/Session07/Rony-TurtleBot-Session7/ros2_ws/src/build/turtle_controller_interfaces -- -j8 -l8
[0.673s] Invoking command in '/home/rony/Documents/inmind/Session07/Rony-TurtleBot-Session7/ros2_ws/src/build/turtle_controller_interfaces': CMAKE_PREFIX_PATH=${CMAKE_PREFIX_PATH}:/home/rony/Documents/inmind/Session07/Rony-TurtleBot-Session7/ros2_ws/src/install/turtle_controller:/opt/ros/humble /usr/bin/cmake --install /home/rony/Documents/inmind/Session07/Rony-TurtleBot-Session7/ros2_ws/src/build/turtle_controller_interfaces
[0.683s] -- Install configuration: ""
[0.683s] -- Up-to-date: /home/rony/Documents/inmind/Session07/Rony-TurtleBot-Session7/ros2_ws/src/install/turtle_controller_interfaces/share/ament_index/resource_index/rosidl_interfaces/turtle_controller_interfaces
[0.683s] -- Up-to-date: /home/rony/Documents/inmind/Session07/Rony-TurtleBot-Session7/ros2_ws/src/install/turtle_controller_interfaces/include/turtle_controller_interfaces/turtle_controller_interfaces
[0.683s] -- Up-to-date: /home/rony/Documents/inmind/Session07/Rony-TurtleBot-Session7/ros2_ws/src/install/turtle_controller_interfaces/include/turtle_controller_interfaces/turtle_controller_interfaces/msg
[0.683s] -- Up-to-date: /home/rony/Documents/inmind/Session07/Rony-TurtleBot-Session7/ros2_ws/src/install/turtle_controller_interfaces/include/turtle_controller_interfaces/turtle_controller_interfaces/msg/rosidl_generator_c__visibility_control.h
[0.684s] -- Up-to-date: /home/rony/Documents/inmind/Session07/Rony-TurtleBot-Session7/ros2_ws/src/install/turtle_controller_interfaces/include/turtle_controller_interfaces/turtle_controller_interfaces/action
[0.684s] -- Up-to-date: /home/rony/Documents/inmind/Session07/Rony-TurtleBot-Session7/ros2_ws/src/install/turtle_controller_interfaces/include/turtle_controller_interfaces/turtle_controller_interfaces/action/measure_lap_time.h
[0.684s] -- Up-to-date: /home/rony/Documents/inmind/Session07/Rony-TurtleBot-Session7/ros2_ws/src/install/turtle_controller_interfaces/include/turtle_controller_interfaces/turtle_controller_interfaces/action/detail
[0.684s] -- Up-to-date: /home/rony/Documents/inmind/Session07/Rony-TurtleBot-Session7/ros2_ws/src/install/turtle_controller_interfaces/include/turtle_controller_interfaces/turtle_controller_interfaces/action/detail/measure_lap_time__functions.c
[0.684s] -- Up-to-date: /home/rony/Documents/inmind/Session07/Rony-TurtleBot-Session7/ros2_ws/src/install/turtle_controller_interfaces/include/turtle_controller_interfaces/turtle_controller_interfaces/action/detail/measure_lap_time__functions.h
[0.684s] -- Up-to-date: /home/rony/Documents/inmind/Session07/Rony-TurtleBot-Session7/ros2_ws/src/install/turtle_controller_interfaces/include/turtle_controller_interfaces/turtle_controller_interfaces/action/detail/measure_lap_time__type_support.h
[0.684s] -- Up-to-date: /home/rony/Documents/inmind/Session07/Rony-TurtleBot-Session7/ros2_ws/src/install/turtle_controller_interfaces/include/turtle_controller_interfaces/turtle_controller_interfaces/action/detail/measure_lap_time__struct.h
[0.684s] -- Up-to-date: /home/rony/Documents/inmind/Session07/Rony-TurtleBot-Session7/ros2_ws/src/install/turtle_controller_interfaces/include/turtle_controller_interfaces/turtle_controller_interfaces/srv
[0.684s] -- Up-to-date: /home/rony/Documents/inmind/Session07/Rony-TurtleBot-Session7/ros2_ws/src/install/turtle_controller_interfaces/include/turtle_controller_interfaces/turtle_controller_interfaces/srv/detail
[0.684s] -- Up-to-date: /home/rony/Documents/inmind/Session07/Rony-TurtleBot-Session7/ros2_ws/src/install/turtle_controller_interfaces/include/turtle_controller_interfaces/turtle_controller_interfaces/srv/detail/find_closest_wall__type_support.h
[0.684s] -- Up-to-date: /home/rony/Documents/inmind/Session07/Rony-TurtleBot-Session7/ros2_ws/src/install/turtle_controller_interfaces/include/turtle_controller_interfaces/turtle_controller_interfaces/srv/detail/find_closest_wall__struct.h
[0.685s] -- Up-to-date: /home/rony/Documents/inmind/Session07/Rony-TurtleBot-Session7/ros2_ws/src/install/turtle_controller_interfaces/include/turtle_controller_interfaces/turtle_controller_interfaces/srv/detail/find_closest_wall__functions.c
[0.685s] -- Up-to-date: /home/rony/Documents/inmind/Session07/Rony-TurtleBot-Session7/ros2_ws/src/install/turtle_controller_interfaces/include/turtle_controller_interfaces/turtle_controller_interfaces/srv/detail/find_closest_wall__functions.h
[0.685s] -- Up-to-date: /home/rony/Documents/inmind/Session07/Rony-TurtleBot-Session7/ros2_ws/src/install/turtle_controller_interfaces/include/turtle_controller_interfaces/turtle_controller_interfaces/srv/find_closest_wall.h
[0.685s] -- Up-to-date: /home/rony/Documents/inmind/Session07/Rony-TurtleBot-Session7/ros2_ws/src/install/turtle_controller_interfaces/share/turtle_controller_interfaces/environment/library_path.sh
[0.685s] -- Up-to-date: /home/rony/Documents/inmind/Session07/Rony-TurtleBot-Session7/ros2_ws/src/install/turtle_controller_interfaces/share/turtle_controller_interfaces/environment/library_path.dsv
[0.685s] -- Up-to-date: /home/rony/Documents/inmind/Session07/Rony-TurtleBot-Session7/ros2_ws/src/install/turtle_controller_interfaces/lib/libturtle_controller_interfaces__rosidl_generator_c.so
[0.685s] -- Up-to-date: /home/rony/Documents/inmind/Session07/Rony-TurtleBot-Session7/ros2_ws/src/install/turtle_controller_interfaces/include/turtle_controller_interfaces/turtle_controller_interfaces
[0.685s] -- Up-to-date: /home/rony/Documents/inmind/Session07/Rony-TurtleBot-Session7/ros2_ws/src/install/turtle_controller_interfaces/include/turtle_controller_interfaces/turtle_controller_interfaces/msg
[0.686s] -- Up-to-date: /home/rony/Documents/inmind/Session07/Rony-TurtleBot-Session7/ros2_ws/src/install/turtle_controller_interfaces/include/turtle_controller_interfaces/turtle_controller_interfaces/msg/rosidl_typesupport_fastrtps_c__visibility_control.h
[0.686s] -- Up-to-date: /home/rony/Documents/inmind/Session07/Rony-TurtleBot-Session7/ros2_ws/src/install/turtle_controller_interfaces/include/turtle_controller_interfaces/turtle_controller_interfaces/action
[0.686s] -- Up-to-date: /home/rony/Documents/inmind/Session07/Rony-TurtleBot-Session7/ros2_ws/src/install/turtle_controller_interfaces/include/turtle_controller_interfaces/turtle_controller_interfaces/action/detail
[0.686s] -- Up-to-date: /home/rony/Documents/inmind/Session07/Rony-TurtleBot-Session7/ros2_ws/src/install/turtle_controller_interfaces/include/turtle_controller_interfaces/turtle_controller_interfaces/action/detail/measure_lap_time__rosidl_typesupport_fastrtps_c.h
[0.686s] -- Up-to-date: /home/rony/Documents/inmind/Session07/Rony-TurtleBot-Session7/ros2_ws/src/install/turtle_controller_interfaces/include/turtle_controller_interfaces/turtle_controller_interfaces/srv
[0.686s] -- Up-to-date: /home/rony/Documents/inmind/Session07/Rony-TurtleBot-Session7/ros2_ws/src/install/turtle_controller_interfaces/include/turtle_controller_interfaces/turtle_controller_interfaces/srv/detail
[0.686s] -- Up-to-date: /home/rony/Documents/inmind/Session07/Rony-TurtleBot-Session7/ros2_ws/src/install/turtle_controller_interfaces/include/turtle_controller_interfaces/turtle_controller_interfaces/srv/detail/find_closest_wall__rosidl_typesupport_fastrtps_c.h
[0.686s] -- Up-to-date: /home/rony/Documents/inmind/Session07/Rony-TurtleBot-Session7/ros2_ws/src/install/turtle_controller_interfaces/lib/libturtle_controller_interfaces__rosidl_typesupport_fastrtps_c.so
[0.686s] -- Up-to-date: /home/rony/Documents/inmind/Session07/Rony-TurtleBot-Session7/ros2_ws/src/install/turtle_controller_interfaces/include/turtle_controller_interfaces/turtle_controller_interfaces
[0.686s] -- Up-to-date: /home/rony/Documents/inmind/Session07/Rony-TurtleBot-Session7/ros2_ws/src/install/turtle_controller_interfaces/include/turtle_controller_interfaces/turtle_controller_interfaces/action
[0.687s] -- Up-to-date: /home/rony/Documents/inmind/Session07/Rony-TurtleBot-Session7/ros2_ws/src/install/turtle_controller_interfaces/include/turtle_controller_interfaces/turtle_controller_interfaces/action/detail
[0.687s] -- Up-to-date: /home/rony/Documents/inmind/Session07/Rony-TurtleBot-Session7/ros2_ws/src/install/turtle_controller_interfaces/include/turtle_controller_interfaces/turtle_controller_interfaces/action/detail/measure_lap_time__traits.hpp
[0.687s] -- Up-to-date: /home/rony/Documents/inmind/Session07/Rony-TurtleBot-Session7/ros2_ws/src/install/turtle_controller_interfaces/include/turtle_controller_interfaces/turtle_controller_interfaces/action/detail/measure_lap_time__builder.hpp
[0.687s] -- Up-to-date: /home/rony/Documents/inmind/Session07/Rony-TurtleBot-Session7/ros2_ws/src/install/turtle_controller_interfaces/include/turtle_controller_interfaces/turtle_controller_interfaces/action/detail/measure_lap_time__struct.hpp
[0.687s] -- Up-to-date: /home/rony/Documents/inmind/Session07/Rony-TurtleBot-Session7/ros2_ws/src/install/turtle_controller_interfaces/include/turtle_controller_interfaces/turtle_controller_interfaces/action/measure_lap_time.hpp
[0.687s] -- Up-to-date: /home/rony/Documents/inmind/Session07/Rony-TurtleBot-Session7/ros2_ws/src/install/turtle_controller_interfaces/include/turtle_controller_interfaces/turtle_controller_interfaces/srv
[0.687s] -- Up-to-date: /home/rony/Documents/inmind/Session07/Rony-TurtleBot-Session7/ros2_ws/src/install/turtle_controller_interfaces/include/turtle_controller_interfaces/turtle_controller_interfaces/srv/detail
[0.687s] -- Up-to-date: /home/rony/Documents/inmind/Session07/Rony-TurtleBot-Session7/ros2_ws/src/install/turtle_controller_interfaces/include/turtle_controller_interfaces/turtle_controller_interfaces/srv/detail/find_closest_wall__builder.hpp
[0.687s] -- Up-to-date: /home/rony/Documents/inmind/Session07/Rony-TurtleBot-Session7/ros2_ws/src/install/turtle_controller_interfaces/include/turtle_controller_interfaces/turtle_controller_interfaces/srv/detail/find_closest_wall__struct.hpp
[0.687s] -- Up-to-date: /home/rony/Documents/inmind/Session07/Rony-TurtleBot-Session7/ros2_ws/src/install/turtle_controller_interfaces/include/turtle_controller_interfaces/turtle_controller_interfaces/srv/detail/find_closest_wall__traits.hpp
[0.688s] -- Up-to-date: /home/rony/Documents/inmind/Session07/Rony-TurtleBot-Session7/ros2_ws/src/install/turtle_controller_interfaces/include/turtle_controller_interfaces/turtle_controller_interfaces/srv/find_closest_wall.hpp
[0.688s] -- Up-to-date: /home/rony/Documents/inmind/Session07/Rony-TurtleBot-Session7/ros2_ws/src/install/turtle_controller_interfaces/include/turtle_controller_interfaces/turtle_controller_interfaces
[0.688s] -- Up-to-date: /home/rony/Documents/inmind/Session07/Rony-TurtleBot-Session7/ros2_ws/src/install/turtle_controller_interfaces/include/turtle_controller_interfaces/turtle_controller_interfaces/msg
[0.688s] -- Up-to-date: /home/rony/Documents/inmind/Session07/Rony-TurtleBot-Session7/ros2_ws/src/install/turtle_controller_interfaces/include/turtle_controller_interfaces/turtle_controller_interfaces/msg/rosidl_typesupport_fastrtps_cpp__visibility_control.h
[0.688s] -- Up-to-date: /home/rony/Documents/inmind/Session07/Rony-TurtleBot-Session7/ros2_ws/src/install/turtle_controller_interfaces/include/turtle_controller_interfaces/turtle_controller_interfaces/action
[0.688s] -- Up-to-date: /home/rony/Documents/inmind/Session07/Rony-TurtleBot-Session7/ros2_ws/src/install/turtle_controller_interfaces/include/turtle_controller_interfaces/turtle_controller_interfaces/action/detail
[0.688s] -- Up-to-date: /home/rony/Documents/inmind/Session07/Rony-TurtleBot-Session7/ros2_ws/src/install/turtle_controller_interfaces/include/turtle_controller_interfaces/turtle_controller_interfaces/action/detail/dds_fastrtps
[0.688s] -- Up-to-date: /home/rony/Documents/inmind/Session07/Rony-TurtleBot-Session7/ros2_ws/src/install/turtle_controller_interfaces/include/turtle_controller_interfaces/turtle_controller_interfaces/action/detail/measure_lap_time__rosidl_typesupport_fastrtps_cpp.hpp
[0.688s] -- Up-to-date: /home/rony/Documents/inmind/Session07/Rony-TurtleBot-Session7/ros2_ws/src/install/turtle_controller_interfaces/include/turtle_controller_interfaces/turtle_controller_interfaces/srv
[0.688s] -- Up-to-date: /home/rony/Documents/inmind/Session07/Rony-TurtleBot-Session7/ros2_ws/src/install/turtle_controller_interfaces/include/turtle_controller_interfaces/turtle_controller_interfaces/srv/detail
[0.688s] -- Up-to-date: /home/rony/Documents/inmind/Session07/Rony-TurtleBot-Session7/ros2_ws/src/install/turtle_controller_interfaces/include/turtle_controller_interfaces/turtle_controller_interfaces/srv/detail/dds_fastrtps
[0.688s] -- Up-to-date: /home/rony/Documents/inmind/Session07/Rony-TurtleBot-Session7/ros2_ws/src/install/turtle_controller_interfaces/include/turtle_controller_interfaces/turtle_controller_interfaces/srv/detail/find_closest_wall__rosidl_typesupport_fastrtps_cpp.hpp
[0.689s] -- Up-to-date: /home/rony/Documents/inmind/Session07/Rony-TurtleBot-Session7/ros2_ws/src/install/turtle_controller_interfaces/lib/libturtle_controller_interfaces__rosidl_typesupport_fastrtps_cpp.so
[0.689s] -- Up-to-date: /home/rony/Documents/inmind/Session07/Rony-TurtleBot-Session7/ros2_ws/src/install/turtle_controller_interfaces/include/turtle_controller_interfaces/turtle_controller_interfaces
[0.689s] -- Up-to-date: /home/rony/Documents/inmind/Session07/Rony-TurtleBot-Session7/ros2_ws/src/install/turtle_controller_interfaces/include/turtle_controller_interfaces/turtle_controller_interfaces/msg
[0.689s] -- Up-to-date: /home/rony/Documents/inmind/Session07/Rony-TurtleBot-Session7/ros2_ws/src/install/turtle_controller_interfaces/include/turtle_controller_interfaces/turtle_controller_interfaces/msg/rosidl_typesupport_introspection_c__visibility_control.h
[0.689s] -- Up-to-date: /home/rony/Documents/inmind/Session07/Rony-TurtleBot-Session7/ros2_ws/src/install/turtle_controller_interfaces/include/turtle_controller_interfaces/turtle_controller_interfaces/action
[0.689s] -- Up-to-date: /home/rony/Documents/inmind/Session07/Rony-TurtleBot-Session7/ros2_ws/src/install/turtle_controller_interfaces/include/turtle_controller_interfaces/turtle_controller_interfaces/action/detail
[0.689s] -- Up-to-date: /home/rony/Documents/inmind/Session07/Rony-TurtleBot-Session7/ros2_ws/src/install/turtle_controller_interfaces/include/turtle_controller_interfaces/turtle_controller_interfaces/action/detail/measure_lap_time__type_support.c
[0.689s] -- Up-to-date: /home/rony/Documents/inmind/Session07/Rony-TurtleBot-Session7/ros2_ws/src/install/turtle_controller_interfaces/include/turtle_controller_interfaces/turtle_controller_interfaces/action/detail/measure_lap_time__rosidl_typesupport_introspection_c.h
[0.689s] -- Up-to-date: /home/rony/Documents/inmind/Session07/Rony-TurtleBot-Session7/ros2_ws/src/install/turtle_controller_interfaces/include/turtle_controller_interfaces/turtle_controller_interfaces/srv
[0.689s] -- Up-to-date: /home/rony/Documents/inmind/Session07/Rony-TurtleBot-Session7/ros2_ws/src/install/turtle_controller_interfaces/include/turtle_controller_interfaces/turtle_controller_interfaces/srv/detail
[0.689s] -- Up-to-date: /home/rony/Documents/inmind/Session07/Rony-TurtleBot-Session7/ros2_ws/src/install/turtle_controller_interfaces/include/turtle_controller_interfaces/turtle_controller_interfaces/srv/detail/find_closest_wall__rosidl_typesupport_introspection_c.h
[0.690s] -- Up-to-date: /home/rony/Documents/inmind/Session07/Rony-TurtleBot-Session7/ros2_ws/src/install/turtle_controller_interfaces/include/turtle_controller_interfaces/turtle_controller_interfaces/srv/detail/find_closest_wall__type_support.c
[0.690s] -- Up-to-date: /home/rony/Documents/inmind/Session07/Rony-TurtleBot-Session7/ros2_ws/src/install/turtle_controller_interfaces/lib/libturtle_controller_interfaces__rosidl_typesupport_introspection_c.so
[0.690s] -- Up-to-date: /home/rony/Documents/inmind/Session07/Rony-TurtleBot-Session7/ros2_ws/src/install/turtle_controller_interfaces/lib/libturtle_controller_interfaces__rosidl_typesupport_c.so
[0.690s] -- Up-to-date: /home/rony/Documents/inmind/Session07/Rony-TurtleBot-Session7/ros2_ws/src/install/turtle_controller_interfaces/include/turtle_controller_interfaces/turtle_controller_interfaces
[0.690s] -- Up-to-date: /home/rony/Documents/inmind/Session07/Rony-TurtleBot-Session7/ros2_ws/src/install/turtle_controller_interfaces/include/turtle_controller_interfaces/turtle_controller_interfaces/action
[0.690s] -- Up-to-date: /home/rony/Documents/inmind/Session07/Rony-TurtleBot-Session7/ros2_ws/src/install/turtle_controller_interfaces/include/turtle_controller_interfaces/turtle_controller_interfaces/action/detail
[0.690s] -- Up-to-date: /home/rony/Documents/inmind/Session07/Rony-TurtleBot-Session7/ros2_ws/src/install/turtle_controller_interfaces/include/turtle_controller_interfaces/turtle_controller_interfaces/action/detail/measure_lap_time__type_support.cpp
[0.690s] -- Up-to-date: /home/rony/Documents/inmind/Session07/Rony-TurtleBot-Session7/ros2_ws/src/install/turtle_controller_interfaces/include/turtle_controller_interfaces/turtle_controller_interfaces/action/detail/measure_lap_time__rosidl_typesupport_introspection_cpp.hpp
[0.690s] -- Up-to-date: /home/rony/Documents/inmind/Session07/Rony-TurtleBot-Session7/ros2_ws/src/install/turtle_controller_interfaces/include/turtle_controller_interfaces/turtle_controller_interfaces/srv
[0.690s] -- Up-to-date: /home/rony/Documents/inmind/Session07/Rony-TurtleBot-Session7/ros2_ws/src/install/turtle_controller_interfaces/include/turtle_controller_interfaces/turtle_controller_interfaces/srv/detail
[0.690s] -- Up-to-date: /home/rony/Documents/inmind/Session07/Rony-TurtleBot-Session7/ros2_ws/src/install/turtle_controller_interfaces/include/turtle_controller_interfaces/turtle_controller_interfaces/srv/detail/find_closest_wall__rosidl_typesupport_introspection_cpp.hpp
[0.690s] -- Up-to-date: /home/rony/Documents/inmind/Session07/Rony-TurtleBot-Session7/ros2_ws/src/install/turtle_controller_interfaces/include/turtle_controller_interfaces/turtle_controller_interfaces/srv/detail/find_closest_wall__type_support.cpp
[0.690s] -- Up-to-date: /home/rony/Documents/inmind/Session07/Rony-TurtleBot-Session7/ros2_ws/src/install/turtle_controller_interfaces/lib/libturtle_controller_interfaces__rosidl_typesupport_introspection_cpp.so
[0.691s] -- Up-to-date: /home/rony/Documents/inmind/Session07/Rony-TurtleBot-Session7/ros2_ws/src/install/turtle_controller_interfaces/lib/libturtle_controller_interfaces__rosidl_typesupport_cpp.so
[0.691s] -- Up-to-date: /home/rony/Documents/inmind/Session07/Rony-TurtleBot-Session7/ros2_ws/src/install/turtle_controller_interfaces/share/turtle_controller_interfaces/environment/pythonpath.sh
[0.691s] -- Up-to-date: /home/rony/Documents/inmind/Session07/Rony-TurtleBot-Session7/ros2_ws/src/install/turtle_controller_interfaces/share/turtle_controller_interfaces/environment/pythonpath.dsv
[0.691s] -- Up-to-date: /home/rony/Documents/inmind/Session07/Rony-TurtleBot-Session7/ros2_ws/src/install/turtle_controller_interfaces/local/lib/python3.10/dist-packages/turtle_controller_interfaces-0.0.0-py3.10.egg-info
[0.692s] -- Installing: /home/rony/Documents/inmind/Session07/Rony-TurtleBot-Session7/ros2_ws/src/install/turtle_controller_interfaces/local/lib/python3.10/dist-packages/turtle_controller_interfaces-0.0.0-py3.10.egg-info/SOURCES.txt
[0.692s] -- Installing: /home/rony/Documents/inmind/Session07/Rony-TurtleBot-Session7/ros2_ws/src/install/turtle_controller_interfaces/local/lib/python3.10/dist-packages/turtle_controller_interfaces-0.0.0-py3.10.egg-info/dependency_links.txt
[0.692s] -- Installing: /home/rony/Documents/inmind/Session07/Rony-TurtleBot-Session7/ros2_ws/src/install/turtle_controller_interfaces/local/lib/python3.10/dist-packages/turtle_controller_interfaces-0.0.0-py3.10.egg-info/PKG-INFO
[0.692s] -- Installing: /home/rony/Documents/inmind/Session07/Rony-TurtleBot-Session7/ros2_ws/src/install/turtle_controller_interfaces/local/lib/python3.10/dist-packages/turtle_controller_interfaces-0.0.0-py3.10.egg-info/top_level.txt
[0.692s] -- Up-to-date: /home/rony/Documents/inmind/Session07/Rony-TurtleBot-Session7/ros2_ws/src/install/turtle_controller_interfaces/local/lib/python3.10/dist-packages/turtle_controller_interfaces
[0.692s] -- Up-to-date: /home/rony/Documents/inmind/Session07/Rony-TurtleBot-Session7/ros2_ws/src/install/turtle_controller_interfaces/local/lib/python3.10/dist-packages/turtle_controller_interfaces/turtle_controller_interfaces_s__rosidl_typesupport_fastrtps_c.cpython-310-x86_64-linux-gnu.so
[0.692s] -- Up-to-date: /home/rony/Documents/inmind/Session07/Rony-TurtleBot-Session7/ros2_ws/src/install/turtle_controller_interfaces/local/lib/python3.10/dist-packages/turtle_controller_interfaces/_turtle_controller_interfaces_s.ep.rosidl_typesupport_introspection_c.c
[0.692s] -- Up-to-date: /home/rony/Documents/inmind/Session07/Rony-TurtleBot-Session7/ros2_ws/src/install/turtle_controller_interfaces/local/lib/python3.10/dist-packages/turtle_controller_interfaces/__init__.py
[0.692s] -- Up-to-date: /home/rony/Documents/inmind/Session07/Rony-TurtleBot-Session7/ros2_ws/src/install/turtle_controller_interfaces/local/lib/python3.10/dist-packages/turtle_controller_interfaces/turtle_controller_interfaces_s__rosidl_typesupport_introspection_c.cpython-310-x86_64-linux-gnu.so
[0.692s] -- Up-to-date: /home/rony/Documents/inmind/Session07/Rony-TurtleBot-Session7/ros2_ws/src/install/turtle_controller_interfaces/local/lib/python3.10/dist-packages/turtle_controller_interfaces/_turtle_controller_interfaces_s.ep.rosidl_typesupport_fastrtps_c.c
[0.692s] -- Up-to-date: /home/rony/Documents/inmind/Session07/Rony-TurtleBot-Session7/ros2_ws/src/install/turtle_controller_interfaces/local/lib/python3.10/dist-packages/turtle_controller_interfaces/libturtle_controller_interfaces__rosidl_generator_py.so
[0.693s] -- Up-to-date: /home/rony/Documents/inmind/Session07/Rony-TurtleBot-Session7/ros2_ws/src/install/turtle_controller_interfaces/local/lib/python3.10/dist-packages/turtle_controller_interfaces/action
[0.693s] -- Up-to-date: /home/rony/Documents/inmind/Session07/Rony-TurtleBot-Session7/ros2_ws/src/install/turtle_controller_interfaces/local/lib/python3.10/dist-packages/turtle_controller_interfaces/action/_measure_lap_time_s.c
[0.693s] -- Up-to-date: /home/rony/Documents/inmind/Session07/Rony-TurtleBot-Session7/ros2_ws/src/install/turtle_controller_interfaces/local/lib/python3.10/dist-packages/turtle_controller_interfaces/action/__init__.py
[0.693s] -- Up-to-date: /home/rony/Documents/inmind/Session07/Rony-TurtleBot-Session7/ros2_ws/src/install/turtle_controller_interfaces/local/lib/python3.10/dist-packages/turtle_controller_interfaces/action/_measure_lap_time.py
[0.693s] -- Up-to-date: /home/rony/Documents/inmind/Session07/Rony-TurtleBot-Session7/ros2_ws/src/install/turtle_controller_interfaces/local/lib/python3.10/dist-packages/turtle_controller_interfaces/turtle_controller_interfaces_s__rosidl_typesupport_c.cpython-310-x86_64-linux-gnu.so
[0.693s] -- Up-to-date: /home/rony/Documents/inmind/Session07/Rony-TurtleBot-Session7/ros2_ws/src/install/turtle_controller_interfaces/local/lib/python3.10/dist-packages/turtle_controller_interfaces/_turtle_controller_interfaces_s.ep.rosidl_typesupport_c.c
[0.693s] -- Up-to-date: /home/rony/Documents/inmind/Session07/Rony-TurtleBot-Session7/ros2_ws/src/install/turtle_controller_interfaces/local/lib/python3.10/dist-packages/turtle_controller_interfaces/srv
[0.693s] -- Up-to-date: /home/rony/Documents/inmind/Session07/Rony-TurtleBot-Session7/ros2_ws/src/install/turtle_controller_interfaces/local/lib/python3.10/dist-packages/turtle_controller_interfaces/srv/__init__.py
[0.693s] -- Up-to-date: /home/rony/Documents/inmind/Session07/Rony-TurtleBot-Session7/ros2_ws/src/install/turtle_controller_interfaces/local/lib/python3.10/dist-packages/turtle_controller_interfaces/srv/_find_closest_wall.py
[0.693s] -- Up-to-date: /home/rony/Documents/inmind/Session07/Rony-TurtleBot-Session7/ros2_ws/src/install/turtle_controller_interfaces/local/lib/python3.10/dist-packages/turtle_controller_interfaces/srv/_find_closest_wall_s.c
[0.735s] Listing '/home/rony/Documents/inmind/Session07/Rony-TurtleBot-Session7/ros2_ws/src/install/turtle_controller_interfaces/local/lib/python3.10/dist-packages/turtle_controller_interfaces'...
[0.735s] Listing '/home/rony/Documents/inmind/Session07/Rony-TurtleBot-Session7/ros2_ws/src/install/turtle_controller_interfaces/local/lib/python3.10/dist-packages/turtle_controller_interfaces/action'...
[0.735s] Listing '/home/rony/Documents/inmind/Session07/Rony-TurtleBot-Session7/ros2_ws/src/install/turtle_controller_interfaces/local/lib/python3.10/dist-packages/turtle_controller_interfaces/srv'...
[0.743s] -- Up-to-date: /home/rony/Documents/inmind/Session07/Rony-TurtleBot-Session7/ros2_ws/src/install/turtle_controller_interfaces/local/lib/python3.10/dist-packages/turtle_controller_interfaces/turtle_controller_interfaces_s__rosidl_typesupport_fastrtps_c.cpython-310-x86_64-linux-gnu.so
[0.743s] -- Up-to-date: /home/rony/Documents/inmind/Session07/Rony-TurtleBot-Session7/ros2_ws/src/install/turtle_controller_interfaces/local/lib/python3.10/dist-packages/turtle_controller_interfaces/turtle_controller_interfaces_s__rosidl_typesupport_introspection_c.cpython-310-x86_64-linux-gnu.so
[0.744s] -- Up-to-date: /home/rony/Documents/inmind/Session07/Rony-TurtleBot-Session7/ros2_ws/src/install/turtle_controller_interfaces/local/lib/python3.10/dist-packages/turtle_controller_interfaces/turtle_controller_interfaces_s__rosidl_typesupport_c.cpython-310-x86_64-linux-gnu.so
[0.744s] -- Up-to-date: /home/rony/Documents/inmind/Session07/Rony-TurtleBot-Session7/ros2_ws/src/install/turtle_controller_interfaces/lib/libturtle_controller_interfaces__rosidl_generator_py.so
[0.744s] -- Up-to-date: /home/rony/Documents/inmind/Session07/Rony-TurtleBot-Session7/ros2_ws/src/install/turtle_controller_interfaces/share/turtle_controller_interfaces/action/MeasureLapTime.idl
[0.744s] -- Up-to-date: /home/rony/Documents/inmind/Session07/Rony-TurtleBot-Session7/ros2_ws/src/install/turtle_controller_interfaces/share/turtle_controller_interfaces/srv/FindClosestWall.idl
[0.745s] -- Up-to-date: /home/rony/Documents/inmind/Session07/Rony-TurtleBot-Session7/ros2_ws/src/install/turtle_controller_interfaces/share/turtle_controller_interfaces/action/MeasureLapTime.action
[0.745s] -- Up-to-date: /home/rony/Documents/inmind/Session07/Rony-TurtleBot-Session7/ros2_ws/src/install/turtle_controller_interfaces/share/turtle_controller_interfaces/srv/FindClosestWall.srv
[0.745s] -- Up-to-date: /home/rony/Documents/inmind/Session07/Rony-TurtleBot-Session7/ros2_ws/src/install/turtle_controller_interfaces/share/turtle_controller_interfaces/srv/FindClosestWall_Request.msg
[0.745s] -- Up-to-date: /home/rony/Documents/inmind/Session07/Rony-TurtleBot-Session7/ros2_ws/src/install/turtle_controller_interfaces/share/turtle_controller_interfaces/srv/FindClosestWall_Response.msg
[0.746s] -- Up-to-date: /home/rony/Documents/inmind/Session07/Rony-TurtleBot-Session7/ros2_ws/src/install/turtle_controller_interfaces/share/ament_index/resource_index/package_run_dependencies/turtle_controller_interfaces
[0.746s] -- Up-to-date: /home/rony/Documents/inmind/Session07/Rony-TurtleBot-Session7/ros2_ws/src/install/turtle_controller_interfaces/share/ament_index/resource_index/parent_prefix_path/turtle_controller_interfaces
[0.746s] -- Up-to-date: /home/rony/Documents/inmind/Session07/Rony-TurtleBot-Session7/ros2_ws/src/install/turtle_controller_interfaces/share/turtle_controller_interfaces/environment/ament_prefix_path.sh
[0.746s] -- Up-to-date: /home/rony/Documents/inmind/Session07/Rony-TurtleBot-Session7/ros2_ws/src/install/turtle_controller_interfaces/share/turtle_controller_interfaces/environment/ament_prefix_path.dsv
[0.746s] -- Up-to-date: /home/rony/Documents/inmind/Session07/Rony-TurtleBot-Session7/ros2_ws/src/install/turtle_controller_interfaces/share/turtle_controller_interfaces/environment/path.sh
[0.746s] -- Up-to-date: /home/rony/Documents/inmind/Session07/Rony-TurtleBot-Session7/ros2_ws/src/install/turtle_controller_interfaces/share/turtle_controller_interfaces/environment/path.dsv
[0.746s] -- Up-to-date: /home/rony/Documents/inmind/Session07/Rony-TurtleBot-Session7/ros2_ws/src/install/turtle_controller_interfaces/share/turtle_controller_interfaces/local_setup.bash
[0.746s] -- Up-to-date: /home/rony/Documents/inmind/Session07/Rony-TurtleBot-Session7/ros2_ws/src/install/turtle_controller_interfaces/share/turtle_controller_interfaces/local_setup.sh
[0.747s] -- Up-to-date: /home/rony/Documents/inmind/Session07/Rony-TurtleBot-Session7/ros2_ws/src/install/turtle_controller_interfaces/share/turtle_controller_interfaces/local_setup.zsh
[0.747s] -- Up-to-date: /home/rony/Documents/inmind/Session07/Rony-TurtleBot-Session7/ros2_ws/src/install/turtle_controller_interfaces/share/turtle_controller_interfaces/local_setup.dsv
[0.747s] -- Installing: /home/rony/Documents/inmind/Session07/Rony-TurtleBot-Session7/ros2_ws/src/install/turtle_controller_interfaces/share/turtle_controller_interfaces/package.dsv
[0.747s] -- Up-to-date: /home/rony/Documents/inmind/Session07/Rony-TurtleBot-Session7/ros2_ws/src/install/turtle_controller_interfaces/share/ament_index/resource_index/packages/turtle_controller_interfaces
[0.747s] -- Up-to-date: /home/rony/Documents/inmind/Session07/Rony-TurtleBot-Session7/ros2_ws/src/install/turtle_controller_interfaces/share/turtle_controller_interfaces/cmake/export_turtle_controller_interfaces__rosidl_generator_cExport.cmake
[0.747s] -- Up-to-date: /home/rony/Documents/inmind/Session07/Rony-TurtleBot-Session7/ros2_ws/src/install/turtle_controller_interfaces/share/turtle_controller_interfaces/cmake/export_turtle_controller_interfaces__rosidl_generator_cExport-noconfig.cmake
[0.747s] -- Up-to-date: /home/rony/Documents/inmind/Session07/Rony-TurtleBot-Session7/ros2_ws/src/install/turtle_controller_interfaces/share/turtle_controller_interfaces/cmake/export_turtle_controller_interfaces__rosidl_typesupport_fastrtps_cExport.cmake
[0.747s] -- Up-to-date: /home/rony/Documents/inmind/Session07/Rony-TurtleBot-Session7/ros2_ws/src/install/turtle_controller_interfaces/share/turtle_controller_interfaces/cmake/export_turtle_controller_interfaces__rosidl_typesupport_fastrtps_cExport-noconfig.cmake
[0.747s] -- Up-to-date: /home/rony/Documents/inmind/Session07/Rony-TurtleBot-Session7/ros2_ws/src/install/turtle_controller_interfaces/share/turtle_controller_interfaces/cmake/export_turtle_controller_interfaces__rosidl_generator_cppExport.cmake
[0.748s] -- Up-to-date: /home/rony/Documents/inmind/Session07/Rony-TurtleBot-Session7/ros2_ws/src/install/turtle_controller_interfaces/share/turtle_controller_interfaces/cmake/export_turtle_controller_interfaces__rosidl_typesupport_fastrtps_cppExport.cmake
[0.748s] -- Up-to-date: /home/rony/Documents/inmind/Session07/Rony-TurtleBot-Session7/ros2_ws/src/install/turtle_controller_interfaces/share/turtle_controller_interfaces/cmake/export_turtle_controller_interfaces__rosidl_typesupport_fastrtps_cppExport-noconfig.cmake
[0.748s] -- Up-to-date: /home/rony/Documents/inmind/Session07/Rony-TurtleBot-Session7/ros2_ws/src/install/turtle_controller_interfaces/share/turtle_controller_interfaces/cmake/turtle_controller_interfaces__rosidl_typesupport_introspection_cExport.cmake
[0.748s] -- Up-to-date: /home/rony/Documents/inmind/Session07/Rony-TurtleBot-Session7/ros2_ws/src/install/turtle_controller_interfaces/share/turtle_controller_interfaces/cmake/turtle_controller_interfaces__rosidl_typesupport_introspection_cExport-noconfig.cmake
[0.748s] -- Up-to-date: /home/rony/Documents/inmind/Session07/Rony-TurtleBot-Session7/ros2_ws/src/install/turtle_controller_interfaces/share/turtle_controller_interfaces/cmake/turtle_controller_interfaces__rosidl_typesupport_cExport.cmake
[0.748s] -- Up-to-date: /home/rony/Documents/inmind/Session07/Rony-TurtleBot-Session7/ros2_ws/src/install/turtle_controller_interfaces/share/turtle_controller_interfaces/cmake/turtle_controller_interfaces__rosidl_typesupport_cExport-noconfig.cmake
[0.748s] -- Up-to-date: /home/rony/Documents/inmind/Session07/Rony-TurtleBot-Session7/ros2_ws/src/install/turtle_controller_interfaces/share/turtle_controller_interfaces/cmake/turtle_controller_interfaces__rosidl_typesupport_introspection_cppExport.cmake
[0.749s] -- Up-to-date: /home/rony/Documents/inmind/Session07/Rony-TurtleBot-Session7/ros2_ws/src/install/turtle_controller_interfaces/share/turtle_controller_interfaces/cmake/turtle_controller_interfaces__rosidl_typesupport_introspection_cppExport-noconfig.cmake
[0.749s] -- Up-to-date: /home/rony/Documents/inmind/Session07/Rony-TurtleBot-Session7/ros2_ws/src/install/turtle_controller_interfaces/share/turtle_controller_interfaces/cmake/turtle_controller_interfaces__rosidl_typesupport_cppExport.cmake
[0.749s] -- Up-to-date: /home/rony/Documents/inmind/Session07/Rony-TurtleBot-Session7/ros2_ws/src/install/turtle_controller_interfaces/share/turtle_controller_interfaces/cmake/turtle_controller_interfaces__rosidl_typesupport_cppExport-noconfig.cmake
[0.749s] -- Up-to-date: /home/rony/Documents/inmind/Session07/Rony-TurtleBot-Session7/ros2_ws/src/install/turtle_controller_interfaces/share/turtle_controller_interfaces/cmake/export_turtle_controller_interfaces__rosidl_generator_pyExport.cmake
[0.749s] -- Up-to-date: /home/rony/Documents/inmind/Session07/Rony-TurtleBot-Session7/ros2_ws/src/install/turtle_controller_interfaces/share/turtle_controller_interfaces/cmake/export_turtle_controller_interfaces__rosidl_generator_pyExport-noconfig.cmake
[0.749s] -- Up-to-date: /home/rony/Documents/inmind/Session07/Rony-TurtleBot-Session7/ros2_ws/src/install/turtle_controller_interfaces/share/turtle_controller_interfaces/cmake/rosidl_cmake-extras.cmake
[0.749s] -- Up-to-date: /home/rony/Documents/inmind/Session07/Rony-TurtleBot-Session7/ros2_ws/src/install/turtle_controller_interfaces/share/turtle_controller_interfaces/cmake/ament_cmake_export_dependencies-extras.cmake
[0.749s] -- Up-to-date: /home/rony/Documents/inmind/Session07/Rony-TurtleBot-Session7/ros2_ws/src/install/turtle_controller_interfaces/share/turtle_controller_interfaces/cmake/ament_cmake_export_include_directories-extras.cmake
[0.749s] -- Up-to-date: /home/rony/Documents/inmind/Session07/Rony-TurtleBot-Session7/ros2_ws/src/install/turtle_controller_interfaces/share/turtle_controller_interfaces/cmake/ament_cmake_export_libraries-extras.cmake
[0.749s] -- Up-to-date: /home/rony/Documents/inmind/Session07/Rony-TurtleBot-Session7/ros2_ws/src/install/turtle_controller_interfaces/share/turtle_controller_interfaces/cmake/ament_cmake_export_targets-extras.cmake
[0.749s] -- Up-to-date: /home/rony/Documents/inmind/Session07/Rony-TurtleBot-Session7/ros2_ws/src/install/turtle_controller_interfaces/share/turtle_controller_interfaces/cmake/rosidl_cmake_export_typesupport_targets-extras.cmake
[0.749s] -- Up-to-date: /home/rony/Documents/inmind/Session07/Rony-TurtleBot-Session7/ros2_ws/src/install/turtle_controller_interfaces/share/turtle_controller_interfaces/cmake/rosidl_cmake_export_typesupport_libraries-extras.cmake
[0.750s] -- Up-to-date: /home/rony/Documents/inmind/Session07/Rony-TurtleBot-Session7/ros2_ws/src/install/turtle_controller_interfaces/share/turtle_controller_interfaces/cmake/turtle_controller_interfacesConfig.cmake
[0.750s] -- Up-to-date: /home/rony/Documents/inmind/Session07/Rony-TurtleBot-Session7/ros2_ws/src/install/turtle_controller_interfaces/share/turtle_controller_interfaces/cmake/turtle_controller_interfacesConfig-version.cmake
[0.750s] -- Up-to-date: /home/rony/Documents/inmind/Session07/Rony-TurtleBot-Session7/ros2_ws/src/install/turtle_controller_interfaces/share/turtle_controller_interfaces/package.xml
[0.754s] Invoked command in '/home/rony/Documents/inmind/Session07/Rony-TurtleBot-Session7/ros2_ws/src/build/turtle_controller_interfaces' returned '0': CMAKE_PREFIX_PATH=${CMAKE_PREFIX_PATH}:/home/rony/Documents/inmind/Session07/Rony-TurtleBot-Session7/ros2_ws/src/install/turtle_controller:/opt/ros/humble /usr/bin/cmake --install /home/rony/Documents/inmind/Session07/Rony-TurtleBot-Session7/ros2_ws/src/build/turtle_controller_interfaces
