[0.658s] Invoking command in '/home/rony/Documents/inmind/Session07/Rony-TurtleBot-Session7/ros2_ws/src/turtle_controller': PYTHONPATH=/home/rony/Documents/inmind/Session07/Rony-TurtleBot-Session7/ros2_ws/src/build/turtle_controller/prefix_override:/usr/lib/python3/dist-packages/colcon_core/task/python/colcon_distutils_commands:/home/rony/Documents/inmind/Session07/Rony-TurtleBot-Session7/ros2_ws/src/install/turtle_controller/lib/python3.10/site-packages:${PYTHONPATH} /usr/bin/python3 -W ignore:setup.py install is deprecated setup.py egg_info --egg-base ../build/turtle_controller build --build-base /home/rony/Documents/inmind/Session07/Rony-TurtleBot-Session7/ros2_ws/src/build/turtle_controller/build install --record /home/rony/Documents/inmind/Session07/Rony-TurtleBot-Session7/ros2_ws/src/build/turtle_controller/install.log --single-version-externally-managed install_data
[0.834s] running egg_info
[0.845s] writing ../build/turtle_controller/turtle_controller.egg-info/PKG-INFO
[0.846s] writing dependency_links to ../build/turtle_controller/turtle_controller.egg-info/dependency_links.txt
[0.846s] writing entry points to ../build/turtle_controller/turtle_controller.egg-info/entry_points.txt
[0.846s] writing requirements to ../build/turtle_controller/turtle_controller.egg-info/requires.txt
[0.846s] writing top-level names to ../build/turtle_controller/turtle_controller.egg-info/top_level.txt
[0.867s] reading manifest file '../build/turtle_controller/turtle_controller.egg-info/SOURCES.txt'
[0.868s] writing manifest file '../build/turtle_controller/turtle_controller.egg-info/SOURCES.txt'
[0.868s] running build
[0.868s] running build_py
[0.869s] copying turtle_controller/wall_finder_srv.py -> /home/rony/Documents/inmind/Session07/Rony-TurtleBot-Session7/ros2_ws/src/build/turtle_controller/build/lib/turtle_controller
[0.869s] running install
[0.874s] running install_lib
[0.884s] copying /home/rony/Documents/inmind/Session07/Rony-TurtleBot-Session7/ros2_ws/src/build/turtle_controller/build/lib/turtle_controller/wall_finder_srv.py -> /home/rony/Documents/inmind/Session07/Rony-TurtleBot-Session7/ros2_ws/src/install/turtle_controller/lib/python3.10/site-packages/turtle_controller
[0.885s] byte-compiling /home/rony/Documents/inmind/Session07/Rony-TurtleBot-Session7/ros2_ws/src/install/turtle_controller/lib/python3.10/site-packages/turtle_controller/wall_finder_srv.py to wall_finder_srv.cpython-310.pyc
[0.886s] running install_data
[0.886s] running install_egg_info
[0.897s] removing '/home/rony/Documents/inmind/Session07/Rony-TurtleBot-Session7/ros2_ws/src/install/turtle_controller/lib/python3.10/site-packages/turtle_controller-0.0.0-py3.10.egg-info' (and everything under it)
[0.897s] Copying ../build/turtle_controller/turtle_controller.egg-info to /home/rony/Documents/inmind/Session07/Rony-TurtleBot-Session7/ros2_ws/src/install/turtle_controller/lib/python3.10/site-packages/turtle_controller-0.0.0-py3.10.egg-info
[0.898s] running install_scripts
[1.022s] Installing driver_node script to /home/rony/Documents/inmind/Session07/Rony-TurtleBot-Session7/ros2_ws/src/install/turtle_controller/lib/turtle_controller
[1.022s] Installing lap_action_client script to /home/rony/Documents/inmind/Session07/Rony-TurtleBot-Session7/ros2_ws/src/install/turtle_controller/lib/turtle_controller
[1.023s] Installing lap_action_srv script to /home/rony/Documents/inmind/Session07/Rony-TurtleBot-Session7/ros2_ws/src/install/turtle_controller/lib/turtle_controller
[1.023s] Installing tester_node script to /home/rony/Documents/inmind/Session07/Rony-TurtleBot-Session7/ros2_ws/src/install/turtle_controller/lib/turtle_controller
[1.023s] Installing wall_finder_server script to /home/rony/Documents/inmind/Session07/Rony-TurtleBot-Session7/ros2_ws/src/install/turtle_controller/lib/turtle_controller
[1.023s] writing list of installed files to '/home/rony/Documents/inmind/Session07/Rony-TurtleBot-Session7/ros2_ws/src/build/turtle_controller/install.log'
[1.054s] Invoked command in '/home/rony/Documents/inmind/Session07/Rony-TurtleBot-Session7/ros2_ws/src/turtle_controller' returned '0': PYTHONPATH=/home/rony/Documents/inmind/Session07/Rony-TurtleBot-Session7/ros2_ws/src/build/turtle_controller/prefix_override:/usr/lib/python3/dist-packages/colcon_core/task/python/colcon_distutils_commands:/home/rony/Documents/inmind/Session07/Rony-TurtleBot-Session7/ros2_ws/src/install/turtle_controller/lib/python3.10/site-packages:${PYTHONPATH} /usr/bin/python3 -W ignore:setup.py install is deprecated setup.py egg_info --egg-base ../build/turtle_controller build --build-base /home/rony/Documents/inmind/Session07/Rony-TurtleBot-Session7/ros2_ws/src/build/turtle_controller/build install --record /home/rony/Documents/inmind/Session07/Rony-TurtleBot-Session7/ros2_ws/src/build/turtle_controller/install.log --single-version-externally-managed install_data
