[0.164s] Invoking command in '/home/rony/Rony-TurtleBot-Session7/ros2_ws/src/build/turtle_controller_interfaces': CMAKE_PREFIX_PATH=${CMAKE_PREFIX_PATH}:/home/rony/Rony-TurtleBot-Session7/ros2_ws/src/install/turtle_controller:/home/rony/Documents/inmind/Session07/Rony-TurtleBot-Session7/ros2_ws/src/install/turtle_controller_interfaces:/home/rony/Documents/inmind/Session07/Rony-TurtleBot-Session7/ros2_ws/src/install/turtle_controller:/opt/ros/humble /usr/bin/cmake --build /home/rony/Rony-TurtleBot-Session7/ros2_ws/src/build/turtle_controller_interfaces -- -j8 -l8
[0.171s] [0mCMake Error: The current CMakeCache.txt directory /home/rony/Rony-TurtleBot-Session7/ros2_ws/src/build/turtle_controller_interfaces/CMakeCache.txt is different than the directory /home/rony/Documents/inmind/Session07/Rony-TurtleBot-Session7/ros2_ws/src/build/turtle_controller_interfaces where CMakeCache.txt was created. This may result in binaries being created in the wrong place. If you are not sure, reedit the CMakeCache.txt[0m
[0.186s] -- Found ament_cmake: 1.3.9 (/opt/ros/humble/share/ament_cmake/cmake)
[0.296s] -- Found rclpy: 3.3.13 (/opt/ros/humble/share/rclpy/cmake)
[0.296s] -- Found std_msgs: 4.2.4 (/opt/ros/humble/share/std_msgs/cmake)
[0.314s] -- Found rosidl_generator_c: 3.1.5 (/opt/ros/humble/share/rosidl_generator_c/cmake)
[0.316s] -- Found rosidl_adapter: 3.1.5 (/opt/ros/humble/share/rosidl_adapter/cmake)
[0.322s] -- Found rosidl_generator_cpp: 3.1.5 (/opt/ros/humble/share/rosidl_generator_cpp/cmake)
[0.332s] -- Using all available rosidl_typesupport_c: rosidl_typesupport_fastrtps_c;rosidl_typesupport_introspection_c
[0.344s] -- Using all available rosidl_typesupport_cpp: rosidl_typesupport_fastrtps_cpp;rosidl_typesupport_introspection_cpp
[0.384s] -- Found rosidl_default_generators: 1.2.0 (/opt/ros/humble/share/rosidl_default_generators/cmake)
[0.691s] -- Found ament_cmake_ros: 0.10.0 (/opt/ros/humble/share/ament_cmake_ros/cmake)
[1.026s] -- Using all available rosidl_typesupport_c: rosidl_typesupport_fastrtps_c;rosidl_typesupport_introspection_c
[1.151s] -- Using all available rosidl_typesupport_cpp: rosidl_typesupport_fastrtps_cpp;rosidl_typesupport_introspection_cpp
[1.170s] -- Found python_cmake_module: 0.10.0 (/opt/ros/humble/share/python_cmake_module/cmake)
[1.189s] -- Using PYTHON_EXECUTABLE: /usr/bin/python3
[1.189s] -- Using PYTHON_INCLUDE_DIRS: /usr/include/python3.10
[1.189s] -- Using PYTHON_LIBRARIES: /usr/lib/x86_64-linux-gnu/libpython3.10.so
[1.218s] -- Configuring done
[1.248s] -- Generating done
[1.251s] -- Build files have been written to: /home/rony/Documents/inmind/Session07/Rony-TurtleBot-Session7/ros2_ws/src/build/turtle_controller_interfaces
[1.274s] [35m[1mConsolidate compiler generated dependencies of target turtle_controller_interfaces__rosidl_generator_c[0m
[1.283s] [  2%] Built target turtle_controller_interfaces__cpp
[1.283s] [ 12%] Built target turtle_controller_interfaces__rosidl_generator_c
[1.292s] [ 12%] Built target ament_cmake_python_copy_turtle_controller_interfaces
[1.294s] [35m[1mConsolidate compiler generated dependencies of target turtle_controller_interfaces__rosidl_typesupport_cpp[0m
[1.294s] [35m[1mConsolidate compiler generated dependencies of target turtle_controller_interfaces__rosidl_typesupport_c[0m
[1.295s] [35m[1mConsolidate compiler generated dependencies of target turtle_controller_interfaces__rosidl_typesupport_introspection_cpp[0m
[1.295s] [35m[1mConsolidate compiler generated dependencies of target turtle_controller_interfaces__rosidl_typesupport_fastrtps_c[0m
[1.295s] [35m[1mConsolidate compiler generated dependencies of target turtle_controller_interfaces__rosidl_typesupport_fastrtps_cpp[0m
[1.296s] [35m[1mConsolidate compiler generated dependencies of target turtle_controller_interfaces__rosidl_typesupport_introspection_c[0m
[1.308s] [ 33%] Built target turtle_controller_interfaces__rosidl_typesupport_introspection_c
[1.308s] [ 33%] Built target turtle_controller_interfaces__rosidl_typesupport_c
[1.310s] [ 46%] Built target turtle_controller_interfaces__rosidl_typesupport_cpp
[1.310s] [ 53%] Built target turtle_controller_interfaces__rosidl_typesupport_introspection_cpp
[1.310s] [ 64%] Built target turtle_controller_interfaces__rosidl_typesupport_fastrtps_c
[1.311s] [ 74%] Built target turtle_controller_interfaces__rosidl_typesupport_fastrtps_cpp
[1.332s] [ 74%] Built target turtle_controller_interfaces
[1.351s] [ 76%] Built target turtle_controller_interfaces__py
[1.361s] [35m[1mConsolidate compiler generated dependencies of target turtle_controller_interfaces__rosidl_generator_py[0m
[1.373s] [ 84%] Built target turtle_controller_interfaces__rosidl_generator_py
[1.382s] [35m[1mConsolidate compiler generated dependencies of target turtle_controller_interfaces__rosidl_typesupport_fastrtps_c__pyext[0m
[1.382s] [35m[1mConsolidate compiler generated dependencies of target turtle_controller_interfaces__rosidl_typesupport_introspection_c__pyext[0m
[1.382s] [35m[1mConsolidate compiler generated dependencies of target turtle_controller_interfaces__rosidl_typesupport_c__pyext[0m
[1.393s] [ 94%] Built target turtle_controller_interfaces__rosidl_typesupport_introspection_c__pyext
[1.393s] [ 94%] Built target turtle_controller_interfaces__rosidl_typesupport_c__pyext
[1.393s] [100%] Built target turtle_controller_interfaces__rosidl_typesupport_fastrtps_c__pyext
[1.462s] running egg_info
[1.473s] writing turtle_controller_interfaces.egg-info/PKG-INFO
[1.473s] writing dependency_links to turtle_controller_interfaces.egg-info/dependency_links.txt
[1.474s] writing top-level names to turtle_controller_interfaces.egg-info/top_level.txt
[1.505s] reading manifest file 'turtle_controller_interfaces.egg-info/SOURCES.txt'
[1.506s] writing manifest file 'turtle_controller_interfaces.egg-info/SOURCES.txt'
[1.535s] [100%] Built target ament_cmake_python_build_turtle_controller_interfaces_egg
[1.546s] Invoked command in '/home/rony/Rony-TurtleBot-Session7/ros2_ws/src/build/turtle_controller_interfaces' returned '0': CMAKE_PREFIX_PATH=${CMAKE_PREFIX_PATH}:/home/rony/Rony-TurtleBot-Session7/ros2_ws/src/install/turtle_controller:/home/rony/Documents/inmind/Session07/Rony-TurtleBot-Session7/ros2_ws/src/install/turtle_controller_interfaces:/home/rony/Documents/inmind/Session07/Rony-TurtleBot-Session7/ros2_ws/src/install/turtle_controller:/opt/ros/humble /usr/bin/cmake --build /home/rony/Rony-TurtleBot-Session7/ros2_ws/src/build/turtle_controller_interfaces -- -j8 -l8
[1.615s] Invoking command in '/home/rony/Rony-TurtleBot-Session7/ros2_ws/src/build/turtle_controller_interfaces': CMAKE_PREFIX_PATH=${CMAKE_PREFIX_PATH}:/home/rony/Rony-TurtleBot-Session7/ros2_ws/src/install/turtle_controller:/home/rony/Documents/inmind/Session07/Rony-TurtleBot-Session7/ros2_ws/src/install/turtle_controller_interfaces:/home/rony/Documents/inmind/Session07/Rony-TurtleBot-Session7/ros2_ws/src/install/turtle_controller:/opt/ros/humble /usr/bin/cmake --install /home/rony/Rony-TurtleBot-Session7/ros2_ws/src/build/turtle_controller_interfaces
[1.624s] -- Install configuration: ""
[1.624s] -- Up-to-date: /home/rony/Documents/inmind/Session07/Rony-TurtleBot-Session7/ros2_ws/src/install/turtle_controller_interfaces/share/ament_index/resource_index/rosidl_interfaces/turtle_controller_interfaces
[1.625s] -- Up-to-date: /home/rony/Documents/inmind/Session07/Rony-TurtleBot-Session7/ros2_ws/src/install/turtle_controller_interfaces/include/turtle_controller_interfaces/turtle_controller_interfaces
[1.625s] -- Up-to-date: /home/rony/Documents/inmind/Session07/Rony-TurtleBot-Session7/ros2_ws/src/install/turtle_controller_interfaces/include/turtle_controller_interfaces/turtle_controller_interfaces/msg
[1.625s] -- Up-to-date: /home/rony/Documents/inmind/Session07/Rony-TurtleBot-Session7/ros2_ws/src/install/turtle_controller_interfaces/include/turtle_controller_interfaces/turtle_controller_interfaces/msg/rosidl_generator_c__visibility_control.h
[1.625s] -- Up-to-date: /home/rony/Documents/inmind/Session07/Rony-TurtleBot-Session7/ros2_ws/src/install/turtle_controller_interfaces/include/turtle_controller_interfaces/turtle_controller_interfaces/action
[1.625s] -- Up-to-date: /home/rony/Documents/inmind/Session07/Rony-TurtleBot-Session7/ros2_ws/src/install/turtle_controller_interfaces/include/turtle_controller_interfaces/turtle_controller_interfaces/action/measure_lap_time.h
[1.625s] -- Up-to-date: /home/rony/Documents/inmind/Session07/Rony-TurtleBot-Session7/ros2_ws/src/install/turtle_controller_interfaces/include/turtle_controller_interfaces/turtle_controller_interfaces/action/detail
[1.625s] -- Up-to-date: /home/rony/Documents/inmind/Session07/Rony-TurtleBot-Session7/ros2_ws/src/install/turtle_controller_interfaces/include/turtle_controller_interfaces/turtle_controller_interfaces/action/detail/measure_lap_time__functions.c
[1.625s] -- Up-to-date: /home/rony/Documents/inmind/Session07/Rony-TurtleBot-Session7/ros2_ws/src/install/turtle_controller_interfaces/include/turtle_controller_interfaces/turtle_controller_interfaces/action/detail/measure_lap_time__functions.h
[1.625s] -- Up-to-date: /home/rony/Documents/inmind/Session07/Rony-TurtleBot-Session7/ros2_ws/src/install/turtle_controller_interfaces/include/turtle_controller_interfaces/turtle_controller_interfaces/action/detail/measure_lap_time__type_support.h
[1.625s] -- Up-to-date: /home/rony/Documents/inmind/Session07/Rony-TurtleBot-Session7/ros2_ws/src/install/turtle_controller_interfaces/include/turtle_controller_interfaces/turtle_controller_interfaces/action/detail/measure_lap_time__struct.h
[1.625s] -- Up-to-date: /home/rony/Documents/inmind/Session07/Rony-TurtleBot-Session7/ros2_ws/src/install/turtle_controller_interfaces/include/turtle_controller_interfaces/turtle_controller_interfaces/srv
[1.625s] -- Up-to-date: /home/rony/Documents/inmind/Session07/Rony-TurtleBot-Session7/ros2_ws/src/install/turtle_controller_interfaces/include/turtle_controller_interfaces/turtle_controller_interfaces/srv/detail
[1.625s] -- Up-to-date: /home/rony/Documents/inmind/Session07/Rony-TurtleBot-Session7/ros2_ws/src/install/turtle_controller_interfaces/include/turtle_controller_interfaces/turtle_controller_interfaces/srv/detail/find_closest_wall__type_support.h
[1.625s] -- Up-to-date: /home/rony/Documents/inmind/Session07/Rony-TurtleBot-Session7/ros2_ws/src/install/turtle_controller_interfaces/include/turtle_controller_interfaces/turtle_controller_interfaces/srv/detail/find_closest_wall__struct.h
[1.625s] -- Up-to-date: /home/rony/Documents/inmind/Session07/Rony-TurtleBot-Session7/ros2_ws/src/install/turtle_controller_interfaces/include/turtle_controller_interfaces/turtle_controller_interfaces/srv/detail/find_closest_wall__functions.c
[1.625s] -- Up-to-date: /home/rony/Documents/inmind/Session07/Rony-TurtleBot-Session7/ros2_ws/src/install/turtle_controller_interfaces/include/turtle_controller_interfaces/turtle_controller_interfaces/srv/detail/find_closest_wall__functions.h
[1.625s] -- Up-to-date: /home/rony/Documents/inmind/Session07/Rony-TurtleBot-Session7/ros2_ws/src/install/turtle_controller_interfaces/include/turtle_controller_interfaces/turtle_controller_interfaces/srv/find_closest_wall.h
[1.625s] -- Up-to-date: /home/rony/Documents/inmind/Session07/Rony-TurtleBot-Session7/ros2_ws/src/install/turtle_controller_interfaces/share/turtle_controller_interfaces/environment/library_path.sh
[1.625s] -- Installing: /home/rony/Documents/inmind/Session07/Rony-TurtleBot-Session7/ros2_ws/src/install/turtle_controller_interfaces/share/turtle_controller_interfaces/environment/library_path.dsv
[1.626s] -- Up-to-date: /home/rony/Documents/inmind/Session07/Rony-TurtleBot-Session7/ros2_ws/src/install/turtle_controller_interfaces/lib/libturtle_controller_interfaces__rosidl_generator_c.so
[1.626s] -- Up-to-date: /home/rony/Documents/inmind/Session07/Rony-TurtleBot-Session7/ros2_ws/src/install/turtle_controller_interfaces/include/turtle_controller_interfaces/turtle_controller_interfaces
[1.626s] -- Up-to-date: /home/rony/Documents/inmind/Session07/Rony-TurtleBot-Session7/ros2_ws/src/install/turtle_controller_interfaces/include/turtle_controller_interfaces/turtle_controller_interfaces/msg
[1.626s] -- Up-to-date: /home/rony/Documents/inmind/Session07/Rony-TurtleBot-Session7/ros2_ws/src/install/turtle_controller_interfaces/include/turtle_controller_interfaces/turtle_controller_interfaces/msg/rosidl_typesupport_fastrtps_c__visibility_control.h
[1.626s] -- Up-to-date: /home/rony/Documents/inmind/Session07/Rony-TurtleBot-Session7/ros2_ws/src/install/turtle_controller_interfaces/include/turtle_controller_interfaces/turtle_controller_interfaces/action
[1.626s] -- Up-to-date: /home/rony/Documents/inmind/Session07/Rony-TurtleBot-Session7/ros2_ws/src/install/turtle_controller_interfaces/include/turtle_controller_interfaces/turtle_controller_interfaces/action/detail
[1.626s] -- Up-to-date: /home/rony/Documents/inmind/Session07/Rony-TurtleBot-Session7/ros2_ws/src/install/turtle_controller_interfaces/include/turtle_controller_interfaces/turtle_controller_interfaces/action/detail/measure_lap_time__rosidl_typesupport_fastrtps_c.h
[1.626s] -- Up-to-date: /home/rony/Documents/inmind/Session07/Rony-TurtleBot-Session7/ros2_ws/src/install/turtle_controller_interfaces/include/turtle_controller_interfaces/turtle_controller_interfaces/srv
[1.626s] -- Up-to-date: /home/rony/Documents/inmind/Session07/Rony-TurtleBot-Session7/ros2_ws/src/install/turtle_controller_interfaces/include/turtle_controller_interfaces/turtle_controller_interfaces/srv/detail
[1.626s] -- Up-to-date: /home/rony/Documents/inmind/Session07/Rony-TurtleBot-Session7/ros2_ws/src/install/turtle_controller_interfaces/include/turtle_controller_interfaces/turtle_controller_interfaces/srv/detail/find_closest_wall__rosidl_typesupport_fastrtps_c.h
[1.626s] -- Up-to-date: /home/rony/Documents/inmind/Session07/Rony-TurtleBot-Session7/ros2_ws/src/install/turtle_controller_interfaces/lib/libturtle_controller_interfaces__rosidl_typesupport_fastrtps_c.so
[1.626s] -- Up-to-date: /home/rony/Documents/inmind/Session07/Rony-TurtleBot-Session7/ros2_ws/src/install/turtle_controller_interfaces/include/turtle_controller_interfaces/turtle_controller_interfaces
[1.626s] -- Up-to-date: /home/rony/Documents/inmind/Session07/Rony-TurtleBot-Session7/ros2_ws/src/install/turtle_controller_interfaces/include/turtle_controller_interfaces/turtle_controller_interfaces/action
[1.626s] -- Up-to-date: /home/rony/Documents/inmind/Session07/Rony-TurtleBot-Session7/ros2_ws/src/install/turtle_controller_interfaces/include/turtle_controller_interfaces/turtle_controller_interfaces/action/detail
[1.626s] -- Up-to-date: /home/rony/Documents/inmind/Session07/Rony-TurtleBot-Session7/ros2_ws/src/install/turtle_controller_interfaces/include/turtle_controller_interfaces/turtle_controller_interfaces/action/detail/measure_lap_time__traits.hpp
[1.627s] -- Up-to-date: /home/rony/Documents/inmind/Session07/Rony-TurtleBot-Session7/ros2_ws/src/install/turtle_controller_interfaces/include/turtle_controller_interfaces/turtle_controller_interfaces/action/detail/measure_lap_time__builder.hpp
[1.627s] -- Up-to-date: /home/rony/Documents/inmind/Session07/Rony-TurtleBot-Session7/ros2_ws/src/install/turtle_controller_interfaces/include/turtle_controller_interfaces/turtle_controller_interfaces/action/detail/measure_lap_time__struct.hpp
[1.627s] -- Up-to-date: /home/rony/Documents/inmind/Session07/Rony-TurtleBot-Session7/ros2_ws/src/install/turtle_controller_interfaces/include/turtle_controller_interfaces/turtle_controller_interfaces/action/measure_lap_time.hpp
[1.627s] -- Up-to-date: /home/rony/Documents/inmind/Session07/Rony-TurtleBot-Session7/ros2_ws/src/install/turtle_controller_interfaces/include/turtle_controller_interfaces/turtle_controller_interfaces/srv
[1.627s] -- Up-to-date: /home/rony/Documents/inmind/Session07/Rony-TurtleBot-Session7/ros2_ws/src/install/turtle_controller_interfaces/include/turtle_controller_interfaces/turtle_controller_interfaces/srv/detail
[1.627s] -- Up-to-date: /home/rony/Documents/inmind/Session07/Rony-TurtleBot-Session7/ros2_ws/src/install/turtle_controller_interfaces/include/turtle_controller_interfaces/turtle_controller_interfaces/srv/detail/find_closest_wall__builder.hpp
[1.627s] -- Up-to-date: /home/rony/Documents/inmind/Session07/Rony-TurtleBot-Session7/ros2_ws/src/install/turtle_controller_interfaces/include/turtle_controller_interfaces/turtle_controller_interfaces/srv/detail/find_closest_wall__struct.hpp
[1.627s] -- Up-to-date: /home/rony/Documents/inmind/Session07/Rony-TurtleBot-Session7/ros2_ws/src/install/turtle_controller_interfaces/include/turtle_controller_interfaces/turtle_controller_interfaces/srv/detail/find_closest_wall__traits.hpp
[1.627s] -- Up-to-date: /home/rony/Documents/inmind/Session07/Rony-TurtleBot-Session7/ros2_ws/src/install/turtle_controller_interfaces/include/turtle_controller_interfaces/turtle_controller_interfaces/srv/find_closest_wall.hpp
[1.627s] -- Up-to-date: /home/rony/Documents/inmind/Session07/Rony-TurtleBot-Session7/ros2_ws/src/install/turtle_controller_interfaces/include/turtle_controller_interfaces/turtle_controller_interfaces
[1.627s] -- Up-to-date: /home/rony/Documents/inmind/Session07/Rony-TurtleBot-Session7/ros2_ws/src/install/turtle_controller_interfaces/include/turtle_controller_interfaces/turtle_controller_interfaces/msg
[1.627s] -- Up-to-date: /home/rony/Documents/inmind/Session07/Rony-TurtleBot-Session7/ros2_ws/src/install/turtle_controller_interfaces/include/turtle_controller_interfaces/turtle_controller_interfaces/msg/rosidl_typesupport_fastrtps_cpp__visibility_control.h
[1.627s] -- Up-to-date: /home/rony/Documents/inmind/Session07/Rony-TurtleBot-Session7/ros2_ws/src/install/turtle_controller_interfaces/include/turtle_controller_interfaces/turtle_controller_interfaces/action
[1.627s] -- Up-to-date: /home/rony/Documents/inmind/Session07/Rony-TurtleBot-Session7/ros2_ws/src/install/turtle_controller_interfaces/include/turtle_controller_interfaces/turtle_controller_interfaces/action/detail
[1.627s] -- Up-to-date: /home/rony/Documents/inmind/Session07/Rony-TurtleBot-Session7/ros2_ws/src/install/turtle_controller_interfaces/include/turtle_controller_interfaces/turtle_controller_interfaces/action/detail/dds_fastrtps
[1.628s] -- Up-to-date: /home/rony/Documents/inmind/Session07/Rony-TurtleBot-Session7/ros2_ws/src/install/turtle_controller_interfaces/include/turtle_controller_interfaces/turtle_controller_interfaces/action/detail/measure_lap_time__rosidl_typesupport_fastrtps_cpp.hpp
[1.628s] -- Up-to-date: /home/rony/Documents/inmind/Session07/Rony-TurtleBot-Session7/ros2_ws/src/install/turtle_controller_interfaces/include/turtle_controller_interfaces/turtle_controller_interfaces/srv
[1.628s] -- Up-to-date: /home/rony/Documents/inmind/Session07/Rony-TurtleBot-Session7/ros2_ws/src/install/turtle_controller_interfaces/include/turtle_controller_interfaces/turtle_controller_interfaces/srv/detail
[1.628s] -- Up-to-date: /home/rony/Documents/inmind/Session07/Rony-TurtleBot-Session7/ros2_ws/src/install/turtle_controller_interfaces/include/turtle_controller_interfaces/turtle_controller_interfaces/srv/detail/dds_fastrtps
[1.628s] -- Up-to-date: /home/rony/Documents/inmind/Session07/Rony-TurtleBot-Session7/ros2_ws/src/install/turtle_controller_interfaces/include/turtle_controller_interfaces/turtle_controller_interfaces/srv/detail/find_closest_wall__rosidl_typesupport_fastrtps_cpp.hpp
[1.628s] -- Up-to-date: /home/rony/Documents/inmind/Session07/Rony-TurtleBot-Session7/ros2_ws/src/install/turtle_controller_interfaces/lib/libturtle_controller_interfaces__rosidl_typesupport_fastrtps_cpp.so
[1.628s] -- Up-to-date: /home/rony/Documents/inmind/Session07/Rony-TurtleBot-Session7/ros2_ws/src/install/turtle_controller_interfaces/include/turtle_controller_interfaces/turtle_controller_interfaces
[1.628s] -- Up-to-date: /home/rony/Documents/inmind/Session07/Rony-TurtleBot-Session7/ros2_ws/src/install/turtle_controller_interfaces/include/turtle_controller_interfaces/turtle_controller_interfaces/msg
[1.628s] -- Up-to-date: /home/rony/Documents/inmind/Session07/Rony-TurtleBot-Session7/ros2_ws/src/install/turtle_controller_interfaces/include/turtle_controller_interfaces/turtle_controller_interfaces/msg/rosidl_typesupport_introspection_c__visibility_control.h
[1.628s] -- Up-to-date: /home/rony/Documents/inmind/Session07/Rony-TurtleBot-Session7/ros2_ws/src/install/turtle_controller_interfaces/include/turtle_controller_interfaces/turtle_controller_interfaces/action
[1.628s] -- Up-to-date: /home/rony/Documents/inmind/Session07/Rony-TurtleBot-Session7/ros2_ws/src/install/turtle_controller_interfaces/include/turtle_controller_interfaces/turtle_controller_interfaces/action/detail
[1.628s] -- Up-to-date: /home/rony/Documents/inmind/Session07/Rony-TurtleBot-Session7/ros2_ws/src/install/turtle_controller_interfaces/include/turtle_controller_interfaces/turtle_controller_interfaces/action/detail/measure_lap_time__type_support.c
[1.628s] -- Up-to-date: /home/rony/Documents/inmind/Session07/Rony-TurtleBot-Session7/ros2_ws/src/install/turtle_controller_interfaces/include/turtle_controller_interfaces/turtle_controller_interfaces/action/detail/measure_lap_time__rosidl_typesupport_introspection_c.h
[1.628s] -- Up-to-date: /home/rony/Documents/inmind/Session07/Rony-TurtleBot-Session7/ros2_ws/src/install/turtle_controller_interfaces/include/turtle_controller_interfaces/turtle_controller_interfaces/srv
[1.628s] -- Up-to-date: /home/rony/Documents/inmind/Session07/Rony-TurtleBot-Session7/ros2_ws/src/install/turtle_controller_interfaces/include/turtle_controller_interfaces/turtle_controller_interfaces/srv/detail
[1.628s] -- Up-to-date: /home/rony/Documents/inmind/Session07/Rony-TurtleBot-Session7/ros2_ws/src/install/turtle_controller_interfaces/include/turtle_controller_interfaces/turtle_controller_interfaces/srv/detail/find_closest_wall__rosidl_typesupport_introspection_c.h
[1.629s] -- Up-to-date: /home/rony/Documents/inmind/Session07/Rony-TurtleBot-Session7/ros2_ws/src/install/turtle_controller_interfaces/include/turtle_controller_interfaces/turtle_controller_interfaces/srv/detail/find_closest_wall__type_support.c
[1.629s] -- Up-to-date: /home/rony/Documents/inmind/Session07/Rony-TurtleBot-Session7/ros2_ws/src/install/turtle_controller_interfaces/lib/libturtle_controller_interfaces__rosidl_typesupport_introspection_c.so
[1.629s] -- Up-to-date: /home/rony/Documents/inmind/Session07/Rony-TurtleBot-Session7/ros2_ws/src/install/turtle_controller_interfaces/lib/libturtle_controller_interfaces__rosidl_typesupport_c.so
[1.629s] -- Up-to-date: /home/rony/Documents/inmind/Session07/Rony-TurtleBot-Session7/ros2_ws/src/install/turtle_controller_interfaces/include/turtle_controller_interfaces/turtle_controller_interfaces
[1.629s] -- Up-to-date: /home/rony/Documents/inmind/Session07/Rony-TurtleBot-Session7/ros2_ws/src/install/turtle_controller_interfaces/include/turtle_controller_interfaces/turtle_controller_interfaces/action
[1.629s] -- Up-to-date: /home/rony/Documents/inmind/Session07/Rony-TurtleBot-Session7/ros2_ws/src/install/turtle_controller_interfaces/include/turtle_controller_interfaces/turtle_controller_interfaces/action/detail
[1.629s] -- Up-to-date: /home/rony/Documents/inmind/Session07/Rony-TurtleBot-Session7/ros2_ws/src/install/turtle_controller_interfaces/include/turtle_controller_interfaces/turtle_controller_interfaces/action/detail/measure_lap_time__type_support.cpp
[1.629s] -- Up-to-date: /home/rony/Documents/inmind/Session07/Rony-TurtleBot-Session7/ros2_ws/src/install/turtle_controller_interfaces/include/turtle_controller_interfaces/turtle_controller_interfaces/action/detail/measure_lap_time__rosidl_typesupport_introspection_cpp.hpp
[1.629s] -- Up-to-date: /home/rony/Documents/inmind/Session07/Rony-TurtleBot-Session7/ros2_ws/src/install/turtle_controller_interfaces/include/turtle_controller_interfaces/turtle_controller_interfaces/srv
[1.629s] -- Up-to-date: /home/rony/Documents/inmind/Session07/Rony-TurtleBot-Session7/ros2_ws/src/install/turtle_controller_interfaces/include/turtle_controller_interfaces/turtle_controller_interfaces/srv/detail
[1.629s] -- Up-to-date: /home/rony/Documents/inmind/Session07/Rony-TurtleBot-Session7/ros2_ws/src/install/turtle_controller_interfaces/include/turtle_controller_interfaces/turtle_controller_interfaces/srv/detail/find_closest_wall__rosidl_typesupport_introspection_cpp.hpp
[1.630s] -- Up-to-date: /home/rony/Documents/inmind/Session07/Rony-TurtleBot-Session7/ros2_ws/src/install/turtle_controller_interfaces/include/turtle_controller_interfaces/turtle_controller_interfaces/srv/detail/find_closest_wall__type_support.cpp
[1.630s] -- Up-to-date: /home/rony/Documents/inmind/Session07/Rony-TurtleBot-Session7/ros2_ws/src/install/turtle_controller_interfaces/lib/libturtle_controller_interfaces__rosidl_typesupport_introspection_cpp.so
[1.630s] -- Up-to-date: /home/rony/Documents/inmind/Session07/Rony-TurtleBot-Session7/ros2_ws/src/install/turtle_controller_interfaces/lib/libturtle_controller_interfaces__rosidl_typesupport_cpp.so
[1.630s] -- Up-to-date: /home/rony/Documents/inmind/Session07/Rony-TurtleBot-Session7/ros2_ws/src/install/turtle_controller_interfaces/share/turtle_controller_interfaces/environment/pythonpath.sh
[1.630s] -- Installing: /home/rony/Documents/inmind/Session07/Rony-TurtleBot-Session7/ros2_ws/src/install/turtle_controller_interfaces/share/turtle_controller_interfaces/environment/pythonpath.dsv
[1.630s] -- Up-to-date: /home/rony/Documents/inmind/Session07/Rony-TurtleBot-Session7/ros2_ws/src/install/turtle_controller_interfaces/local/lib/python3.10/dist-packages/turtle_controller_interfaces-0.0.0-py3.10.egg-info
[1.630s] -- Installing: /home/rony/Documents/inmind/Session07/Rony-TurtleBot-Session7/ros2_ws/src/install/turtle_controller_interfaces/local/lib/python3.10/dist-packages/turtle_controller_interfaces-0.0.0-py3.10.egg-info/SOURCES.txt
[1.631s] -- Installing: /home/rony/Documents/inmind/Session07/Rony-TurtleBot-Session7/ros2_ws/src/install/turtle_controller_interfaces/local/lib/python3.10/dist-packages/turtle_controller_interfaces-0.0.0-py3.10.egg-info/dependency_links.txt
[1.631s] -- Installing: /home/rony/Documents/inmind/Session07/Rony-TurtleBot-Session7/ros2_ws/src/install/turtle_controller_interfaces/local/lib/python3.10/dist-packages/turtle_controller_interfaces-0.0.0-py3.10.egg-info/PKG-INFO
[1.631s] -- Installing: /home/rony/Documents/inmind/Session07/Rony-TurtleBot-Session7/ros2_ws/src/install/turtle_controller_interfaces/local/lib/python3.10/dist-packages/turtle_controller_interfaces-0.0.0-py3.10.egg-info/top_level.txt
[1.631s] -- Up-to-date: /home/rony/Documents/inmind/Session07/Rony-TurtleBot-Session7/ros2_ws/src/install/turtle_controller_interfaces/local/lib/python3.10/dist-packages/turtle_controller_interfaces
[1.631s] -- Up-to-date: /home/rony/Documents/inmind/Session07/Rony-TurtleBot-Session7/ros2_ws/src/install/turtle_controller_interfaces/local/lib/python3.10/dist-packages/turtle_controller_interfaces/turtle_controller_interfaces_s__rosidl_typesupport_fastrtps_c.cpython-310-x86_64-linux-gnu.so
[1.631s] -- Up-to-date: /home/rony/Documents/inmind/Session07/Rony-TurtleBot-Session7/ros2_ws/src/install/turtle_controller_interfaces/local/lib/python3.10/dist-packages/turtle_controller_interfaces/_turtle_controller_interfaces_s.ep.rosidl_typesupport_introspection_c.c
[1.631s] -- Installing: /home/rony/Documents/inmind/Session07/Rony-TurtleBot-Session7/ros2_ws/src/install/turtle_controller_interfaces/local/lib/python3.10/dist-packages/turtle_controller_interfaces/__init__.py
[1.631s] -- Up-to-date: /home/rony/Documents/inmind/Session07/Rony-TurtleBot-Session7/ros2_ws/src/install/turtle_controller_interfaces/local/lib/python3.10/dist-packages/turtle_controller_interfaces/turtle_controller_interfaces_s__rosidl_typesupport_introspection_c.cpython-310-x86_64-linux-gnu.so
[1.631s] -- Up-to-date: /home/rony/Documents/inmind/Session07/Rony-TurtleBot-Session7/ros2_ws/src/install/turtle_controller_interfaces/local/lib/python3.10/dist-packages/turtle_controller_interfaces/_turtle_controller_interfaces_s.ep.rosidl_typesupport_fastrtps_c.c
[1.632s] -- Up-to-date: /home/rony/Documents/inmind/Session07/Rony-TurtleBot-Session7/ros2_ws/src/install/turtle_controller_interfaces/local/lib/python3.10/dist-packages/turtle_controller_interfaces/libturtle_controller_interfaces__rosidl_generator_py.so
[1.632s] -- Up-to-date: /home/rony/Documents/inmind/Session07/Rony-TurtleBot-Session7/ros2_ws/src/install/turtle_controller_interfaces/local/lib/python3.10/dist-packages/turtle_controller_interfaces/action
[1.632s] -- Up-to-date: /home/rony/Documents/inmind/Session07/Rony-TurtleBot-Session7/ros2_ws/src/install/turtle_controller_interfaces/local/lib/python3.10/dist-packages/turtle_controller_interfaces/action/_measure_lap_time_s.c
[1.632s] -- Up-to-date: /home/rony/Documents/inmind/Session07/Rony-TurtleBot-Session7/ros2_ws/src/install/turtle_controller_interfaces/local/lib/python3.10/dist-packages/turtle_controller_interfaces/action/__init__.py
[1.632s] -- Up-to-date: /home/rony/Documents/inmind/Session07/Rony-TurtleBot-Session7/ros2_ws/src/install/turtle_controller_interfaces/local/lib/python3.10/dist-packages/turtle_controller_interfaces/action/_measure_lap_time.py
[1.632s] -- Up-to-date: /home/rony/Documents/inmind/Session07/Rony-TurtleBot-Session7/ros2_ws/src/install/turtle_controller_interfaces/local/lib/python3.10/dist-packages/turtle_controller_interfaces/turtle_controller_interfaces_s__rosidl_typesupport_c.cpython-310-x86_64-linux-gnu.so
[1.632s] -- Up-to-date: /home/rony/Documents/inmind/Session07/Rony-TurtleBot-Session7/ros2_ws/src/install/turtle_controller_interfaces/local/lib/python3.10/dist-packages/turtle_controller_interfaces/_turtle_controller_interfaces_s.ep.rosidl_typesupport_c.c
[1.632s] -- Up-to-date: /home/rony/Documents/inmind/Session07/Rony-TurtleBot-Session7/ros2_ws/src/install/turtle_controller_interfaces/local/lib/python3.10/dist-packages/turtle_controller_interfaces/srv
[1.632s] -- Up-to-date: /home/rony/Documents/inmind/Session07/Rony-TurtleBot-Session7/ros2_ws/src/install/turtle_controller_interfaces/local/lib/python3.10/dist-packages/turtle_controller_interfaces/srv/__init__.py
[1.632s] -- Up-to-date: /home/rony/Documents/inmind/Session07/Rony-TurtleBot-Session7/ros2_ws/src/install/turtle_controller_interfaces/local/lib/python3.10/dist-packages/turtle_controller_interfaces/srv/_find_closest_wall.py
[1.632s] -- Up-to-date: /home/rony/Documents/inmind/Session07/Rony-TurtleBot-Session7/ros2_ws/src/install/turtle_controller_interfaces/local/lib/python3.10/dist-packages/turtle_controller_interfaces/srv/_find_closest_wall_s.c
[1.661s] Listing '/home/rony/Documents/inmind/Session07/Rony-TurtleBot-Session7/ros2_ws/src/install/turtle_controller_interfaces/local/lib/python3.10/dist-packages/turtle_controller_interfaces'...
[1.661s] Compiling '/home/rony/Documents/inmind/Session07/Rony-TurtleBot-Session7/ros2_ws/src/install/turtle_controller_interfaces/local/lib/python3.10/dist-packages/turtle_controller_interfaces/__init__.py'...
[1.661s] Listing '/home/rony/Documents/inmind/Session07/Rony-TurtleBot-Session7/ros2_ws/src/install/turtle_controller_interfaces/local/lib/python3.10/dist-packages/turtle_controller_interfaces/action'...
[1.661s] Listing '/home/rony/Documents/inmind/Session07/Rony-TurtleBot-Session7/ros2_ws/src/install/turtle_controller_interfaces/local/lib/python3.10/dist-packages/turtle_controller_interfaces/srv'...
[1.665s] -- Up-to-date: /home/rony/Documents/inmind/Session07/Rony-TurtleBot-Session7/ros2_ws/src/install/turtle_controller_interfaces/local/lib/python3.10/dist-packages/turtle_controller_interfaces/turtle_controller_interfaces_s__rosidl_typesupport_fastrtps_c.cpython-310-x86_64-linux-gnu.so
[1.665s] -- Up-to-date: /home/rony/Documents/inmind/Session07/Rony-TurtleBot-Session7/ros2_ws/src/install/turtle_controller_interfaces/local/lib/python3.10/dist-packages/turtle_controller_interfaces/turtle_controller_interfaces_s__rosidl_typesupport_introspection_c.cpython-310-x86_64-linux-gnu.so
[1.665s] -- Up-to-date: /home/rony/Documents/inmind/Session07/Rony-TurtleBot-Session7/ros2_ws/src/install/turtle_controller_interfaces/local/lib/python3.10/dist-packages/turtle_controller_interfaces/turtle_controller_interfaces_s__rosidl_typesupport_c.cpython-310-x86_64-linux-gnu.so
[1.665s] -- Up-to-date: /home/rony/Documents/inmind/Session07/Rony-TurtleBot-Session7/ros2_ws/src/install/turtle_controller_interfaces/lib/libturtle_controller_interfaces__rosidl_generator_py.so
[1.666s] -- Up-to-date: /home/rony/Documents/inmind/Session07/Rony-TurtleBot-Session7/ros2_ws/src/install/turtle_controller_interfaces/share/turtle_controller_interfaces/action/MeasureLapTime.idl
[1.666s] -- Up-to-date: /home/rony/Documents/inmind/Session07/Rony-TurtleBot-Session7/ros2_ws/src/install/turtle_controller_interfaces/share/turtle_controller_interfaces/srv/FindClosestWall.idl
[1.666s] -- Up-to-date: /home/rony/Documents/inmind/Session07/Rony-TurtleBot-Session7/ros2_ws/src/install/turtle_controller_interfaces/share/turtle_controller_interfaces/action/MeasureLapTime.action
[1.666s] -- Up-to-date: /home/rony/Documents/inmind/Session07/Rony-TurtleBot-Session7/ros2_ws/src/install/turtle_controller_interfaces/share/turtle_controller_interfaces/srv/FindClosestWall.srv
[1.666s] -- Up-to-date: /home/rony/Documents/inmind/Session07/Rony-TurtleBot-Session7/ros2_ws/src/install/turtle_controller_interfaces/share/turtle_controller_interfaces/srv/FindClosestWall_Request.msg
[1.666s] -- Up-to-date: /home/rony/Documents/inmind/Session07/Rony-TurtleBot-Session7/ros2_ws/src/install/turtle_controller_interfaces/share/turtle_controller_interfaces/srv/FindClosestWall_Response.msg
[1.666s] -- Up-to-date: /home/rony/Documents/inmind/Session07/Rony-TurtleBot-Session7/ros2_ws/src/install/turtle_controller_interfaces/share/ament_index/resource_index/package_run_dependencies/turtle_controller_interfaces
[1.666s] -- Up-to-date: /home/rony/Documents/inmind/Session07/Rony-TurtleBot-Session7/ros2_ws/src/install/turtle_controller_interfaces/share/ament_index/resource_index/parent_prefix_path/turtle_controller_interfaces
[1.666s] -- Up-to-date: /home/rony/Documents/inmind/Session07/Rony-TurtleBot-Session7/ros2_ws/src/install/turtle_controller_interfaces/share/turtle_controller_interfaces/environment/ament_prefix_path.sh
[1.666s] -- Installing: /home/rony/Documents/inmind/Session07/Rony-TurtleBot-Session7/ros2_ws/src/install/turtle_controller_interfaces/share/turtle_controller_interfaces/environment/ament_prefix_path.dsv
[1.666s] -- Up-to-date: /home/rony/Documents/inmind/Session07/Rony-TurtleBot-Session7/ros2_ws/src/install/turtle_controller_interfaces/share/turtle_controller_interfaces/environment/path.sh
[1.666s] -- Installing: /home/rony/Documents/inmind/Session07/Rony-TurtleBot-Session7/ros2_ws/src/install/turtle_controller_interfaces/share/turtle_controller_interfaces/environment/path.dsv
[1.666s] -- Up-to-date: /home/rony/Documents/inmind/Session07/Rony-TurtleBot-Session7/ros2_ws/src/install/turtle_controller_interfaces/share/turtle_controller_interfaces/local_setup.bash
[1.666s] -- Up-to-date: /home/rony/Documents/inmind/Session07/Rony-TurtleBot-Session7/ros2_ws/src/install/turtle_controller_interfaces/share/turtle_controller_interfaces/local_setup.sh
[1.666s] -- Up-to-date: /home/rony/Documents/inmind/Session07/Rony-TurtleBot-Session7/ros2_ws/src/install/turtle_controller_interfaces/share/turtle_controller_interfaces/local_setup.zsh
[1.666s] -- Installing: /home/rony/Documents/inmind/Session07/Rony-TurtleBot-Session7/ros2_ws/src/install/turtle_controller_interfaces/share/turtle_controller_interfaces/local_setup.dsv
[1.666s] -- Installing: /home/rony/Documents/inmind/Session07/Rony-TurtleBot-Session7/ros2_ws/src/install/turtle_controller_interfaces/share/turtle_controller_interfaces/package.dsv
[1.666s] -- Up-to-date: /home/rony/Documents/inmind/Session07/Rony-TurtleBot-Session7/ros2_ws/src/install/turtle_controller_interfaces/share/ament_index/resource_index/packages/turtle_controller_interfaces
[1.667s] -- Up-to-date: /home/rony/Documents/inmind/Session07/Rony-TurtleBot-Session7/ros2_ws/src/install/turtle_controller_interfaces/share/turtle_controller_interfaces/cmake/export_turtle_controller_interfaces__rosidl_generator_cExport.cmake
[1.667s] -- Up-to-date: /home/rony/Documents/inmind/Session07/Rony-TurtleBot-Session7/ros2_ws/src/install/turtle_controller_interfaces/share/turtle_controller_interfaces/cmake/export_turtle_controller_interfaces__rosidl_generator_cExport-noconfig.cmake
[1.667s] -- Up-to-date: /home/rony/Documents/inmind/Session07/Rony-TurtleBot-Session7/ros2_ws/src/install/turtle_controller_interfaces/share/turtle_controller_interfaces/cmake/export_turtle_controller_interfaces__rosidl_typesupport_fastrtps_cExport.cmake
[1.667s] -- Up-to-date: /home/rony/Documents/inmind/Session07/Rony-TurtleBot-Session7/ros2_ws/src/install/turtle_controller_interfaces/share/turtle_controller_interfaces/cmake/export_turtle_controller_interfaces__rosidl_typesupport_fastrtps_cExport-noconfig.cmake
[1.667s] -- Up-to-date: /home/rony/Documents/inmind/Session07/Rony-TurtleBot-Session7/ros2_ws/src/install/turtle_controller_interfaces/share/turtle_controller_interfaces/cmake/export_turtle_controller_interfaces__rosidl_generator_cppExport.cmake
[1.667s] -- Up-to-date: /home/rony/Documents/inmind/Session07/Rony-TurtleBot-Session7/ros2_ws/src/install/turtle_controller_interfaces/share/turtle_controller_interfaces/cmake/export_turtle_controller_interfaces__rosidl_typesupport_fastrtps_cppExport.cmake
[1.667s] -- Up-to-date: /home/rony/Documents/inmind/Session07/Rony-TurtleBot-Session7/ros2_ws/src/install/turtle_controller_interfaces/share/turtle_controller_interfaces/cmake/export_turtle_controller_interfaces__rosidl_typesupport_fastrtps_cppExport-noconfig.cmake
[1.667s] -- Up-to-date: /home/rony/Documents/inmind/Session07/Rony-TurtleBot-Session7/ros2_ws/src/install/turtle_controller_interfaces/share/turtle_controller_interfaces/cmake/turtle_controller_interfaces__rosidl_typesupport_introspection_cExport.cmake
[1.667s] -- Up-to-date: /home/rony/Documents/inmind/Session07/Rony-TurtleBot-Session7/ros2_ws/src/install/turtle_controller_interfaces/share/turtle_controller_interfaces/cmake/turtle_controller_interfaces__rosidl_typesupport_introspection_cExport-noconfig.cmake
[1.667s] -- Up-to-date: /home/rony/Documents/inmind/Session07/Rony-TurtleBot-Session7/ros2_ws/src/install/turtle_controller_interfaces/share/turtle_controller_interfaces/cmake/turtle_controller_interfaces__rosidl_typesupport_cExport.cmake
[1.667s] -- Up-to-date: /home/rony/Documents/inmind/Session07/Rony-TurtleBot-Session7/ros2_ws/src/install/turtle_controller_interfaces/share/turtle_controller_interfaces/cmake/turtle_controller_interfaces__rosidl_typesupport_cExport-noconfig.cmake
[1.667s] -- Up-to-date: /home/rony/Documents/inmind/Session07/Rony-TurtleBot-Session7/ros2_ws/src/install/turtle_controller_interfaces/share/turtle_controller_interfaces/cmake/turtle_controller_interfaces__rosidl_typesupport_introspection_cppExport.cmake
[1.667s] -- Up-to-date: /home/rony/Documents/inmind/Session07/Rony-TurtleBot-Session7/ros2_ws/src/install/turtle_controller_interfaces/share/turtle_controller_interfaces/cmake/turtle_controller_interfaces__rosidl_typesupport_introspection_cppExport-noconfig.cmake
[1.667s] -- Up-to-date: /home/rony/Documents/inmind/Session07/Rony-TurtleBot-Session7/ros2_ws/src/install/turtle_controller_interfaces/share/turtle_controller_interfaces/cmake/turtle_controller_interfaces__rosidl_typesupport_cppExport.cmake
[1.667s] -- Up-to-date: /home/rony/Documents/inmind/Session07/Rony-TurtleBot-Session7/ros2_ws/src/install/turtle_controller_interfaces/share/turtle_controller_interfaces/cmake/turtle_controller_interfaces__rosidl_typesupport_cppExport-noconfig.cmake
[1.667s] -- Up-to-date: /home/rony/Documents/inmind/Session07/Rony-TurtleBot-Session7/ros2_ws/src/install/turtle_controller_interfaces/share/turtle_controller_interfaces/cmake/export_turtle_controller_interfaces__rosidl_generator_pyExport.cmake
[1.667s] -- Up-to-date: /home/rony/Documents/inmind/Session07/Rony-TurtleBot-Session7/ros2_ws/src/install/turtle_controller_interfaces/share/turtle_controller_interfaces/cmake/export_turtle_controller_interfaces__rosidl_generator_pyExport-noconfig.cmake
[1.667s] -- Up-to-date: /home/rony/Documents/inmind/Session07/Rony-TurtleBot-Session7/ros2_ws/src/install/turtle_controller_interfaces/share/turtle_controller_interfaces/cmake/rosidl_cmake-extras.cmake
[1.668s] -- Up-to-date: /home/rony/Documents/inmind/Session07/Rony-TurtleBot-Session7/ros2_ws/src/install/turtle_controller_interfaces/share/turtle_controller_interfaces/cmake/ament_cmake_export_dependencies-extras.cmake
[1.668s] -- Up-to-date: /home/rony/Documents/inmind/Session07/Rony-TurtleBot-Session7/ros2_ws/src/install/turtle_controller_interfaces/share/turtle_controller_interfaces/cmake/ament_cmake_export_include_directories-extras.cmake
[1.668s] -- Up-to-date: /home/rony/Documents/inmind/Session07/Rony-TurtleBot-Session7/ros2_ws/src/install/turtle_controller_interfaces/share/turtle_controller_interfaces/cmake/ament_cmake_export_libraries-extras.cmake
[1.668s] -- Up-to-date: /home/rony/Documents/inmind/Session07/Rony-TurtleBot-Session7/ros2_ws/src/install/turtle_controller_interfaces/share/turtle_controller_interfaces/cmake/ament_cmake_export_targets-extras.cmake
[1.668s] -- Up-to-date: /home/rony/Documents/inmind/Session07/Rony-TurtleBot-Session7/ros2_ws/src/install/turtle_controller_interfaces/share/turtle_controller_interfaces/cmake/rosidl_cmake_export_typesupport_targets-extras.cmake
[1.668s] -- Up-to-date: /home/rony/Documents/inmind/Session07/Rony-TurtleBot-Session7/ros2_ws/src/install/turtle_controller_interfaces/share/turtle_controller_interfaces/cmake/rosidl_cmake_export_typesupport_libraries-extras.cmake
[1.668s] -- Up-to-date: /home/rony/Documents/inmind/Session07/Rony-TurtleBot-Session7/ros2_ws/src/install/turtle_controller_interfaces/share/turtle_controller_interfaces/cmake/turtle_controller_interfacesConfig.cmake
[1.668s] -- Up-to-date: /home/rony/Documents/inmind/Session07/Rony-TurtleBot-Session7/ros2_ws/src/install/turtle_controller_interfaces/share/turtle_controller_interfaces/cmake/turtle_controller_interfacesConfig-version.cmake
[1.668s] -- Up-to-date: /home/rony/Documents/inmind/Session07/Rony-TurtleBot-Session7/ros2_ws/src/install/turtle_controller_interfaces/share/turtle_controller_interfaces/package.xml
[1.670s] Invoked command in '/home/rony/Rony-TurtleBot-Session7/ros2_ws/src/build/turtle_controller_interfaces' returned '0': CMAKE_PREFIX_PATH=${CMAKE_PREFIX_PATH}:/home/rony/Rony-TurtleBot-Session7/ros2_ws/src/install/turtle_controller:/home/rony/Documents/inmind/Session07/Rony-TurtleBot-Session7/ros2_ws/src/install/turtle_controller_interfaces:/home/rony/Documents/inmind/Session07/Rony-TurtleBot-Session7/ros2_ws/src/install/turtle_controller:/opt/ros/humble /usr/bin/cmake --install /home/rony/Rony-TurtleBot-Session7/ros2_ws/src/build/turtle_controller_interfaces
