[0.563s] Invoking command in '/home/rony/Rony-TurtleBot-Session7/ros2_ws/src/turtle_controller': PYTHONPATH=/home/rony/Rony-TurtleBot-Session7/ros2_ws/src/build/turtle_controller/prefix_override:/usr/lib/python3/dist-packages/colcon_core/task/python/colcon_distutils_commands:/home/rony/Rony-TurtleBot-Session7/ros2_ws/src/install/turtle_controller/lib/python3.10/site-packages:${PYTHONPATH} /usr/bin/python3 -W ignore:setup.py install is deprecated setup.py egg_info --egg-base ../build/turtle_controller build --build-base /home/rony/Rony-TurtleBot-Session7/ros2_ws/src/build/turtle_controller/build install --record /home/rony/Rony-TurtleBot-Session7/ros2_ws/src/build/turtle_controller/install.log --single-version-externally-managed install_data
[0.740s] running egg_info
[0.751s] writing ../build/turtle_controller/turtle_controller.egg-info/PKG-INFO
[0.751s] writing dependency_links to ../build/turtle_controller/turtle_controller.egg-info/dependency_links.txt
[0.752s] writing entry points to ../build/turtle_controller/turtle_controller.egg-info/entry_points.txt
[0.752s] writing requirements to ../build/turtle_controller/turtle_controller.egg-info/requires.txt
[0.752s] writing top-level names to ../build/turtle_controller/turtle_controller.egg-info/top_level.txt
[0.775s] reading manifest file '../build/turtle_controller/turtle_controller.egg-info/SOURCES.txt'
[0.776s] writing manifest file '../build/turtle_controller/turtle_controller.egg-info/SOURCES.txt'
[0.776s] running build
[0.776s] running build_py
[0.776s] copying turtle_controller/wall_finder_srv.py -> /home/rony/Rony-TurtleBot-Session7/ros2_ws/src/build/turtle_controller/build/lib/turtle_controller
[0.777s] running install
[0.782s] running install_lib
[0.792s] copying /home/rony/Rony-TurtleBot-Session7/ros2_ws/src/build/turtle_controller/build/lib/turtle_controller/wall_finder_srv.py -> /home/rony/Rony-TurtleBot-Session7/ros2_ws/src/install/turtle_controller/lib/python3.10/site-packages/turtle_controller
[0.792s] byte-compiling /home/rony/Rony-TurtleBot-Session7/ros2_ws/src/install/turtle_controller/lib/python3.10/site-packages/turtle_controller/wall_finder_srv.py to wall_finder_srv.cpython-310.pyc
[0.793s] running install_data
[0.793s] running install_egg_info
[0.805s] removing '/home/rony/Rony-TurtleBot-Session7/ros2_ws/src/install/turtle_controller/lib/python3.10/site-packages/turtle_controller-0.0.0-py3.10.egg-info' (and everything under it)
[0.805s] Copying ../build/turtle_controller/turtle_controller.egg-info to /home/rony/Rony-TurtleBot-Session7/ros2_ws/src/install/turtle_controller/lib/python3.10/site-packages/turtle_controller-0.0.0-py3.10.egg-info
[0.806s] running install_scripts
[0.919s] Installing driver_node script to /home/rony/Rony-TurtleBot-Session7/ros2_ws/src/install/turtle_controller/lib/turtle_controller
[0.919s] Installing lap_action_client script to /home/rony/Rony-TurtleBot-Session7/ros2_ws/src/install/turtle_controller/lib/turtle_controller
[0.919s] Installing lap_action_srv script to /home/rony/Rony-TurtleBot-Session7/ros2_ws/src/install/turtle_controller/lib/turtle_controller
[0.919s] Installing tester_node script to /home/rony/Rony-TurtleBot-Session7/ros2_ws/src/install/turtle_controller/lib/turtle_controller
[0.919s] Installing wall_finder_server script to /home/rony/Rony-TurtleBot-Session7/ros2_ws/src/install/turtle_controller/lib/turtle_controller
[0.920s] writing list of installed files to '/home/rony/Rony-TurtleBot-Session7/ros2_ws/src/build/turtle_controller/install.log'
[0.952s] Invoked command in '/home/rony/Rony-TurtleBot-Session7/ros2_ws/src/turtle_controller' returned '0': PYTHONPATH=/home/rony/Rony-TurtleBot-Session7/ros2_ws/src/build/turtle_controller/prefix_override:/usr/lib/python3/dist-packages/colcon_core/task/python/colcon_distutils_commands:/home/rony/Rony-TurtleBot-Session7/ros2_ws/src/install/turtle_controller/lib/python3.10/site-packages:${PYTHONPATH} /usr/bin/python3 -W ignore:setup.py install is deprecated setup.py egg_info --egg-base ../build/turtle_controller build --build-base /home/rony/Rony-TurtleBot-Session7/ros2_ws/src/build/turtle_controller/build install --record /home/rony/Rony-TurtleBot-Session7/ros2_ws/src/build/turtle_controller/install.log --single-version-externally-managed install_data
