[0.596s] Invoking command in '/home/rony/Rony-TurtleBot-Session7/ros2_ws/src/turtle_controller': PYTHONPATH=/home/rony/Rony-TurtleBot-Session7/ros2_ws/src/build/turtle_controller/prefix_override:/usr/lib/python3/dist-packages/colcon_core/task/python/colcon_distutils_commands:/home/rony/Rony-TurtleBot-Session7/ros2_ws/src/install/turtle_controller/lib/python3.10/site-packages:${PYTHONPATH} /usr/bin/python3 -W ignore:setup.py install is deprecated setup.py egg_info --egg-base ../build/turtle_controller build --build-base /home/rony/Rony-TurtleBot-Session7/ros2_ws/src/build/turtle_controller/build install --record /home/rony/Rony-TurtleBot-Session7/ros2_ws/src/build/turtle_controller/install.log --single-version-externally-managed install_data
[0.784s] running egg_info
[0.795s] writing ../build/turtle_controller/turtle_controller.egg-info/PKG-INFO
[0.795s] writing dependency_links to ../build/turtle_controller/turtle_controller.egg-info/dependency_links.txt
[0.795s] writing entry points to ../build/turtle_controller/turtle_controller.egg-info/entry_points.txt
[0.795s] writing requirements to ../build/turtle_controller/turtle_controller.egg-info/requires.txt
[0.795s] writing top-level names to ../build/turtle_controller/turtle_controller.egg-info/top_level.txt
[0.817s] reading manifest file '../build/turtle_controller/turtle_controller.egg-info/SOURCES.txt'
[0.818s] writing manifest file '../build/turtle_controller/turtle_controller.egg-info/SOURCES.txt'
[0.818s] running build
[0.818s] running build_py
[0.818s] running install
[0.823s] running install_lib
[0.839s] running install_data
[0.840s] running install_egg_info
[0.858s] removing '/home/rony/Rony-TurtleBot-Session7/ros2_ws/src/install/turtle_controller/lib/python3.10/site-packages/turtle_controller-0.0.0-py3.10.egg-info' (and everything under it)
[0.858s] Copying ../build/turtle_controller/turtle_controller.egg-info to /home/rony/Rony-TurtleBot-Session7/ros2_ws/src/install/turtle_controller/lib/python3.10/site-packages/turtle_controller-0.0.0-py3.10.egg-info
[0.858s] running install_scripts
[0.979s] Installing driver_node script to /home/rony/Rony-TurtleBot-Session7/ros2_ws/src/install/turtle_controller/lib/turtle_controller
[0.979s] Installing lap_action_client script to /home/rony/Rony-TurtleBot-Session7/ros2_ws/src/install/turtle_controller/lib/turtle_controller
[0.979s] Installing lap_action_srv script to /home/rony/Rony-TurtleBot-Session7/ros2_ws/src/install/turtle_controller/lib/turtle_controller
[0.980s] Installing tester_node script to /home/rony/Rony-TurtleBot-Session7/ros2_ws/src/install/turtle_controller/lib/turtle_controller
[0.980s] Installing wall_finder_server script to /home/rony/Rony-TurtleBot-Session7/ros2_ws/src/install/turtle_controller/lib/turtle_controller
[0.980s] writing list of installed files to '/home/rony/Rony-TurtleBot-Session7/ros2_ws/src/build/turtle_controller/install.log'
[1.012s] Invoked command in '/home/rony/Rony-TurtleBot-Session7/ros2_ws/src/turtle_controller' returned '0': PYTHONPATH=/home/rony/Rony-TurtleBot-Session7/ros2_ws/src/build/turtle_controller/prefix_override:/usr/lib/python3/dist-packages/colcon_core/task/python/colcon_distutils_commands:/home/rony/Rony-TurtleBot-Session7/ros2_ws/src/install/turtle_controller/lib/python3.10/site-packages:${PYTHONPATH} /usr/bin/python3 -W ignore:setup.py install is deprecated setup.py egg_info --egg-base ../build/turtle_controller build --build-base /home/rony/Rony-TurtleBot-Session7/ros2_ws/src/build/turtle_controller/build install --record /home/rony/Rony-TurtleBot-Session7/ros2_ws/src/build/turtle_controller/install.log --single-version-externally-managed install_data
