[0.499s] Invoking command in '/home/rony/Documents/inmind/Session07/Rony-TurtleBot-Session7/ros2_ws/src/turtle_controller': PYTHONPATH=/home/rony/Documents/inmind/Session07/Rony-TurtleBot-Session7/ros2_ws/build/turtle_controller/prefix_override:/usr/lib/python3/dist-packages/colcon_core/task/python/colcon_distutils_commands:/home/rony/Documents/inmind/Session07/Rony-TurtleBot-Session7/ros2_ws/install/turtle_controller/lib/python3.10/site-packages:${PYTHONPATH} /usr/bin/python3 -W ignore:setup.py install is deprecated setup.py egg_info --egg-base ../../build/turtle_controller build --build-base /home/rony/Documents/inmind/Session07/Rony-TurtleBot-Session7/ros2_ws/build/turtle_controller/build install --record /home/rony/Documents/inmind/Session07/Rony-TurtleBot-Session7/ros2_ws/build/turtle_controller/install.log --single-version-externally-managed install_data
[0.655s] running egg_info
[0.656s] creating ../../build/turtle_controller/turtle_controller.egg-info
[0.665s] writing ../../build/turtle_controller/turtle_controller.egg-info/PKG-INFO
[0.665s] writing dependency_links to ../../build/turtle_controller/turtle_controller.egg-info/dependency_links.txt
[0.665s] writing requirements to ../../build/turtle_controller/turtle_controller.egg-info/requires.txt
[0.665s] writing top-level names to ../../build/turtle_controller/turtle_controller.egg-info/top_level.txt
[0.665s] writing manifest file '../../build/turtle_controller/turtle_controller.egg-info/SOURCES.txt'
[0.684s] reading manifest file '../../build/turtle_controller/turtle_controller.egg-info/SOURCES.txt'
[0.685s] writing manifest file '../../build/turtle_controller/turtle_controller.egg-info/SOURCES.txt'
[0.685s] running build
[0.685s] running build_py
[0.685s] creating /home/rony/Documents/inmind/Session07/Rony-TurtleBot-Session7/ros2_ws/build/turtle_controller/build
[0.685s] creating /home/rony/Documents/inmind/Session07/Rony-TurtleBot-Session7/ros2_ws/build/turtle_controller/build/lib
[0.685s] creating /home/rony/Documents/inmind/Session07/Rony-TurtleBot-Session7/ros2_ws/build/turtle_controller/build/lib/turtle_controller
[0.685s] copying turtle_controller/__init__.py -> /home/rony/Documents/inmind/Session07/Rony-TurtleBot-Session7/ros2_ws/build/turtle_controller/build/lib/turtle_controller
[0.685s] running install
[0.690s] running install_lib
[0.699s] creating /home/rony/Documents/inmind/Session07/Rony-TurtleBot-Session7/ros2_ws/install/turtle_controller/lib/python3.10/site-packages/turtle_controller
[0.699s] copying /home/rony/Documents/inmind/Session07/Rony-TurtleBot-Session7/ros2_ws/build/turtle_controller/build/lib/turtle_controller/__init__.py -> /home/rony/Documents/inmind/Session07/Rony-TurtleBot-Session7/ros2_ws/install/turtle_controller/lib/python3.10/site-packages/turtle_controller
[0.699s] byte-compiling /home/rony/Documents/inmind/Session07/Rony-TurtleBot-Session7/ros2_ws/install/turtle_controller/lib/python3.10/site-packages/turtle_controller/__init__.py to __init__.cpython-310.pyc
[0.699s] running install_data
[0.699s] creating /home/rony/Documents/inmind/Session07/Rony-TurtleBot-Session7/ros2_ws/install/turtle_controller/share/ament_index
[0.699s] creating /home/rony/Documents/inmind/Session07/Rony-TurtleBot-Session7/ros2_ws/install/turtle_controller/share/ament_index/resource_index
[0.700s] creating /home/rony/Documents/inmind/Session07/Rony-TurtleBot-Session7/ros2_ws/install/turtle_controller/share/ament_index/resource_index/packages
[0.700s] copying resource/turtle_controller -> /home/rony/Documents/inmind/Session07/Rony-TurtleBot-Session7/ros2_ws/install/turtle_controller/share/ament_index/resource_index/packages
[0.700s] copying package.xml -> /home/rony/Documents/inmind/Session07/Rony-TurtleBot-Session7/ros2_ws/install/turtle_controller/share/turtle_controller
[0.700s] running install_egg_info
[0.710s] Copying ../../build/turtle_controller/turtle_controller.egg-info to /home/rony/Documents/inmind/Session07/Rony-TurtleBot-Session7/ros2_ws/install/turtle_controller/lib/python3.10/site-packages/turtle_controller-0.0.0-py3.10.egg-info
[0.711s] running install_scripts
[0.813s] writing list of installed files to '/home/rony/Documents/inmind/Session07/Rony-TurtleBot-Session7/ros2_ws/build/turtle_controller/install.log'
[0.836s] Invoked command in '/home/rony/Documents/inmind/Session07/Rony-TurtleBot-Session7/ros2_ws/src/turtle_controller' returned '0': PYTHONPATH=/home/rony/Documents/inmind/Session07/Rony-TurtleBot-Session7/ros2_ws/build/turtle_controller/prefix_override:/usr/lib/python3/dist-packages/colcon_core/task/python/colcon_distutils_commands:/home/rony/Documents/inmind/Session07/Rony-TurtleBot-Session7/ros2_ws/install/turtle_controller/lib/python3.10/site-packages:${PYTHONPATH} /usr/bin/python3 -W ignore:setup.py install is deprecated setup.py egg_info --egg-base ../../build/turtle_controller build --build-base /home/rony/Documents/inmind/Session07/Rony-TurtleBot-Session7/ros2_ws/build/turtle_controller/build install --record /home/rony/Documents/inmind/Session07/Rony-TurtleBot-Session7/ros2_ws/build/turtle_controller/install.log --single-version-externally-managed install_data
