[0.007s] Invoking command in '/home/rony/Documents/inmind/Session07/Rony-TurtleBot-Session7/ros2_ws/src/turtle_controller_interfaces/build/turtle_controller_interfaces': CMAKE_PREFIX_PATH=/opt/ros/humble:/home/rony/Documents/inmind/Session07/Rony-TurtleBot-Session7/ros2_ws/src/install/turtle_controller /usr/bin/cmake /home/rony/Documents/inmind/Session07/Rony-TurtleBot-Session7/ros2_ws/src/turtle_controller_interfaces -DCMAKE_INSTALL_PREFIX=/home/rony/Documents/inmind/Session07/Rony-TurtleBot-Session7/ros2_ws/src/turtle_controller_interfaces/install/turtle_controller_interfaces
[0.048s] -- The C compiler identification is GNU 11.4.0
[0.090s] -- The CXX compiler identification is GNU 11.4.0
[0.095s] -- Detecting C compiler ABI info
[0.147s] -- Detecting C compiler ABI info - done
[0.152s] -- Check for working C compiler: /usr/bin/cc - skipped
[0.152s] -- Detecting C compile features
[0.153s] -- Detecting C compile features - done
[0.155s] -- Detecting CXX compiler ABI info
[0.213s] -- Detecting CXX compiler ABI info - done
[0.218s] -- Check for working CXX compiler: /usr/bin/c++ - skipped
[0.219s] -- Detecting CXX compile features
[0.219s] -- Detecting CXX compile features - done
[0.220s] -- Found ament_cmake: 1.3.9 (/opt/ros/humble/share/ament_cmake/cmake)
[0.472s] -- Found Python3: /usr/bin/python3 (found version "3.10.12") found components: Interpreter 
[0.533s] -- Found rclpy: 3.3.13 (/opt/ros/humble/share/rclpy/cmake)
[0.534s] -- Found std_msgs: 4.2.4 (/opt/ros/humble/share/std_msgs/cmake)
[0.558s] -- Found rosidl_generator_c: 3.1.5 (/opt/ros/humble/share/rosidl_generator_c/cmake)
[0.561s] -- Found rosidl_adapter: 3.1.5 (/opt/ros/humble/share/rosidl_adapter/cmake)
[0.566s] -- Found rosidl_generator_cpp: 3.1.5 (/opt/ros/humble/share/rosidl_generator_cpp/cmake)
[0.576s] -- Using all available rosidl_typesupport_c: rosidl_typesupport_fastrtps_c;rosidl_typesupport_introspection_c
[0.597s] -- Using all available rosidl_typesupport_cpp: rosidl_typesupport_fastrtps_cpp;rosidl_typesupport_introspection_cpp
[0.648s] -- Found rosidl_default_generators: 1.2.0 (/opt/ros/humble/share/rosidl_default_generators/cmake)
[0.874s] [31mCMake Error at /opt/ros/humble/share/rosidl_cmake/cmake/rosidl_generate_interfaces.cmake:229 (message):
[0.874s]   Packages installing interfaces must include
[0.874s]   '<member_of_group>rosidl_interface_packages</member_of_group>' in their
[0.874s]   package.xml
[0.874s] Call Stack (most recent call first):
[0.874s]   CMakeLists.txt:14 (rosidl_generate_interfaces)
[0.874s] 
[0.874s] [0m
[0.874s] -- Configuring incomplete, errors occurred!
[0.875s] See also "/home/rony/Documents/inmind/Session07/Rony-TurtleBot-Session7/ros2_ws/src/turtle_controller_interfaces/build/turtle_controller_interfaces/CMakeFiles/CMakeOutput.log".
[0.880s] Invoked command in '/home/rony/Documents/inmind/Session07/Rony-TurtleBot-Session7/ros2_ws/src/turtle_controller_interfaces/build/turtle_controller_interfaces' returned '1': CMAKE_PREFIX_PATH=/opt/ros/humble:/home/rony/Documents/inmind/Session07/Rony-TurtleBot-Session7/ros2_ws/src/install/turtle_controller /usr/bin/cmake /home/rony/Documents/inmind/Session07/Rony-TurtleBot-Session7/ros2_ws/src/turtle_controller_interfaces -DCMAKE_INSTALL_PREFIX=/home/rony/Documents/inmind/Session07/Rony-TurtleBot-Session7/ros2_ws/src/turtle_controller_interfaces/install/turtle_controller_interfaces
